-- Found ament_cmake: 1.3.9 (/opt/ros/humble/share/ament_cmake/cmake)
-- Found rosidl_default_generators: 1.2.0 (/opt/ros/humble/share/rosidl_default_generators/cmake)
-- Using all available rosidl_typesupport_c: rosidl_typesupport_fastrtps_c;rosidl_typesupport_introspection_c
-- Found rosidl_adapter: 3.1.5 (/opt/ros/humble/share/rosidl_adapter/cmake)
-- Using all available rosidl_typesupport_cpp: rosidl_typesupport_fastrtps_cpp;rosidl_typesupport_introspection_cpp
-- Found rclcpp: 16.0.9 (/opt/ros/humble/share/rclcpp/cmake)
-- Found rmw_implementation_cmake: 6.1.2 (/opt/ros/humble/share/rmw_implementation_cmake/cmake)
-- Found rmw_fastrtps_cpp: 6.2.6 (/opt/ros/humble/share/rmw_fastrtps_cpp/cmake)
-- Using RMW implementation 'rmw_fastrtps_cpp' as default
-- Found rclcpp_components: 16.0.9 (/opt/ros/humble/share/rclcpp_components/cmake)
[31mCMake Error at /opt/ros/humble/share/rosidl_cmake/cmake/rosidl_generate_interfaces.cmake:213 (add_custom_target):
  add_custom_target cannot create target "esda_ros_interface" because another
  target with the same name already exists.  The existing target is a shared
  library created in source directory
  "/home/samue/GitHub/esda-ros-firmware/src/esda_ros_interface".  See
  documentation for policy CMP0002 for more details.
Call Stack (most recent call first):
  CMakeLists.txt:24 (rosidl_generate_interfaces)

[0m
[0mCMake Deprecation Warning at /opt/ros/humble/share/rosidl_cmake/cmake/rosidl_target_interfaces.cmake:32 (message):
  Use rosidl_get_typesupport_target() and target_link_libraries() instead of
  rosidl_target_interfaces()
Call Stack (most recent call first):
  CMakeLists.txt:45 (rosidl_target_interfaces)

[0m
[31mCMake Error at /opt/ros/humble/share/rosidl_cmake/cmake/rosidl_target_interfaces.cmake:47 (message):
  rosidl_target_interfaces() the second argument 'esda_ros_interface'
  concatenated with the third argument 'rosidl_typesupport_cpp' using double
  underscores must be a valid target name
Call Stack (most recent call first):
  CMakeLists.txt:45 (rosidl_target_interfaces)

[0m
-- Configuring incomplete, errors occurred!
See also "/home/samue/GitHub/esda-ros-firmware/src/build/esda_ros_interface/CMakeFiles/CMakeOutput.log".
gmake: *** [Makefile:829: cmake_check_build_system] Error 1
