[0.023s] Invoking command in '/home/samue/GitHub/esda-ros-firmware/src/build/esda_ros_interface': CMAKE_PREFIX_PATH=${CMAKE_PREFIX_PATH}:/home/samue/install/launch_testing_examples:/home/samue/install/examples_rclpy_pointcloud_publisher:/home/samue/install/examples_rclpy_minimal_subscriber:/home/samue/install/examples_rclpy_minimal_service:/home/samue/install/examples_rclpy_minimal_publisher:/home/samue/install/examples_rclpy_minimal_client:/home/samue/install/examples_rclpy_minimal_action_server:/home/samue/install/examples_rclpy_minimal_action_client:/home/samue/install/examples_rclpy_guard_conditions:/home/samue/install/examples_rclpy_executors:/opt/ros/humble WSLENV=ELECTRON_RUN_AS_NODE/w: /usr/bin/cmake --build /home/samue/GitHub/esda-ros-firmware/src/build/esda_ros_interface -- -j20 -l20
[0.111s] -- Found ament_cmake: 1.3.9 (/opt/ros/humble/share/ament_cmake/cmake)
[0.312s] -- Found rosidl_default_generators: 1.2.0 (/opt/ros/humble/share/rosidl_default_generators/cmake)
[0.318s] -- Using all available rosidl_typesupport_c: rosidl_typesupport_fastrtps_c;rosidl_typesupport_introspection_c
[0.324s] -- Found rosidl_adapter: 3.1.5 (/opt/ros/humble/share/rosidl_adapter/cmake)
[0.861s] -- Using all available rosidl_typesupport_cpp: rosidl_typesupport_fastrtps_cpp;rosidl_typesupport_introspection_cpp
[0.901s] -- Found rclcpp: 16.0.9 (/opt/ros/humble/share/rclcpp/cmake)
[1.018s] -- Found rmw_implementation_cmake: 6.1.2 (/opt/ros/humble/share/rmw_implementation_cmake/cmake)
[1.022s] -- Found rmw_fastrtps_cpp: 6.2.6 (/opt/ros/humble/share/rmw_fastrtps_cpp/cmake)
[20.929s] -- Using RMW implementation 'rmw_fastrtps_cpp' as default
[21.097s] -- Found rclcpp_components: 16.0.9 (/opt/ros/humble/share/rclcpp_components/cmake)
[21.354s] [31mCMake Error at /opt/ros/humble/share/rosidl_cmake/cmake/rosidl_generate_interfaces.cmake:213 (add_custom_target):
[21.354s]   add_custom_target cannot create target "esda_ros_interface" because another
[21.354s]   target with the same name already exists.  The existing target is a shared
[21.354s]   library created in source directory
[21.354s]   "/home/samue/GitHub/esda-ros-firmware/src/esda_ros_interface".  See
[21.354s]   documentation for policy CMP0002 for more details.
[21.355s] Call Stack (most recent call first):
[21.355s]   CMakeLists.txt:24 (rosidl_generate_interfaces)
[21.355s] 
[21.355s] [0m
[21.359s] [0mCMake Deprecation Warning at /opt/ros/humble/share/rosidl_cmake/cmake/rosidl_target_interfaces.cmake:32 (message):
[21.359s]   Use rosidl_get_typesupport_target() and target_link_libraries() instead of
[21.359s]   rosidl_target_interfaces()
[21.359s] Call Stack (most recent call first):
[21.360s]   CMakeLists.txt:45 (rosidl_target_interfaces)
[21.360s] 
[21.360s] [0m
[21.360s] [31mCMake Error at /opt/ros/humble/share/rosidl_cmake/cmake/rosidl_target_interfaces.cmake:47 (message):
[21.360s]   rosidl_target_interfaces() the second argument 'esda_ros_interface'
[21.360s]   concatenated with the third argument 'rosidl_typesupport_cpp' using double
[21.360s]   underscores must be a valid target name
[21.360s] Call Stack (most recent call first):
[21.360s]   CMakeLists.txt:45 (rosidl_target_interfaces)
[21.360s] 
[21.360s] [0m
[21.360s] -- Configuring incomplete, errors occurred!
[21.360s] See also "/home/samue/GitHub/esda-ros-firmware/src/build/esda_ros_interface/CMakeFiles/CMakeOutput.log".
[21.373s] gmake: *** [Makefile:829: cmake_check_build_system] Error 1
[21.376s] Invoked command in '/home/samue/GitHub/esda-ros-firmware/src/build/esda_ros_interface' returned '2': CMAKE_PREFIX_PATH=${CMAKE_PREFIX_PATH}:/home/samue/install/launch_testing_examples:/home/samue/install/examples_rclpy_pointcloud_publisher:/home/samue/install/examples_rclpy_minimal_subscriber:/home/samue/install/examples_rclpy_minimal_service:/home/samue/install/examples_rclpy_minimal_publisher:/home/samue/install/examples_rclpy_minimal_client:/home/samue/install/examples_rclpy_minimal_action_server:/home/samue/install/examples_rclpy_minimal_action_client:/home/samue/install/examples_rclpy_guard_conditions:/home/samue/install/examples_rclpy_executors:/opt/ros/humble WSLENV=ELECTRON_RUN_AS_NODE/w: /usr/bin/cmake --build /home/samue/GitHub/esda-ros-firmware/src/build/esda_ros_interface -- -j20 -l20
