[0.022s] Invoking command in '/home/samue/GitHub/esda-ros-firmware/src/build/esda_ros_interface': CMAKE_PREFIX_PATH=${CMAKE_PREFIX_PATH}:/home/samue/install/launch_testing_examples:/home/samue/install/examples_rclpy_pointcloud_publisher:/home/samue/install/examples_rclpy_minimal_subscriber:/home/samue/install/examples_rclpy_minimal_service:/home/samue/install/examples_rclpy_minimal_publisher:/home/samue/install/examples_rclpy_minimal_client:/home/samue/install/examples_rclpy_minimal_action_server:/home/samue/install/examples_rclpy_minimal_action_client:/home/samue/install/examples_rclpy_guard_conditions:/home/samue/install/examples_rclpy_executors:/opt/ros/humble WSLENV=ELECTRON_RUN_AS_NODE/w: /usr/bin/cmake --build /home/samue/GitHub/esda-ros-firmware/src/build/esda_ros_interface -- -j20 -l20
[0.159s] [  8%] Built target esda_ros_interface__rosidl_generator_c
[0.162s] [ 11%] Built target esda_ros_interface__cpp
[0.174s] [ 17%] Built target esda_serial_to_pc_node
[0.174s] [ 17%] Built target ament_cmake_python_copy_esda_ros_interface
[0.186s] [ 25%] Built target esda_ros_interface__rosidl_typesupport_introspection_c
[0.187s] [ 34%] Built target esda_ros_interface__rosidl_typesupport_fastrtps_cpp
[0.194s] [ 42%] Built target esda_ros_interface__rosidl_typesupport_c
[0.195s] [ 51%] Built target esda_ros_interface__rosidl_typesupport_fastrtps_c
[0.195s] [ 60%] Built target esda_ros_interface__rosidl_typesupport_introspection_cpp
[0.197s] [ 68%] Built target esda_ros_interface__rosidl_typesupport_cpp
[0.214s] [ 68%] Built target esda_ros_interface
[0.229s] [35m[1mConsolidate compiler generated dependencies of target esda_serial_to_pc[0m
[0.234s] [ 71%] Built target esda_ros_interface__py
[0.244s] [ 74%] [32mBuilding CXX object CMakeFiles/esda_serial_to_pc.dir/src/esda_serial_to_pc.cpp.o[0m
[0.252s] [ 80%] Built target esda_ros_interface__rosidl_generator_py
[0.273s] [ 88%] Built target esda_ros_interface__rosidl_typesupport_c__pyext
[0.273s] [ 97%] Built target esda_ros_interface__rosidl_typesupport_introspection_c__pyext
[0.273s] [ 97%] Built target esda_ros_interface__rosidl_typesupport_fastrtps_c__pyext
[0.409s] running egg_info
[0.410s] writing esda_ros_interface.egg-info/PKG-INFO
[0.411s] writing dependency_links to esda_ros_interface.egg-info/dependency_links.txt
[0.411s] writing top-level names to esda_ros_interface.egg-info/top_level.txt
[0.414s] reading manifest file 'esda_ros_interface.egg-info/SOURCES.txt'
[0.415s] writing manifest file 'esda_ros_interface.egg-info/SOURCES.txt'
[0.438s] [ 97%] Built target ament_cmake_python_build_esda_ros_interface_egg
[2.868s] [01m[K/home/samue/GitHub/esda-ros-firmware/src/esda_ros_interface/src/esda_serial_to_pc.cpp:14:5:[m[K [01;31m[Kerror: [m[K‘[01m[KROS2ToSerialBridge[m[K’ does not name a type
[2.868s]    14 |     [01;31m[KROS2ToSerialBridge[m[K:: ROS2ToSerialBridge(const rclcpp:: NodeOptions & node_options):
[2.869s]       |     [01;31m[K^~~~~~~~~~~~~~~~~~[m[K
[3.290s] gmake[2]: *** [CMakeFiles/esda_serial_to_pc.dir/build.make:76: CMakeFiles/esda_serial_to_pc.dir/src/esda_serial_to_pc.cpp.o] Error 1
[3.290s] gmake[1]: *** [CMakeFiles/Makefile2:596: CMakeFiles/esda_serial_to_pc.dir/all] Error 2
[3.290s] gmake: *** [Makefile:146: all] Error 2
[3.292s] Invoked command in '/home/samue/GitHub/esda-ros-firmware/src/build/esda_ros_interface' returned '2': CMAKE_PREFIX_PATH=${CMAKE_PREFIX_PATH}:/home/samue/install/launch_testing_examples:/home/samue/install/examples_rclpy_pointcloud_publisher:/home/samue/install/examples_rclpy_minimal_subscriber:/home/samue/install/examples_rclpy_minimal_service:/home/samue/install/examples_rclpy_minimal_publisher:/home/samue/install/examples_rclpy_minimal_client:/home/samue/install/examples_rclpy_minimal_action_server:/home/samue/install/examples_rclpy_minimal_action_client:/home/samue/install/examples_rclpy_guard_conditions:/home/samue/install/examples_rclpy_executors:/opt/ros/humble WSLENV=ELECTRON_RUN_AS_NODE/w: /usr/bin/cmake --build /home/samue/GitHub/esda-ros-firmware/src/build/esda_ros_interface -- -j20 -l20
