[0.027s] Invoking command in '/home/samue/GitHub/esda-ros-firmware/src/build/esda_ros_interface': CMAKE_PREFIX_PATH=${CMAKE_PREFIX_PATH}:/home/samue/install/launch_testing_examples:/home/samue/install/examples_rclpy_pointcloud_publisher:/home/samue/install/examples_rclpy_minimal_subscriber:/home/samue/install/examples_rclpy_minimal_service:/home/samue/install/examples_rclpy_minimal_publisher:/home/samue/install/examples_rclpy_minimal_client:/home/samue/install/examples_rclpy_minimal_action_server:/home/samue/install/examples_rclpy_minimal_action_client:/home/samue/install/examples_rclpy_guard_conditions:/home/samue/install/examples_rclpy_executors:/opt/ros/humble WSLENV=ELECTRON_RUN_AS_NODE/w: /usr/bin/cmake --build /home/samue/GitHub/esda-ros-firmware/src/build/esda_ros_interface -- -j20 -l20
[0.076s] [  2%] Built target esda_ros_interface__cpp
[0.096s] [  8%] Built target esda_serial_to_pc_node
[0.096s] [  8%] Built target ament_cmake_python_copy_esda_ros_interface
[0.097s] [ 17%] Built target esda_ros_interface__rosidl_generator_c
[0.110s] [ 25%] Built target esda_ros_interface__rosidl_typesupport_fastrtps_cpp
[0.110s] [ 34%] Built target esda_ros_interface__rosidl_typesupport_cpp
[0.113s] [ 42%] Built target esda_ros_interface__rosidl_typesupport_introspection_cpp
[0.124s] [ 51%] Built target esda_ros_interface__rosidl_typesupport_fastrtps_c
[0.130s] [ 60%] Built target esda_ros_interface__rosidl_typesupport_introspection_c
[0.133s] [ 68%] Built target esda_ros_interface__rosidl_typesupport_c
[0.150s] [ 68%] Built target esda_ros_interface
[0.170s] [ 71%] Built target esda_ros_interface__py
[0.176s] [ 74%] [32mBuilding CXX object CMakeFiles/esda_serial_to_pc.dir/src/esda_serial_to_pc.cpp.o[0m
[0.200s] [ 80%] Built target esda_ros_interface__rosidl_generator_py
[0.224s] [ 85%] Built target esda_ros_interface__rosidl_typesupport_introspection_c__pyext
[0.229s] [ 91%] Built target esda_ros_interface__rosidl_typesupport_fastrtps_c__pyext
[0.234s] [ 97%] Built target esda_ros_interface__rosidl_typesupport_c__pyext
[0.365s] running egg_info
[0.366s] writing esda_ros_interface.egg-info/PKG-INFO
[0.367s] writing dependency_links to esda_ros_interface.egg-info/dependency_links.txt
[0.367s] writing top-level names to esda_ros_interface.egg-info/top_level.txt
[0.368s] reading manifest file 'esda_ros_interface.egg-info/SOURCES.txt'
[0.370s] writing manifest file 'esda_ros_interface.egg-info/SOURCES.txt'
[0.395s] [ 97%] Built target ament_cmake_python_build_esda_ros_interface_egg
[3.247s] [100%] [32m[1mLinking CXX executable esda_serial_to_pc[0m
[3.690s] [100%] Built target esda_serial_to_pc
[3.699s] Invoked command in '/home/samue/GitHub/esda-ros-firmware/src/build/esda_ros_interface' returned '0': CMAKE_PREFIX_PATH=${CMAKE_PREFIX_PATH}:/home/samue/install/launch_testing_examples:/home/samue/install/examples_rclpy_pointcloud_publisher:/home/samue/install/examples_rclpy_minimal_subscriber:/home/samue/install/examples_rclpy_minimal_service:/home/samue/install/examples_rclpy_minimal_publisher:/home/samue/install/examples_rclpy_minimal_client:/home/samue/install/examples_rclpy_minimal_action_server:/home/samue/install/examples_rclpy_minimal_action_client:/home/samue/install/examples_rclpy_guard_conditions:/home/samue/install/examples_rclpy_executors:/opt/ros/humble WSLENV=ELECTRON_RUN_AS_NODE/w: /usr/bin/cmake --build /home/samue/GitHub/esda-ros-firmware/src/build/esda_ros_interface -- -j20 -l20
[3.765s] Invoking command in '/home/samue/GitHub/esda-ros-firmware/src/build/esda_ros_interface': CMAKE_PREFIX_PATH=${CMAKE_PREFIX_PATH}:/home/samue/install/launch_testing_examples:/home/samue/install/examples_rclpy_pointcloud_publisher:/home/samue/install/examples_rclpy_minimal_subscriber:/home/samue/install/examples_rclpy_minimal_service:/home/samue/install/examples_rclpy_minimal_publisher:/home/samue/install/examples_rclpy_minimal_client:/home/samue/install/examples_rclpy_minimal_action_server:/home/samue/install/examples_rclpy_minimal_action_client:/home/samue/install/examples_rclpy_guard_conditions:/home/samue/install/examples_rclpy_executors:/opt/ros/humble WSLENV=ELECTRON_RUN_AS_NODE/w: /usr/bin/cmake --install /home/samue/GitHub/esda-ros-firmware/src/build/esda_ros_interface
[3.774s] -- Install configuration: ""
[3.775s] -- Up-to-date: /home/samue/GitHub/esda-ros-firmware/src/install/esda_ros_interface/share/ament_index/resource_index/rosidl_interfaces/esda_ros_interface
[3.775s] -- Up-to-date: /home/samue/GitHub/esda-ros-firmware/src/install/esda_ros_interface/include/esda_ros_interface/esda_ros_interface
[3.775s] -- Up-to-date: /home/samue/GitHub/esda-ros-firmware/src/install/esda_ros_interface/include/esda_ros_interface/esda_ros_interface/msg
[3.775s] -- Up-to-date: /home/samue/GitHub/esda-ros-firmware/src/install/esda_ros_interface/include/esda_ros_interface/esda_ros_interface/msg/esda_message.h
[3.775s] -- Up-to-date: /home/samue/GitHub/esda-ros-firmware/src/install/esda_ros_interface/include/esda_ros_interface/esda_ros_interface/msg/rosidl_generator_c__visibility_control.h
[3.776s] -- Up-to-date: /home/samue/GitHub/esda-ros-firmware/src/install/esda_ros_interface/include/esda_ros_interface/esda_ros_interface/msg/detail
[3.776s] -- Up-to-date: /home/samue/GitHub/esda-ros-firmware/src/install/esda_ros_interface/include/esda_ros_interface/esda_ros_interface/msg/detail/esda_message__type_support.h
[3.776s] -- Up-to-date: /home/samue/GitHub/esda-ros-firmware/src/install/esda_ros_interface/include/esda_ros_interface/esda_ros_interface/msg/detail/esda_message__functions.c
[3.777s] -- Up-to-date: /home/samue/GitHub/esda-ros-firmware/src/install/esda_ros_interface/include/esda_ros_interface/esda_ros_interface/msg/detail/esda_message__functions.h
[3.778s] -- Up-to-date: /home/samue/GitHub/esda-ros-firmware/src/install/esda_ros_interface/include/esda_ros_interface/esda_ros_interface/msg/detail/esda_message__struct.h
[3.778s] -- Up-to-date: /home/samue/GitHub/esda-ros-firmware/src/install/esda_ros_interface/share/esda_ros_interface/environment/library_path.sh
[3.779s] -- Up-to-date: /home/samue/GitHub/esda-ros-firmware/src/install/esda_ros_interface/share/esda_ros_interface/environment/library_path.dsv
[3.779s] -- Up-to-date: /home/samue/GitHub/esda-ros-firmware/src/install/esda_ros_interface/lib/libesda_ros_interface__rosidl_generator_c.so
[3.780s] -- Up-to-date: /home/samue/GitHub/esda-ros-firmware/src/install/esda_ros_interface/include/esda_ros_interface/esda_ros_interface
[3.780s] -- Up-to-date: /home/samue/GitHub/esda-ros-firmware/src/install/esda_ros_interface/include/esda_ros_interface/esda_ros_interface/msg
[3.780s] -- Up-to-date: /home/samue/GitHub/esda-ros-firmware/src/install/esda_ros_interface/include/esda_ros_interface/esda_ros_interface/msg/rosidl_typesupport_fastrtps_c__visibility_control.h
[3.780s] -- Up-to-date: /home/samue/GitHub/esda-ros-firmware/src/install/esda_ros_interface/include/esda_ros_interface/esda_ros_interface/msg/detail
[3.780s] -- Up-to-date: /home/samue/GitHub/esda-ros-firmware/src/install/esda_ros_interface/include/esda_ros_interface/esda_ros_interface/msg/detail/esda_message__rosidl_typesupport_fastrtps_c.h
[3.780s] -- Up-to-date: /home/samue/GitHub/esda-ros-firmware/src/install/esda_ros_interface/lib/libesda_ros_interface__rosidl_typesupport_fastrtps_c.so
[3.780s] -- Up-to-date: /home/samue/GitHub/esda-ros-firmware/src/install/esda_ros_interface/include/esda_ros_interface/esda_ros_interface
[3.780s] -- Up-to-date: /home/samue/GitHub/esda-ros-firmware/src/install/esda_ros_interface/include/esda_ros_interface/esda_ros_interface/msg
[3.780s] -- Up-to-date: /home/samue/GitHub/esda-ros-firmware/src/install/esda_ros_interface/include/esda_ros_interface/esda_ros_interface/msg/rosidl_typesupport_introspection_c__visibility_control.h
[3.781s] -- Up-to-date: /home/samue/GitHub/esda-ros-firmware/src/install/esda_ros_interface/include/esda_ros_interface/esda_ros_interface/msg/detail
[3.781s] -- Up-to-date: /home/samue/GitHub/esda-ros-firmware/src/install/esda_ros_interface/include/esda_ros_interface/esda_ros_interface/msg/detail/esda_message__type_support.c
[3.781s] -- Up-to-date: /home/samue/GitHub/esda-ros-firmware/src/install/esda_ros_interface/include/esda_ros_interface/esda_ros_interface/msg/detail/esda_message__rosidl_typesupport_introspection_c.h
[3.781s] -- Up-to-date: /home/samue/GitHub/esda-ros-firmware/src/install/esda_ros_interface/lib/libesda_ros_interface__rosidl_typesupport_introspection_c.so
[3.781s] -- Up-to-date: /home/samue/GitHub/esda-ros-firmware/src/install/esda_ros_interface/lib/libesda_ros_interface__rosidl_typesupport_c.so
[3.781s] -- Up-to-date: /home/samue/GitHub/esda-ros-firmware/src/install/esda_ros_interface/include/esda_ros_interface/esda_ros_interface
[3.781s] -- Up-to-date: /home/samue/GitHub/esda-ros-firmware/src/install/esda_ros_interface/include/esda_ros_interface/esda_ros_interface/msg
[3.781s] -- Up-to-date: /home/samue/GitHub/esda-ros-firmware/src/install/esda_ros_interface/include/esda_ros_interface/esda_ros_interface/msg/esda_message.hpp
[3.781s] -- Up-to-date: /home/samue/GitHub/esda-ros-firmware/src/install/esda_ros_interface/include/esda_ros_interface/esda_ros_interface/msg/detail
[3.781s] -- Up-to-date: /home/samue/GitHub/esda-ros-firmware/src/install/esda_ros_interface/include/esda_ros_interface/esda_ros_interface/msg/detail/esda_message__struct.hpp
[3.781s] -- Up-to-date: /home/samue/GitHub/esda-ros-firmware/src/install/esda_ros_interface/include/esda_ros_interface/esda_ros_interface/msg/detail/esda_message__traits.hpp
[3.781s] -- Up-to-date: /home/samue/GitHub/esda-ros-firmware/src/install/esda_ros_interface/include/esda_ros_interface/esda_ros_interface/msg/detail/esda_message__builder.hpp
[3.781s] -- Up-to-date: /home/samue/GitHub/esda-ros-firmware/src/install/esda_ros_interface/include/esda_ros_interface/esda_ros_interface
[3.782s] -- Up-to-date: /home/samue/GitHub/esda-ros-firmware/src/install/esda_ros_interface/include/esda_ros_interface/esda_ros_interface/msg
[3.782s] -- Up-to-date: /home/samue/GitHub/esda-ros-firmware/src/install/esda_ros_interface/include/esda_ros_interface/esda_ros_interface/msg/rosidl_typesupport_fastrtps_cpp__visibility_control.h
[3.782s] -- Up-to-date: /home/samue/GitHub/esda-ros-firmware/src/install/esda_ros_interface/include/esda_ros_interface/esda_ros_interface/msg/detail
[3.782s] -- Up-to-date: /home/samue/GitHub/esda-ros-firmware/src/install/esda_ros_interface/include/esda_ros_interface/esda_ros_interface/msg/detail/dds_fastrtps
[3.782s] -- Up-to-date: /home/samue/GitHub/esda-ros-firmware/src/install/esda_ros_interface/include/esda_ros_interface/esda_ros_interface/msg/detail/esda_message__rosidl_typesupport_fastrtps_cpp.hpp
[3.782s] -- Up-to-date: /home/samue/GitHub/esda-ros-firmware/src/install/esda_ros_interface/lib/libesda_ros_interface__rosidl_typesupport_fastrtps_cpp.so
[3.782s] -- Up-to-date: /home/samue/GitHub/esda-ros-firmware/src/install/esda_ros_interface/include/esda_ros_interface/esda_ros_interface
[3.782s] -- Up-to-date: /home/samue/GitHub/esda-ros-firmware/src/install/esda_ros_interface/include/esda_ros_interface/esda_ros_interface/msg
[3.782s] -- Up-to-date: /home/samue/GitHub/esda-ros-firmware/src/install/esda_ros_interface/include/esda_ros_interface/esda_ros_interface/msg/detail
[3.782s] -- Up-to-date: /home/samue/GitHub/esda-ros-firmware/src/install/esda_ros_interface/include/esda_ros_interface/esda_ros_interface/msg/detail/esda_message__type_support.cpp
[3.782s] -- Up-to-date: /home/samue/GitHub/esda-ros-firmware/src/install/esda_ros_interface/include/esda_ros_interface/esda_ros_interface/msg/detail/esda_message__rosidl_typesupport_introspection_cpp.hpp
[3.782s] -- Up-to-date: /home/samue/GitHub/esda-ros-firmware/src/install/esda_ros_interface/lib/libesda_ros_interface__rosidl_typesupport_introspection_cpp.so
[3.782s] -- Up-to-date: /home/samue/GitHub/esda-ros-firmware/src/install/esda_ros_interface/lib/libesda_ros_interface__rosidl_typesupport_cpp.so
[3.782s] -- Up-to-date: /home/samue/GitHub/esda-ros-firmware/src/install/esda_ros_interface/share/esda_ros_interface/environment/pythonpath.sh
[3.782s] -- Up-to-date: /home/samue/GitHub/esda-ros-firmware/src/install/esda_ros_interface/share/esda_ros_interface/environment/pythonpath.dsv
[3.782s] -- Up-to-date: /home/samue/GitHub/esda-ros-firmware/src/install/esda_ros_interface/local/lib/python3.10/dist-packages/esda_ros_interface-0.0.0-py3.10.egg-info
[3.782s] -- Installing: /home/samue/GitHub/esda-ros-firmware/src/install/esda_ros_interface/local/lib/python3.10/dist-packages/esda_ros_interface-0.0.0-py3.10.egg-info/dependency_links.txt
[3.782s] -- Installing: /home/samue/GitHub/esda-ros-firmware/src/install/esda_ros_interface/local/lib/python3.10/dist-packages/esda_ros_interface-0.0.0-py3.10.egg-info/PKG-INFO
[3.782s] -- Installing: /home/samue/GitHub/esda-ros-firmware/src/install/esda_ros_interface/local/lib/python3.10/dist-packages/esda_ros_interface-0.0.0-py3.10.egg-info/SOURCES.txt
[3.782s] -- Installing: /home/samue/GitHub/esda-ros-firmware/src/install/esda_ros_interface/local/lib/python3.10/dist-packages/esda_ros_interface-0.0.0-py3.10.egg-info/top_level.txt
[3.782s] -- Up-to-date: /home/samue/GitHub/esda-ros-firmware/src/install/esda_ros_interface/local/lib/python3.10/dist-packages/esda_ros_interface
[3.782s] -- Up-to-date: /home/samue/GitHub/esda-ros-firmware/src/install/esda_ros_interface/local/lib/python3.10/dist-packages/esda_ros_interface/libesda_ros_interface__rosidl_generator_py.so
[3.782s] -- Up-to-date: /home/samue/GitHub/esda-ros-firmware/src/install/esda_ros_interface/local/lib/python3.10/dist-packages/esda_ros_interface/_esda_ros_interface_s.ep.rosidl_typesupport_fastrtps_c.c
[3.782s] -- Up-to-date: /home/samue/GitHub/esda-ros-firmware/src/install/esda_ros_interface/local/lib/python3.10/dist-packages/esda_ros_interface/msg
[3.783s] -- Up-to-date: /home/samue/GitHub/esda-ros-firmware/src/install/esda_ros_interface/local/lib/python3.10/dist-packages/esda_ros_interface/msg/_esda_message_s.c
[3.783s] -- Up-to-date: /home/samue/GitHub/esda-ros-firmware/src/install/esda_ros_interface/local/lib/python3.10/dist-packages/esda_ros_interface/msg/_esda_message.py
[3.783s] -- Up-to-date: /home/samue/GitHub/esda-ros-firmware/src/install/esda_ros_interface/local/lib/python3.10/dist-packages/esda_ros_interface/msg/__init__.py
[3.783s] -- Up-to-date: /home/samue/GitHub/esda-ros-firmware/src/install/esda_ros_interface/local/lib/python3.10/dist-packages/esda_ros_interface/_esda_ros_interface_s.ep.rosidl_typesupport_c.c
[3.783s] -- Up-to-date: /home/samue/GitHub/esda-ros-firmware/src/install/esda_ros_interface/local/lib/python3.10/dist-packages/esda_ros_interface/esda_ros_interface_s__rosidl_typesupport_fastrtps_c.cpython-310-x86_64-linux-gnu.so
[3.783s] -- Up-to-date: /home/samue/GitHub/esda-ros-firmware/src/install/esda_ros_interface/local/lib/python3.10/dist-packages/esda_ros_interface/esda_ros_interface_s__rosidl_typesupport_c.cpython-310-x86_64-linux-gnu.so
[3.783s] -- Up-to-date: /home/samue/GitHub/esda-ros-firmware/src/install/esda_ros_interface/local/lib/python3.10/dist-packages/esda_ros_interface/esda_ros_interface_s__rosidl_typesupport_introspection_c.cpython-310-x86_64-linux-gnu.so
[3.783s] -- Up-to-date: /home/samue/GitHub/esda-ros-firmware/src/install/esda_ros_interface/local/lib/python3.10/dist-packages/esda_ros_interface/_esda_ros_interface_s.ep.rosidl_typesupport_introspection_c.c
[3.783s] -- Up-to-date: /home/samue/GitHub/esda-ros-firmware/src/install/esda_ros_interface/local/lib/python3.10/dist-packages/esda_ros_interface/__init__.py
[3.819s] Listing '/home/samue/GitHub/esda-ros-firmware/src/install/esda_ros_interface/local/lib/python3.10/dist-packages/esda_ros_interface'...
[3.819s] Listing '/home/samue/GitHub/esda-ros-firmware/src/install/esda_ros_interface/local/lib/python3.10/dist-packages/esda_ros_interface/msg'...
[3.823s] -- Up-to-date: /home/samue/GitHub/esda-ros-firmware/src/install/esda_ros_interface/local/lib/python3.10/dist-packages/esda_ros_interface/esda_ros_interface_s__rosidl_typesupport_fastrtps_c.cpython-310-x86_64-linux-gnu.so
[3.824s] -- Up-to-date: /home/samue/GitHub/esda-ros-firmware/src/install/esda_ros_interface/local/lib/python3.10/dist-packages/esda_ros_interface/esda_ros_interface_s__rosidl_typesupport_introspection_c.cpython-310-x86_64-linux-gnu.so
[3.824s] -- Up-to-date: /home/samue/GitHub/esda-ros-firmware/src/install/esda_ros_interface/local/lib/python3.10/dist-packages/esda_ros_interface/esda_ros_interface_s__rosidl_typesupport_c.cpython-310-x86_64-linux-gnu.so
[3.824s] -- Up-to-date: /home/samue/GitHub/esda-ros-firmware/src/install/esda_ros_interface/lib/libesda_ros_interface__rosidl_generator_py.so
[3.824s] -- Up-to-date: /home/samue/GitHub/esda-ros-firmware/src/install/esda_ros_interface/share/esda_ros_interface/msg/EsdaMessage.idl
[3.824s] -- Up-to-date: /home/samue/GitHub/esda-ros-firmware/src/install/esda_ros_interface/share/esda_ros_interface/msg/EsdaMessage.msg
[3.825s] -- Up-to-date: /home/samue/GitHub/esda-ros-firmware/src/install/esda_ros_interface/lib/esda_ros_interface/esda_serial_to_pc_node
[3.827s] -- Installing: /home/samue/GitHub/esda-ros-firmware/src/install/esda_ros_interface/lib/esda_ros_interface/esda_serial_to_pc
[3.828s] -- Set runtime path of "/home/samue/GitHub/esda-ros-firmware/src/install/esda_ros_interface/lib/esda_ros_interface/esda_serial_to_pc" to ""
[3.828s] -- Up-to-date: /home/samue/GitHub/esda-ros-firmware/src/install/esda_ros_interface/share/ament_index/resource_index/package_run_dependencies/esda_ros_interface
[3.828s] -- Up-to-date: /home/samue/GitHub/esda-ros-firmware/src/install/esda_ros_interface/share/ament_index/resource_index/parent_prefix_path/esda_ros_interface
[3.828s] -- Up-to-date: /home/samue/GitHub/esda-ros-firmware/src/install/esda_ros_interface/share/esda_ros_interface/environment/ament_prefix_path.sh
[3.828s] -- Up-to-date: /home/samue/GitHub/esda-ros-firmware/src/install/esda_ros_interface/share/esda_ros_interface/environment/ament_prefix_path.dsv
[3.828s] -- Up-to-date: /home/samue/GitHub/esda-ros-firmware/src/install/esda_ros_interface/share/esda_ros_interface/environment/path.sh
[3.829s] -- Up-to-date: /home/samue/GitHub/esda-ros-firmware/src/install/esda_ros_interface/share/esda_ros_interface/environment/path.dsv
[3.829s] -- Up-to-date: /home/samue/GitHub/esda-ros-firmware/src/install/esda_ros_interface/share/esda_ros_interface/local_setup.bash
[3.829s] -- Up-to-date: /home/samue/GitHub/esda-ros-firmware/src/install/esda_ros_interface/share/esda_ros_interface/local_setup.sh
[3.829s] -- Up-to-date: /home/samue/GitHub/esda-ros-firmware/src/install/esda_ros_interface/share/esda_ros_interface/local_setup.zsh
[3.829s] -- Up-to-date: /home/samue/GitHub/esda-ros-firmware/src/install/esda_ros_interface/share/esda_ros_interface/local_setup.dsv
[3.830s] -- Installing: /home/samue/GitHub/esda-ros-firmware/src/install/esda_ros_interface/share/esda_ros_interface/package.dsv
[3.830s] -- Up-to-date: /home/samue/GitHub/esda-ros-firmware/src/install/esda_ros_interface/share/ament_index/resource_index/packages/esda_ros_interface
[3.830s] -- Up-to-date: /home/samue/GitHub/esda-ros-firmware/src/install/esda_ros_interface/share/esda_ros_interface/cmake/export_esda_ros_interface__rosidl_generator_cExport.cmake
[3.830s] -- Up-to-date: /home/samue/GitHub/esda-ros-firmware/src/install/esda_ros_interface/share/esda_ros_interface/cmake/export_esda_ros_interface__rosidl_generator_cExport-noconfig.cmake
[3.830s] -- Up-to-date: /home/samue/GitHub/esda-ros-firmware/src/install/esda_ros_interface/share/esda_ros_interface/cmake/export_esda_ros_interface__rosidl_typesupport_fastrtps_cExport.cmake
[3.830s] -- Up-to-date: /home/samue/GitHub/esda-ros-firmware/src/install/esda_ros_interface/share/esda_ros_interface/cmake/export_esda_ros_interface__rosidl_typesupport_fastrtps_cExport-noconfig.cmake
[3.831s] -- Up-to-date: /home/samue/GitHub/esda-ros-firmware/src/install/esda_ros_interface/share/esda_ros_interface/cmake/esda_ros_interface__rosidl_typesupport_introspection_cExport.cmake
[3.831s] -- Up-to-date: /home/samue/GitHub/esda-ros-firmware/src/install/esda_ros_interface/share/esda_ros_interface/cmake/esda_ros_interface__rosidl_typesupport_introspection_cExport-noconfig.cmake
[3.832s] -- Up-to-date: /home/samue/GitHub/esda-ros-firmware/src/install/esda_ros_interface/share/esda_ros_interface/cmake/esda_ros_interface__rosidl_typesupport_cExport.cmake
[3.832s] -- Up-to-date: /home/samue/GitHub/esda-ros-firmware/src/install/esda_ros_interface/share/esda_ros_interface/cmake/esda_ros_interface__rosidl_typesupport_cExport-noconfig.cmake
[3.833s] -- Up-to-date: /home/samue/GitHub/esda-ros-firmware/src/install/esda_ros_interface/share/esda_ros_interface/cmake/export_esda_ros_interface__rosidl_generator_cppExport.cmake
[3.833s] -- Up-to-date: /home/samue/GitHub/esda-ros-firmware/src/install/esda_ros_interface/share/esda_ros_interface/cmake/export_esda_ros_interface__rosidl_typesupport_fastrtps_cppExport.cmake
[3.834s] -- Up-to-date: /home/samue/GitHub/esda-ros-firmware/src/install/esda_ros_interface/share/esda_ros_interface/cmake/export_esda_ros_interface__rosidl_typesupport_fastrtps_cppExport-noconfig.cmake
[3.835s] -- Up-to-date: /home/samue/GitHub/esda-ros-firmware/src/install/esda_ros_interface/share/esda_ros_interface/cmake/esda_ros_interface__rosidl_typesupport_introspection_cppExport.cmake
[3.835s] -- Up-to-date: /home/samue/GitHub/esda-ros-firmware/src/install/esda_ros_interface/share/esda_ros_interface/cmake/esda_ros_interface__rosidl_typesupport_introspection_cppExport-noconfig.cmake
[3.835s] -- Up-to-date: /home/samue/GitHub/esda-ros-firmware/src/install/esda_ros_interface/share/esda_ros_interface/cmake/esda_ros_interface__rosidl_typesupport_cppExport.cmake
[3.835s] -- Up-to-date: /home/samue/GitHub/esda-ros-firmware/src/install/esda_ros_interface/share/esda_ros_interface/cmake/esda_ros_interface__rosidl_typesupport_cppExport-noconfig.cmake
[3.835s] -- Up-to-date: /home/samue/GitHub/esda-ros-firmware/src/install/esda_ros_interface/share/esda_ros_interface/cmake/export_esda_ros_interface__rosidl_generator_pyExport.cmake
[3.835s] -- Up-to-date: /home/samue/GitHub/esda-ros-firmware/src/install/esda_ros_interface/share/esda_ros_interface/cmake/export_esda_ros_interface__rosidl_generator_pyExport-noconfig.cmake
[3.835s] -- Up-to-date: /home/samue/GitHub/esda-ros-firmware/src/install/esda_ros_interface/share/ament_index/resource_index/rclcpp_components/esda_ros_interface
[3.835s] -- Up-to-date: /home/samue/GitHub/esda-ros-firmware/src/install/esda_ros_interface/share/esda_ros_interface/cmake/rosidl_cmake-extras.cmake
[3.835s] -- Up-to-date: /home/samue/GitHub/esda-ros-firmware/src/install/esda_ros_interface/share/esda_ros_interface/cmake/ament_cmake_export_include_directories-extras.cmake
[3.835s] -- Up-to-date: /home/samue/GitHub/esda-ros-firmware/src/install/esda_ros_interface/share/esda_ros_interface/cmake/ament_cmake_export_libraries-extras.cmake
[3.835s] -- Up-to-date: /home/samue/GitHub/esda-ros-firmware/src/install/esda_ros_interface/share/esda_ros_interface/cmake/ament_cmake_export_targets-extras.cmake
[3.835s] -- Up-to-date: /home/samue/GitHub/esda-ros-firmware/src/install/esda_ros_interface/share/esda_ros_interface/cmake/rosidl_cmake_export_typesupport_targets-extras.cmake
[3.835s] -- Up-to-date: /home/samue/GitHub/esda-ros-firmware/src/install/esda_ros_interface/share/esda_ros_interface/cmake/ament_cmake_export_dependencies-extras.cmake
[3.835s] -- Up-to-date: /home/samue/GitHub/esda-ros-firmware/src/install/esda_ros_interface/share/esda_ros_interface/cmake/rosidl_cmake_export_typesupport_libraries-extras.cmake
[3.835s] -- Up-to-date: /home/samue/GitHub/esda-ros-firmware/src/install/esda_ros_interface/share/esda_ros_interface/cmake/esda_ros_interfaceConfig.cmake
[3.835s] -- Up-to-date: /home/samue/GitHub/esda-ros-firmware/src/install/esda_ros_interface/share/esda_ros_interface/cmake/esda_ros_interfaceConfig-version.cmake
[3.835s] -- Up-to-date: /home/samue/GitHub/esda-ros-firmware/src/install/esda_ros_interface/share/esda_ros_interface/package.xml
[3.839s] Invoked command in '/home/samue/GitHub/esda-ros-firmware/src/build/esda_ros_interface' returned '0': CMAKE_PREFIX_PATH=${CMAKE_PREFIX_PATH}:/home/samue/install/launch_testing_examples:/home/samue/install/examples_rclpy_pointcloud_publisher:/home/samue/install/examples_rclpy_minimal_subscriber:/home/samue/install/examples_rclpy_minimal_service:/home/samue/install/examples_rclpy_minimal_publisher:/home/samue/install/examples_rclpy_minimal_client:/home/samue/install/examples_rclpy_minimal_action_server:/home/samue/install/examples_rclpy_minimal_action_client:/home/samue/install/examples_rclpy_guard_conditions:/home/samue/install/examples_rclpy_executors:/opt/ros/humble WSLENV=ELECTRON_RUN_AS_NODE/w: /usr/bin/cmake --install /home/samue/GitHub/esda-ros-firmware/src/build/esda_ros_interface
