[0.013s] Invoking command in '/home/samue/GitHub/esda-ros-firmware/src/build/esda_ros_interface': CMAKE_PREFIX_PATH=${CMAKE_PREFIX_PATH}:/home/samue/install/launch_testing_examples:/home/samue/install/examples_rclpy_pointcloud_publisher:/home/samue/install/examples_rclpy_minimal_subscriber:/home/samue/install/examples_rclpy_minimal_service:/home/samue/install/examples_rclpy_minimal_publisher:/home/samue/install/examples_rclpy_minimal_client:/home/samue/install/examples_rclpy_minimal_action_server:/home/samue/install/examples_rclpy_minimal_action_client:/home/samue/install/examples_rclpy_guard_conditions:/home/samue/install/examples_rclpy_executors:/opt/ros/humble WSLENV=ELECTRON_RUN_AS_NODE/w: /usr/bin/cmake --build /home/samue/GitHub/esda-ros-firmware/src/build/esda_ros_interface -- -j20 -l20
[0.063s] [  9%] Built target esda_ros_interface__rosidl_generator_c
[0.063s] [ 12%] Built target esda_ros_interface__cpp
[0.075s] [ 12%] Built target ament_cmake_python_copy_esda_ros_interface
[0.085s] [ 21%] Built target esda_ros_interface__rosidl_typesupport_fastrtps_cpp
[0.092s] [ 30%] Built target esda_ros_interface__rosidl_typesupport_cpp
[0.093s] [ 39%] Built target esda_ros_interface__rosidl_typesupport_introspection_cpp
[0.099s] [ 48%] Built target esda_ros_interface__rosidl_typesupport_introspection_c
[0.100s] [ 57%] Built target esda_ros_interface__rosidl_typesupport_c
[0.103s] [ 66%] Built target esda_ros_interface__rosidl_typesupport_fastrtps_c
[0.120s] [ 66%] Built target esda_ros_interface
[0.133s] [35m[1mConsolidate compiler generated dependencies of target esda_serial_to_pc[0m
[0.139s] [ 69%] Built target esda_ros_interface__py
[0.148s] [ 72%] [32mBuilding CXX object CMakeFiles/esda_serial_to_pc.dir/src/esda_serial_to_pc.cpp.o[0m
[0.157s] [ 78%] Built target esda_ros_interface__rosidl_generator_py
[0.177s] [ 84%] Built target esda_ros_interface__rosidl_typesupport_introspection_c__pyext
[0.180s] [ 90%] Built target esda_ros_interface__rosidl_typesupport_fastrtps_c__pyext
[0.181s] [ 96%] Built target esda_ros_interface__rosidl_typesupport_c__pyext
[0.317s] running egg_info
[0.318s] writing esda_ros_interface.egg-info/PKG-INFO
[0.318s] writing dependency_links to esda_ros_interface.egg-info/dependency_links.txt
[0.318s] writing top-level names to esda_ros_interface.egg-info/top_level.txt
[0.320s] reading manifest file 'esda_ros_interface.egg-info/SOURCES.txt'
[0.321s] writing manifest file 'esda_ros_interface.egg-info/SOURCES.txt'
[0.346s] [ 96%] Built target ament_cmake_python_build_esda_ros_interface_egg
[2.314s] [01m[K/home/samue/GitHub/esda-ros-firmware/src/esda_ros_interface/src/esda_serial_to_pc.cpp:11:7:[m[K [01;31m[Kerror: [m[K‘[01m[KSerialReader[m[K’ has not been declared
[2.314s]    11 | class [01;31m[KSerialReader[m[K:: public rclcpp::Node{
[2.314s]       |       [01;31m[K^~~~~~~~~~~~[m[K
[2.314s] [01m[K/home/samue/GitHub/esda-ros-firmware/src/esda_ros_interface/src/esda_serial_to_pc.cpp:11:22:[m[K [01;31m[Kerror: [m[Kexpected identifier before ‘[01m[Kpublic[m[K’
[2.314s]    11 | class SerialReader:: [01;31m[Kpublic[m[K rclcpp::Node{
[2.314s]       |                      [01;31m[K^~~~~~[m[K
[2.314s] [01m[K/home/samue/GitHub/esda-ros-firmware/src/esda_ros_interface/src/esda_serial_to_pc.cpp:11:22:[m[K [01;31m[Kerror: [m[Kexpected unqualified-id before ‘[01m[Kpublic[m[K’
[2.642s] gmake[2]: *** [CMakeFiles/esda_serial_to_pc.dir/build.make:76: CMakeFiles/esda_serial_to_pc.dir/src/esda_serial_to_pc.cpp.o] Error 1
[2.642s] gmake[1]: *** [CMakeFiles/Makefile2:594: CMakeFiles/esda_serial_to_pc.dir/all] Error 2
[2.642s] gmake: *** [Makefile:146: all] Error 2
[2.644s] Invoked command in '/home/samue/GitHub/esda-ros-firmware/src/build/esda_ros_interface' returned '2': CMAKE_PREFIX_PATH=${CMAKE_PREFIX_PATH}:/home/samue/install/launch_testing_examples:/home/samue/install/examples_rclpy_pointcloud_publisher:/home/samue/install/examples_rclpy_minimal_subscriber:/home/samue/install/examples_rclpy_minimal_service:/home/samue/install/examples_rclpy_minimal_publisher:/home/samue/install/examples_rclpy_minimal_client:/home/samue/install/examples_rclpy_minimal_action_server:/home/samue/install/examples_rclpy_minimal_action_client:/home/samue/install/examples_rclpy_guard_conditions:/home/samue/install/examples_rclpy_executors:/opt/ros/humble WSLENV=ELECTRON_RUN_AS_NODE/w: /usr/bin/cmake --build /home/samue/GitHub/esda-ros-firmware/src/build/esda_ros_interface -- -j20 -l20
