[0.020s] Invoking command in '/home/samue/GitHub/esda-ros-firmware/src/build/esda_ros_interface': CMAKE_PREFIX_PATH=${CMAKE_PREFIX_PATH}:/home/samue/install/launch_testing_examples:/home/samue/install/examples_rclpy_pointcloud_publisher:/home/samue/install/examples_rclpy_minimal_subscriber:/home/samue/install/examples_rclpy_minimal_service:/home/samue/install/examples_rclpy_minimal_publisher:/home/samue/install/examples_rclpy_minimal_client:/home/samue/install/examples_rclpy_minimal_action_server:/home/samue/install/examples_rclpy_minimal_action_client:/home/samue/install/examples_rclpy_guard_conditions:/home/samue/install/examples_rclpy_executors:/opt/ros/humble WSLENV=ELECTRON_RUN_AS_NODE/w: /usr/bin/cmake --build /home/samue/GitHub/esda-ros-firmware/src/build/esda_ros_interface -- -j20 -l20
[0.140s] [  2%] Built target esda_ros_interface__cpp
[0.146s] [ 11%] Built target esda_ros_interface__rosidl_generator_c
[0.159s] [ 17%] Built target esda_serial_to_pc_node
[0.177s] [ 25%] Built target esda_ros_interface__rosidl_typesupport_fastrtps_cpp
[0.178s] [ 34%] Built target esda_ros_interface__rosidl_typesupport_introspection_cpp
[0.180s] [ 42%] Built target esda_ros_interface__rosidl_typesupport_cpp
[0.184s] [ 51%] Built target ament_cmake_python_copy_esda_ros_interface
[0.185s] [ 60%] Built target esda_ros_interface__rosidl_typesupport_fastrtps_c
[0.185s] [ 60%] Built target esda_ros_interface__rosidl_typesupport_c
[0.189s] [ 68%] Built target esda_ros_interface__rosidl_typesupport_introspection_c
[0.207s] [ 68%] Built target esda_ros_interface
[0.221s] [35m[1mConsolidate compiler generated dependencies of target esda_serial_to_pc[0m
[0.225s] [ 71%] Built target esda_ros_interface__py
[0.237s] [ 74%] [32mBuilding CXX object CMakeFiles/esda_serial_to_pc.dir/src/esda_serial_to_pc.cpp.o[0m
[0.245s] [ 80%] Built target esda_ros_interface__rosidl_generator_py
[0.267s] [ 85%] Built target esda_ros_interface__rosidl_typesupport_fastrtps_c__pyext
[0.267s] [ 91%] Built target esda_ros_interface__rosidl_typesupport_introspection_c__pyext
[0.267s] [ 97%] Built target esda_ros_interface__rosidl_typesupport_c__pyext
[0.425s] running egg_info
[0.426s] writing esda_ros_interface.egg-info/PKG-INFO
[0.427s] writing dependency_links to esda_ros_interface.egg-info/dependency_links.txt
[0.427s] writing top-level names to esda_ros_interface.egg-info/top_level.txt
[0.432s] reading manifest file 'esda_ros_interface.egg-info/SOURCES.txt'
[0.432s] writing manifest file 'esda_ros_interface.egg-info/SOURCES.txt'
[0.459s] [ 97%] Built target ament_cmake_python_build_esda_ros_interface_egg
[0.670s] [01m[K/home/samue/GitHub/esda-ros-firmware/src/esda_ros_interface/src/esda_serial_to_pc.cpp:12:10:[m[K [01;31m[Kfatal error: [m[Kesda_ros_interface/robot_hardware_interface.hpp: No such file or directory
[0.670s]    12 | #include [01;31m[K"esda_ros_interface/robot_hardware_interface.hpp"[m[K
[0.670s]       |          [01;31m[K^~~~~~~~~~~~~~~~~~~~~~~~~~~~~~~~~~~~~~~~~~~~~~~~~[m[K
[0.670s] compilation terminated.
[0.674s] gmake[2]: *** [CMakeFiles/esda_serial_to_pc.dir/build.make:76: CMakeFiles/esda_serial_to_pc.dir/src/esda_serial_to_pc.cpp.o] Error 1
[0.674s] gmake[1]: *** [CMakeFiles/Makefile2:596: CMakeFiles/esda_serial_to_pc.dir/all] Error 2
[0.674s] gmake: *** [Makefile:146: all] Error 2
[0.679s] Invoked command in '/home/samue/GitHub/esda-ros-firmware/src/build/esda_ros_interface' returned '2': CMAKE_PREFIX_PATH=${CMAKE_PREFIX_PATH}:/home/samue/install/launch_testing_examples:/home/samue/install/examples_rclpy_pointcloud_publisher:/home/samue/install/examples_rclpy_minimal_subscriber:/home/samue/install/examples_rclpy_minimal_service:/home/samue/install/examples_rclpy_minimal_publisher:/home/samue/install/examples_rclpy_minimal_client:/home/samue/install/examples_rclpy_minimal_action_server:/home/samue/install/examples_rclpy_minimal_action_client:/home/samue/install/examples_rclpy_guard_conditions:/home/samue/install/examples_rclpy_executors:/opt/ros/humble WSLENV=ELECTRON_RUN_AS_NODE/w: /usr/bin/cmake --build /home/samue/GitHub/esda-ros-firmware/src/build/esda_ros_interface -- -j20 -l20
