-- The C compiler identification is GNU 11.4.0
-- The CXX compiler identification is GNU 11.4.0
-- Detecting C compiler ABI info
-- Detecting C compiler ABI info - done
-- Check for working C compiler: /usr/bin/cc - skipped
-- Detecting C compile features
-- Detecting C compile features - done
-- Detecting CXX compiler ABI info
-- Detecting CXX compiler ABI info - done
-- Check for working CXX compiler: /usr/bin/c++ - skipped
-- Detecting CXX compile features
-- Detecting CXX compile features - done
-- Found ament_cmake: 1.3.9 (/opt/ros/humble/share/ament_cmake/cmake)
-- Found Python3: /usr/bin/python3 (found version "3.10.12") found components: Interpreter 
-- Found rosidl_default_generators: 1.2.0 (/opt/ros/humble/share/rosidl_default_generators/cmake)
-- Using all available rosidl_typesupport_c: rosidl_typesupport_fastrtps_c;rosidl_typesupport_introspection_c
-- Found rosidl_adapter: 3.1.5 (/opt/ros/humble/share/rosidl_adapter/cmake)
-- Using all available rosidl_typesupport_cpp: rosidl_typesupport_fastrtps_cpp;rosidl_typesupport_introspection_cpp
-- Found rclcpp: 16.0.9 (/opt/ros/humble/share/rclcpp/cmake)
-- Found rmw_implementation_cmake: 6.1.2 (/opt/ros/humble/share/rmw_implementation_cmake/cmake)
-- Found rmw_fastrtps_cpp: 6.2.6 (/opt/ros/humble/share/rmw_fastrtps_cpp/cmake)
-- Found OpenSSL: /usr/lib/x86_64-linux-gnu/libcrypto.so (found version "3.0.2")  
-- Found FastRTPS: /opt/ros/humble/include  
-- Using RMW implementation 'rmw_fastrtps_cpp' as default
-- Looking for pthread.h
-- Looking for pthread.h - found
-- Performing Test CMAKE_HAVE_LIBC_PTHREAD
-- Performing Test CMAKE_HAVE_LIBC_PTHREAD - Success
-- Found Threads: TRUE  
-- Found ament_cmake_ros: 0.10.0 (/opt/ros/humble/share/ament_cmake_ros/cmake)
-- Using all available rosidl_typesupport_c: rosidl_typesupport_fastrtps_c;rosidl_typesupport_introspection_c
-- Using all available rosidl_typesupport_cpp: rosidl_typesupport_fastrtps_cpp;rosidl_typesupport_introspection_cpp
-- Found PythonInterp: /usr/bin/python3 (found suitable version "3.10.12", minimum required is "3.6") 
-- Found python_cmake_module: 0.10.0 (/opt/ros/humble/share/python_cmake_module/cmake)
-- Found PythonLibs: /usr/lib/x86_64-linux-gnu/libpython3.10.so (found suitable version "3.10.12", minimum required is "3.5") 
-- Using PYTHON_EXECUTABLE: /usr/bin/python3
-- Using PYTHON_INCLUDE_DIRS: /usr/include/python3.10
-- Using PYTHON_LIBRARIES: /usr/lib/x86_64-linux-gnu/libpython3.10.so
-- Found PythonExtra: .so  
-- Configuring done
-- Generating done
-- Build files have been written to: /home/samue/GitHub/esda-ros-firmware/src/esda_ros_interface/build/esda_ros_interface
[  3%] [34m[1mGenerating C code for ROS interfaces[0m
[  6%] [34m[1mGenerating C++ code for ROS interfaces[0m
[  6%] Built target ament_cmake_python_copy_esda_ros_interface
running egg_info
creating esda_ros_interface.egg-info
writing esda_ros_interface.egg-info/PKG-INFO
writing dependency_links to esda_ros_interface.egg-info/dependency_links.txt
writing top-level names to esda_ros_interface.egg-info/top_level.txt
writing manifest file 'esda_ros_interface.egg-info/SOURCES.txt'
reading manifest file 'esda_ros_interface.egg-info/SOURCES.txt'
writing manifest file 'esda_ros_interface.egg-info/SOURCES.txt'
[  6%] Built target esda_ros_interface__cpp
[ 12%] [34m[1mGenerating C++ type support dispatch for ROS interfaces[0m
[ 15%] [34m[1mGenerating C++ introspection for ROS interfaces[0m
[ 12%] [34m[1mGenerating C++ type support for eProsima Fast-RTPS[0m
[ 18%] [32mBuilding C object CMakeFiles/esda_ros_interface__rosidl_generator_c.dir/rosidl_generator_c/esda_ros_interface/msg/detail/esda_message__functions.c.o[0m
[ 18%] Built target ament_cmake_python_build_esda_ros_interface_egg
[ 21%] [32m[1mLinking C shared library libesda_ros_interface__rosidl_generator_c.so[0m
[ 24%] [32mBuilding CXX object CMakeFiles/esda_ros_interface__rosidl_typesupport_cpp.dir/rosidl_typesupport_cpp/esda_ros_interface/msg/esda_message__type_support.cpp.o[0m
[ 27%] [32mBuilding CXX object CMakeFiles/esda_ros_interface__rosidl_typesupport_introspection_cpp.dir/rosidl_typesupport_introspection_cpp/esda_ros_interface/msg/detail/esda_message__type_support.cpp.o[0m
[ 30%] [32mBuilding CXX object CMakeFiles/esda_ros_interface__rosidl_typesupport_fastrtps_cpp.dir/rosidl_typesupport_fastrtps_cpp/esda_ros_interface/msg/detail/dds_fastrtps/esda_message__type_support.cpp.o[0m
[ 30%] Built target esda_ros_interface__rosidl_generator_c
[ 33%] [34m[1mGenerating C type support for eProsima Fast-RTPS[0m
[ 36%] [34m[1mGenerating C introspection for ROS interfaces[0m
[ 39%] [34m[1mGenerating C type support dispatch for ROS interfaces[0m
[ 42%] [32m[1mLinking CXX shared library libesda_ros_interface__rosidl_typesupport_cpp.so[0m
[ 45%] [32m[1mLinking CXX shared library libesda_ros_interface__rosidl_typesupport_introspection_cpp.so[0m
[ 48%] [32m[1mLinking CXX shared library libesda_ros_interface__rosidl_typesupport_fastrtps_cpp.so[0m
[ 51%] [32mBuilding CXX object CMakeFiles/esda_ros_interface__rosidl_typesupport_c.dir/rosidl_typesupport_c/esda_ros_interface/msg/esda_message__type_support.cpp.o[0m
[ 54%] [32mBuilding C object CMakeFiles/esda_ros_interface__rosidl_typesupport_introspection_c.dir/rosidl_typesupport_introspection_c/esda_ros_interface/msg/detail/esda_message__type_support.c.o[0m
[ 57%] [32mBuilding CXX object CMakeFiles/esda_ros_interface__rosidl_typesupport_fastrtps_c.dir/rosidl_typesupport_fastrtps_c/esda_ros_interface/msg/detail/esda_message__type_support_c.cpp.o[0m
[ 60%] [32m[1mLinking CXX shared library libesda_ros_interface__rosidl_typesupport_c.so[0m
[ 63%] [32m[1mLinking C shared library libesda_ros_interface__rosidl_typesupport_introspection_c.so[0m
[ 63%] Built target esda_ros_interface__rosidl_typesupport_cpp
[ 63%] Built target esda_ros_interface__rosidl_typesupport_introspection_cpp
[ 63%] Built target esda_ros_interface__rosidl_typesupport_fastrtps_cpp
[ 63%] Built target esda_ros_interface__rosidl_typesupport_introspection_c
[ 66%] [32m[1mLinking CXX shared library libesda_ros_interface__rosidl_typesupport_fastrtps_c.so[0m
[ 66%] Built target esda_ros_interface__rosidl_typesupport_c
[ 66%] Built target esda_ros_interface__rosidl_typesupport_fastrtps_c
[ 66%] Built target esda_ros_interface
[ 69%] [34m[1mGenerating Python code for ROS interfaces[0m
[ 72%] [32mBuilding CXX object CMakeFiles/esda_serial_to_pc.dir/src/esda_serial_to_pc.cpp.o[0m
[ 72%] Built target esda_ros_interface__py
[ 75%] [32mBuilding C object CMakeFiles/esda_ros_interface__rosidl_generator_py.dir/rosidl_generator_py/esda_ros_interface/msg/_esda_message_s.c.o[0m
[ 78%] [32m[1mLinking C shared library rosidl_generator_py/esda_ros_interface/libesda_ros_interface__rosidl_generator_py.so[0m
[ 78%] Built target esda_ros_interface__rosidl_generator_py
[ 81%] [32mBuilding C object CMakeFiles/esda_ros_interface__rosidl_typesupport_fastrtps_c__pyext.dir/rosidl_generator_py/esda_ros_interface/_esda_ros_interface_s.ep.rosidl_typesupport_fastrtps_c.c.o[0m
[ 84%] [32mBuilding C object CMakeFiles/esda_ros_interface__rosidl_typesupport_introspection_c__pyext.dir/rosidl_generator_py/esda_ros_interface/_esda_ros_interface_s.ep.rosidl_typesupport_introspection_c.c.o[0m
[ 87%] [32mBuilding C object CMakeFiles/esda_ros_interface__rosidl_typesupport_c__pyext.dir/rosidl_generator_py/esda_ros_interface/_esda_ros_interface_s.ep.rosidl_typesupport_c.c.o[0m
[ 93%] [32m[1mLinking C shared library rosidl_generator_py/esda_ros_interface/esda_ros_interface_s__rosidl_typesupport_introspection_c.cpython-310-x86_64-linux-gnu.so[0m
[ 93%] [32m[1mLinking C shared library rosidl_generator_py/esda_ros_interface/esda_ros_interface_s__rosidl_typesupport_fastrtps_c.cpython-310-x86_64-linux-gnu.so[0m
[ 96%] [32m[1mLinking C shared library rosidl_generator_py/esda_ros_interface/esda_ros_interface_s__rosidl_typesupport_c.cpython-310-x86_64-linux-gnu.so[0m
[ 96%] Built target esda_ros_interface__rosidl_typesupport_introspection_c__pyext
[ 96%] Built target esda_ros_interface__rosidl_typesupport_fastrtps_c__pyext
[ 96%] Built target esda_ros_interface__rosidl_typesupport_c__pyext
[100%] [32m[1mLinking CXX executable esda_serial_to_pc[0m
[100%] Built target esda_serial_to_pc
-- Install configuration: ""
-- Installing: /home/samue/GitHub/esda-ros-firmware/src/esda_ros_interface/install/esda_ros_interface/share/ament_index/resource_index/rosidl_interfaces/esda_ros_interface
-- Installing: /home/samue/GitHub/esda-ros-firmware/src/esda_ros_interface/install/esda_ros_interface/include/esda_ros_interface/esda_ros_interface
-- Installing: /home/samue/GitHub/esda-ros-firmware/src/esda_ros_interface/install/esda_ros_interface/include/esda_ros_interface/esda_ros_interface/msg
-- Installing: /home/samue/GitHub/esda-ros-firmware/src/esda_ros_interface/install/esda_ros_interface/include/esda_ros_interface/esda_ros_interface/msg/esda_message.h
-- Installing: /home/samue/GitHub/esda-ros-firmware/src/esda_ros_interface/install/esda_ros_interface/include/esda_ros_interface/esda_ros_interface/msg/rosidl_generator_c__visibility_control.h
-- Installing: /home/samue/GitHub/esda-ros-firmware/src/esda_ros_interface/install/esda_ros_interface/include/esda_ros_interface/esda_ros_interface/msg/detail
-- Installing: /home/samue/GitHub/esda-ros-firmware/src/esda_ros_interface/install/esda_ros_interface/include/esda_ros_interface/esda_ros_interface/msg/detail/esda_message__type_support.h
-- Installing: /home/samue/GitHub/esda-ros-firmware/src/esda_ros_interface/install/esda_ros_interface/include/esda_ros_interface/esda_ros_interface/msg/detail/esda_message__functions.c
-- Installing: /home/samue/GitHub/esda-ros-firmware/src/esda_ros_interface/install/esda_ros_interface/include/esda_ros_interface/esda_ros_interface/msg/detail/esda_message__functions.h
-- Installing: /home/samue/GitHub/esda-ros-firmware/src/esda_ros_interface/install/esda_ros_interface/include/esda_ros_interface/esda_ros_interface/msg/detail/esda_message__struct.h
-- Installing: /home/samue/GitHub/esda-ros-firmware/src/esda_ros_interface/install/esda_ros_interface/share/esda_ros_interface/environment/library_path.sh
-- Installing: /home/samue/GitHub/esda-ros-firmware/src/esda_ros_interface/install/esda_ros_interface/share/esda_ros_interface/environment/library_path.dsv
-- Installing: /home/samue/GitHub/esda-ros-firmware/src/esda_ros_interface/install/esda_ros_interface/lib/libesda_ros_interface__rosidl_generator_c.so
-- Set runtime path of "/home/samue/GitHub/esda-ros-firmware/src/esda_ros_interface/install/esda_ros_interface/lib/libesda_ros_interface__rosidl_generator_c.so" to ""
-- Up-to-date: /home/samue/GitHub/esda-ros-firmware/src/esda_ros_interface/install/esda_ros_interface/include/esda_ros_interface/esda_ros_interface
-- Up-to-date: /home/samue/GitHub/esda-ros-firmware/src/esda_ros_interface/install/esda_ros_interface/include/esda_ros_interface/esda_ros_interface/msg
-- Installing: /home/samue/GitHub/esda-ros-firmware/src/esda_ros_interface/install/esda_ros_interface/include/esda_ros_interface/esda_ros_interface/msg/rosidl_typesupport_fastrtps_c__visibility_control.h
-- Up-to-date: /home/samue/GitHub/esda-ros-firmware/src/esda_ros_interface/install/esda_ros_interface/include/esda_ros_interface/esda_ros_interface/msg/detail
-- Installing: /home/samue/GitHub/esda-ros-firmware/src/esda_ros_interface/install/esda_ros_interface/include/esda_ros_interface/esda_ros_interface/msg/detail/esda_message__rosidl_typesupport_fastrtps_c.h
-- Installing: /home/samue/GitHub/esda-ros-firmware/src/esda_ros_interface/install/esda_ros_interface/lib/libesda_ros_interface__rosidl_typesupport_fastrtps_c.so
-- Set runtime path of "/home/samue/GitHub/esda-ros-firmware/src/esda_ros_interface/install/esda_ros_interface/lib/libesda_ros_interface__rosidl_typesupport_fastrtps_c.so" to ""
-- Up-to-date: /home/samue/GitHub/esda-ros-firmware/src/esda_ros_interface/install/esda_ros_interface/include/esda_ros_interface/esda_ros_interface
-- Up-to-date: /home/samue/GitHub/esda-ros-firmware/src/esda_ros_interface/install/esda_ros_interface/include/esda_ros_interface/esda_ros_interface/msg
-- Installing: /home/samue/GitHub/esda-ros-firmware/src/esda_ros_interface/install/esda_ros_interface/include/esda_ros_interface/esda_ros_interface/msg/rosidl_typesupport_introspection_c__visibility_control.h
-- Up-to-date: /home/samue/GitHub/esda-ros-firmware/src/esda_ros_interface/install/esda_ros_interface/include/esda_ros_interface/esda_ros_interface/msg/detail
-- Installing: /home/samue/GitHub/esda-ros-firmware/src/esda_ros_interface/install/esda_ros_interface/include/esda_ros_interface/esda_ros_interface/msg/detail/esda_message__type_support.c
-- Installing: /home/samue/GitHub/esda-ros-firmware/src/esda_ros_interface/install/esda_ros_interface/include/esda_ros_interface/esda_ros_interface/msg/detail/esda_message__rosidl_typesupport_introspection_c.h
-- Installing: /home/samue/GitHub/esda-ros-firmware/src/esda_ros_interface/install/esda_ros_interface/lib/libesda_ros_interface__rosidl_typesupport_introspection_c.so
-- Set runtime path of "/home/samue/GitHub/esda-ros-firmware/src/esda_ros_interface/install/esda_ros_interface/lib/libesda_ros_interface__rosidl_typesupport_introspection_c.so" to ""
-- Installing: /home/samue/GitHub/esda-ros-firmware/src/esda_ros_interface/install/esda_ros_interface/lib/libesda_ros_interface__rosidl_typesupport_c.so
-- Set runtime path of "/home/samue/GitHub/esda-ros-firmware/src/esda_ros_interface/install/esda_ros_interface/lib/libesda_ros_interface__rosidl_typesupport_c.so" to ""
-- Up-to-date: /home/samue/GitHub/esda-ros-firmware/src/esda_ros_interface/install/esda_ros_interface/include/esda_ros_interface/esda_ros_interface
-- Up-to-date: /home/samue/GitHub/esda-ros-firmware/src/esda_ros_interface/install/esda_ros_interface/include/esda_ros_interface/esda_ros_interface/msg
-- Installing: /home/samue/GitHub/esda-ros-firmware/src/esda_ros_interface/install/esda_ros_interface/include/esda_ros_interface/esda_ros_interface/msg/esda_message.hpp
-- Up-to-date: /home/samue/GitHub/esda-ros-firmware/src/esda_ros_interface/install/esda_ros_interface/include/esda_ros_interface/esda_ros_interface/msg/detail
-- Installing: /home/samue/GitHub/esda-ros-firmware/src/esda_ros_interface/install/esda_ros_interface/include/esda_ros_interface/esda_ros_interface/msg/detail/esda_message__struct.hpp
-- Installing: /home/samue/GitHub/esda-ros-firmware/src/esda_ros_interface/install/esda_ros_interface/include/esda_ros_interface/esda_ros_interface/msg/detail/esda_message__traits.hpp
-- Installing: /home/samue/GitHub/esda-ros-firmware/src/esda_ros_interface/install/esda_ros_interface/include/esda_ros_interface/esda_ros_interface/msg/detail/esda_message__builder.hpp
-- Up-to-date: /home/samue/GitHub/esda-ros-firmware/src/esda_ros_interface/install/esda_ros_interface/include/esda_ros_interface/esda_ros_interface
-- Up-to-date: /home/samue/GitHub/esda-ros-firmware/src/esda_ros_interface/install/esda_ros_interface/include/esda_ros_interface/esda_ros_interface/msg
-- Installing: /home/samue/GitHub/esda-ros-firmware/src/esda_ros_interface/install/esda_ros_interface/include/esda_ros_interface/esda_ros_interface/msg/rosidl_typesupport_fastrtps_cpp__visibility_control.h
-- Up-to-date: /home/samue/GitHub/esda-ros-firmware/src/esda_ros_interface/install/esda_ros_interface/include/esda_ros_interface/esda_ros_interface/msg/detail
-- Installing: /home/samue/GitHub/esda-ros-firmware/src/esda_ros_interface/install/esda_ros_interface/include/esda_ros_interface/esda_ros_interface/msg/detail/dds_fastrtps
-- Installing: /home/samue/GitHub/esda-ros-firmware/src/esda_ros_interface/install/esda_ros_interface/include/esda_ros_interface/esda_ros_interface/msg/detail/esda_message__rosidl_typesupport_fastrtps_cpp.hpp
-- Installing: /home/samue/GitHub/esda-ros-firmware/src/esda_ros_interface/install/esda_ros_interface/lib/libesda_ros_interface__rosidl_typesupport_fastrtps_cpp.so
-- Set runtime path of "/home/samue/GitHub/esda-ros-firmware/src/esda_ros_interface/install/esda_ros_interface/lib/libesda_ros_interface__rosidl_typesupport_fastrtps_cpp.so" to ""
-- Up-to-date: /home/samue/GitHub/esda-ros-firmware/src/esda_ros_interface/install/esda_ros_interface/include/esda_ros_interface/esda_ros_interface
-- Up-to-date: /home/samue/GitHub/esda-ros-firmware/src/esda_ros_interface/install/esda_ros_interface/include/esda_ros_interface/esda_ros_interface/msg
-- Up-to-date: /home/samue/GitHub/esda-ros-firmware/src/esda_ros_interface/install/esda_ros_interface/include/esda_ros_interface/esda_ros_interface/msg/detail
-- Installing: /home/samue/GitHub/esda-ros-firmware/src/esda_ros_interface/install/esda_ros_interface/include/esda_ros_interface/esda_ros_interface/msg/detail/esda_message__type_support.cpp
-- Installing: /home/samue/GitHub/esda-ros-firmware/src/esda_ros_interface/install/esda_ros_interface/include/esda_ros_interface/esda_ros_interface/msg/detail/esda_message__rosidl_typesupport_introspection_cpp.hpp
-- Installing: /home/samue/GitHub/esda-ros-firmware/src/esda_ros_interface/install/esda_ros_interface/lib/libesda_ros_interface__rosidl_typesupport_introspection_cpp.so
-- Set runtime path of "/home/samue/GitHub/esda-ros-firmware/src/esda_ros_interface/install/esda_ros_interface/lib/libesda_ros_interface__rosidl_typesupport_introspection_cpp.so" to ""
-- Installing: /home/samue/GitHub/esda-ros-firmware/src/esda_ros_interface/install/esda_ros_interface/lib/libesda_ros_interface__rosidl_typesupport_cpp.so
-- Set runtime path of "/home/samue/GitHub/esda-ros-firmware/src/esda_ros_interface/install/esda_ros_interface/lib/libesda_ros_interface__rosidl_typesupport_cpp.so" to ""
-- Installing: /home/samue/GitHub/esda-ros-firmware/src/esda_ros_interface/install/esda_ros_interface/share/esda_ros_interface/environment/pythonpath.sh
-- Installing: /home/samue/GitHub/esda-ros-firmware/src/esda_ros_interface/install/esda_ros_interface/share/esda_ros_interface/environment/pythonpath.dsv
-- Installing: /home/samue/GitHub/esda-ros-firmware/src/esda_ros_interface/install/esda_ros_interface/local/lib/python3.10/dist-packages/esda_ros_interface-0.0.0-py3.10.egg-info
-- Installing: /home/samue/GitHub/esda-ros-firmware/src/esda_ros_interface/install/esda_ros_interface/local/lib/python3.10/dist-packages/esda_ros_interface-0.0.0-py3.10.egg-info/dependency_links.txt
-- Installing: /home/samue/GitHub/esda-ros-firmware/src/esda_ros_interface/install/esda_ros_interface/local/lib/python3.10/dist-packages/esda_ros_interface-0.0.0-py3.10.egg-info/PKG-INFO
-- Installing: /home/samue/GitHub/esda-ros-firmware/src/esda_ros_interface/install/esda_ros_interface/local/lib/python3.10/dist-packages/esda_ros_interface-0.0.0-py3.10.egg-info/SOURCES.txt
-- Installing: /home/samue/GitHub/esda-ros-firmware/src/esda_ros_interface/install/esda_ros_interface/local/lib/python3.10/dist-packages/esda_ros_interface-0.0.0-py3.10.egg-info/top_level.txt
-- Installing: /home/samue/GitHub/esda-ros-firmware/src/esda_ros_interface/install/esda_ros_interface/local/lib/python3.10/dist-packages/esda_ros_interface
-- Installing: /home/samue/GitHub/esda-ros-firmware/src/esda_ros_interface/install/esda_ros_interface/local/lib/python3.10/dist-packages/esda_ros_interface/libesda_ros_interface__rosidl_generator_py.so
-- Installing: /home/samue/GitHub/esda-ros-firmware/src/esda_ros_interface/install/esda_ros_interface/local/lib/python3.10/dist-packages/esda_ros_interface/_esda_ros_interface_s.ep.rosidl_typesupport_fastrtps_c.c
-- Installing: /home/samue/GitHub/esda-ros-firmware/src/esda_ros_interface/install/esda_ros_interface/local/lib/python3.10/dist-packages/esda_ros_interface/msg
-- Installing: /home/samue/GitHub/esda-ros-firmware/src/esda_ros_interface/install/esda_ros_interface/local/lib/python3.10/dist-packages/esda_ros_interface/msg/_esda_message_s.c
-- Installing: /home/samue/GitHub/esda-ros-firmware/src/esda_ros_interface/install/esda_ros_interface/local/lib/python3.10/dist-packages/esda_ros_interface/msg/_esda_message.py
-- Installing: /home/samue/GitHub/esda-ros-firmware/src/esda_ros_interface/install/esda_ros_interface/local/lib/python3.10/dist-packages/esda_ros_interface/msg/__init__.py
-- Installing: /home/samue/GitHub/esda-ros-firmware/src/esda_ros_interface/install/esda_ros_interface/local/lib/python3.10/dist-packages/esda_ros_interface/_esda_ros_interface_s.ep.rosidl_typesupport_c.c
-- Installing: /home/samue/GitHub/esda-ros-firmware/src/esda_ros_interface/install/esda_ros_interface/local/lib/python3.10/dist-packages/esda_ros_interface/esda_ros_interface_s__rosidl_typesupport_fastrtps_c.cpython-310-x86_64-linux-gnu.so
-- Installing: /home/samue/GitHub/esda-ros-firmware/src/esda_ros_interface/install/esda_ros_interface/local/lib/python3.10/dist-packages/esda_ros_interface/esda_ros_interface_s__rosidl_typesupport_c.cpython-310-x86_64-linux-gnu.so
-- Installing: /home/samue/GitHub/esda-ros-firmware/src/esda_ros_interface/install/esda_ros_interface/local/lib/python3.10/dist-packages/esda_ros_interface/esda_ros_interface_s__rosidl_typesupport_introspection_c.cpython-310-x86_64-linux-gnu.so
-- Installing: /home/samue/GitHub/esda-ros-firmware/src/esda_ros_interface/install/esda_ros_interface/local/lib/python3.10/dist-packages/esda_ros_interface/_esda_ros_interface_s.ep.rosidl_typesupport_introspection_c.c
-- Installing: /home/samue/GitHub/esda-ros-firmware/src/esda_ros_interface/install/esda_ros_interface/local/lib/python3.10/dist-packages/esda_ros_interface/__init__.py
Listing '/home/samue/GitHub/esda-ros-firmware/src/esda_ros_interface/install/esda_ros_interface/local/lib/python3.10/dist-packages/esda_ros_interface'...
Compiling '/home/samue/GitHub/esda-ros-firmware/src/esda_ros_interface/install/esda_ros_interface/local/lib/python3.10/dist-packages/esda_ros_interface/__init__.py'...
Listing '/home/samue/GitHub/esda-ros-firmware/src/esda_ros_interface/install/esda_ros_interface/local/lib/python3.10/dist-packages/esda_ros_interface/msg'...
Compiling '/home/samue/GitHub/esda-ros-firmware/src/esda_ros_interface/install/esda_ros_interface/local/lib/python3.10/dist-packages/esda_ros_interface/msg/__init__.py'...
Compiling '/home/samue/GitHub/esda-ros-firmware/src/esda_ros_interface/install/esda_ros_interface/local/lib/python3.10/dist-packages/esda_ros_interface/msg/_esda_message.py'...
-- Installing: /home/samue/GitHub/esda-ros-firmware/src/esda_ros_interface/install/esda_ros_interface/local/lib/python3.10/dist-packages/esda_ros_interface/esda_ros_interface_s__rosidl_typesupport_fastrtps_c.cpython-310-x86_64-linux-gnu.so
-- Set runtime path of "/home/samue/GitHub/esda-ros-firmware/src/esda_ros_interface/install/esda_ros_interface/local/lib/python3.10/dist-packages/esda_ros_interface/esda_ros_interface_s__rosidl_typesupport_fastrtps_c.cpython-310-x86_64-linux-gnu.so" to ""
-- Installing: /home/samue/GitHub/esda-ros-firmware/src/esda_ros_interface/install/esda_ros_interface/local/lib/python3.10/dist-packages/esda_ros_interface/esda_ros_interface_s__rosidl_typesupport_introspection_c.cpython-310-x86_64-linux-gnu.so
-- Set runtime path of "/home/samue/GitHub/esda-ros-firmware/src/esda_ros_interface/install/esda_ros_interface/local/lib/python3.10/dist-packages/esda_ros_interface/esda_ros_interface_s__rosidl_typesupport_introspection_c.cpython-310-x86_64-linux-gnu.so" to ""
-- Installing: /home/samue/GitHub/esda-ros-firmware/src/esda_ros_interface/install/esda_ros_interface/local/lib/python3.10/dist-packages/esda_ros_interface/esda_ros_interface_s__rosidl_typesupport_c.cpython-310-x86_64-linux-gnu.so
-- Set runtime path of "/home/samue/GitHub/esda-ros-firmware/src/esda_ros_interface/install/esda_ros_interface/local/lib/python3.10/dist-packages/esda_ros_interface/esda_ros_interface_s__rosidl_typesupport_c.cpython-310-x86_64-linux-gnu.so" to ""
-- Installing: /home/samue/GitHub/esda-ros-firmware/src/esda_ros_interface/install/esda_ros_interface/lib/libesda_ros_interface__rosidl_generator_py.so
-- Set runtime path of "/home/samue/GitHub/esda-ros-firmware/src/esda_ros_interface/install/esda_ros_interface/lib/libesda_ros_interface__rosidl_generator_py.so" to ""
-- Installing: /home/samue/GitHub/esda-ros-firmware/src/esda_ros_interface/install/esda_ros_interface/share/esda_ros_interface/msg/EsdaMessage.idl
-- Installing: /home/samue/GitHub/esda-ros-firmware/src/esda_ros_interface/install/esda_ros_interface/share/esda_ros_interface/msg/EsdaMessage.msg
-- Installing: /home/samue/GitHub/esda-ros-firmware/src/esda_ros_interface/install/esda_ros_interface/lib/esda_ros_interface/esda_serial_to_pc
-- Set runtime path of "/home/samue/GitHub/esda-ros-firmware/src/esda_ros_interface/install/esda_ros_interface/lib/esda_ros_interface/esda_serial_to_pc" to ""
-- Installing: /home/samue/GitHub/esda-ros-firmware/src/esda_ros_interface/install/esda_ros_interface/share/ament_index/resource_index/package_run_dependencies/esda_ros_interface
-- Installing: /home/samue/GitHub/esda-ros-firmware/src/esda_ros_interface/install/esda_ros_interface/share/ament_index/resource_index/parent_prefix_path/esda_ros_interface
-- Installing: /home/samue/GitHub/esda-ros-firmware/src/esda_ros_interface/install/esda_ros_interface/share/esda_ros_interface/environment/ament_prefix_path.sh
-- Installing: /home/samue/GitHub/esda-ros-firmware/src/esda_ros_interface/install/esda_ros_interface/share/esda_ros_interface/environment/ament_prefix_path.dsv
-- Installing: /home/samue/GitHub/esda-ros-firmware/src/esda_ros_interface/install/esda_ros_interface/share/esda_ros_interface/environment/path.sh
-- Installing: /home/samue/GitHub/esda-ros-firmware/src/esda_ros_interface/install/esda_ros_interface/share/esda_ros_interface/environment/path.dsv
-- Installing: /home/samue/GitHub/esda-ros-firmware/src/esda_ros_interface/install/esda_ros_interface/share/esda_ros_interface/local_setup.bash
-- Installing: /home/samue/GitHub/esda-ros-firmware/src/esda_ros_interface/install/esda_ros_interface/share/esda_ros_interface/local_setup.sh
-- Installing: /home/samue/GitHub/esda-ros-firmware/src/esda_ros_interface/install/esda_ros_interface/share/esda_ros_interface/local_setup.zsh
-- Installing: /home/samue/GitHub/esda-ros-firmware/src/esda_ros_interface/install/esda_ros_interface/share/esda_ros_interface/local_setup.dsv
-- Installing: /home/samue/GitHub/esda-ros-firmware/src/esda_ros_interface/install/esda_ros_interface/share/esda_ros_interface/package.dsv
-- Installing: /home/samue/GitHub/esda-ros-firmware/src/esda_ros_interface/install/esda_ros_interface/share/ament_index/resource_index/packages/esda_ros_interface
-- Installing: /home/samue/GitHub/esda-ros-firmware/src/esda_ros_interface/install/esda_ros_interface/share/esda_ros_interface/cmake/export_esda_ros_interface__rosidl_generator_cExport.cmake
-- Installing: /home/samue/GitHub/esda-ros-firmware/src/esda_ros_interface/install/esda_ros_interface/share/esda_ros_interface/cmake/export_esda_ros_interface__rosidl_generator_cExport-noconfig.cmake
-- Installing: /home/samue/GitHub/esda-ros-firmware/src/esda_ros_interface/install/esda_ros_interface/share/esda_ros_interface/cmake/export_esda_ros_interface__rosidl_typesupport_fastrtps_cExport.cmake
-- Installing: /home/samue/GitHub/esda-ros-firmware/src/esda_ros_interface/install/esda_ros_interface/share/esda_ros_interface/cmake/export_esda_ros_interface__rosidl_typesupport_fastrtps_cExport-noconfig.cmake
-- Installing: /home/samue/GitHub/esda-ros-firmware/src/esda_ros_interface/install/esda_ros_interface/share/esda_ros_interface/cmake/esda_ros_interface__rosidl_typesupport_introspection_cExport.cmake
-- Installing: /home/samue/GitHub/esda-ros-firmware/src/esda_ros_interface/install/esda_ros_interface/share/esda_ros_interface/cmake/esda_ros_interface__rosidl_typesupport_introspection_cExport-noconfig.cmake
-- Installing: /home/samue/GitHub/esda-ros-firmware/src/esda_ros_interface/install/esda_ros_interface/share/esda_ros_interface/cmake/esda_ros_interface__rosidl_typesupport_cExport.cmake
-- Installing: /home/samue/GitHub/esda-ros-firmware/src/esda_ros_interface/install/esda_ros_interface/share/esda_ros_interface/cmake/esda_ros_interface__rosidl_typesupport_cExport-noconfig.cmake
-- Installing: /home/samue/GitHub/esda-ros-firmware/src/esda_ros_interface/install/esda_ros_interface/share/esda_ros_interface/cmake/export_esda_ros_interface__rosidl_generator_cppExport.cmake
-- Installing: /home/samue/GitHub/esda-ros-firmware/src/esda_ros_interface/install/esda_ros_interface/share/esda_ros_interface/cmake/export_esda_ros_interface__rosidl_typesupport_fastrtps_cppExport.cmake
-- Installing: /home/samue/GitHub/esda-ros-firmware/src/esda_ros_interface/install/esda_ros_interface/share/esda_ros_interface/cmake/export_esda_ros_interface__rosidl_typesupport_fastrtps_cppExport-noconfig.cmake
-- Installing: /home/samue/GitHub/esda-ros-firmware/src/esda_ros_interface/install/esda_ros_interface/share/esda_ros_interface/cmake/esda_ros_interface__rosidl_typesupport_introspection_cppExport.cmake
-- Installing: /home/samue/GitHub/esda-ros-firmware/src/esda_ros_interface/install/esda_ros_interface/share/esda_ros_interface/cmake/esda_ros_interface__rosidl_typesupport_introspection_cppExport-noconfig.cmake
-- Installing: /home/samue/GitHub/esda-ros-firmware/src/esda_ros_interface/install/esda_ros_interface/share/esda_ros_interface/cmake/esda_ros_interface__rosidl_typesupport_cppExport.cmake
-- Installing: /home/samue/GitHub/esda-ros-firmware/src/esda_ros_interface/install/esda_ros_interface/share/esda_ros_interface/cmake/esda_ros_interface__rosidl_typesupport_cppExport-noconfig.cmake
-- Installing: /home/samue/GitHub/esda-ros-firmware/src/esda_ros_interface/install/esda_ros_interface/share/esda_ros_interface/cmake/export_esda_ros_interface__rosidl_generator_pyExport.cmake
-- Installing: /home/samue/GitHub/esda-ros-firmware/src/esda_ros_interface/install/esda_ros_interface/share/esda_ros_interface/cmake/export_esda_ros_interface__rosidl_generator_pyExport-noconfig.cmake
-- Installing: /home/samue/GitHub/esda-ros-firmware/src/esda_ros_interface/install/esda_ros_interface/share/esda_ros_interface/cmake/rosidl_cmake-extras.cmake
-- Installing: /home/samue/GitHub/esda-ros-firmware/src/esda_ros_interface/install/esda_ros_interface/share/esda_ros_interface/cmake/ament_cmake_export_include_directories-extras.cmake
-- Installing: /home/samue/GitHub/esda-ros-firmware/src/esda_ros_interface/install/esda_ros_interface/share/esda_ros_interface/cmake/ament_cmake_export_libraries-extras.cmake
-- Installing: /home/samue/GitHub/esda-ros-firmware/src/esda_ros_interface/install/esda_ros_interface/share/esda_ros_interface/cmake/ament_cmake_export_targets-extras.cmake
-- Installing: /home/samue/GitHub/esda-ros-firmware/src/esda_ros_interface/install/esda_ros_interface/share/esda_ros_interface/cmake/rosidl_cmake_export_typesupport_targets-extras.cmake
-- Installing: /home/samue/GitHub/esda-ros-firmware/src/esda_ros_interface/install/esda_ros_interface/share/esda_ros_interface/cmake/ament_cmake_export_dependencies-extras.cmake
-- Installing: /home/samue/GitHub/esda-ros-firmware/src/esda_ros_interface/install/esda_ros_interface/share/esda_ros_interface/cmake/rosidl_cmake_export_typesupport_libraries-extras.cmake
-- Installing: /home/samue/GitHub/esda-ros-firmware/src/esda_ros_interface/install/esda_ros_interface/share/esda_ros_interface/cmake/esda_ros_interfaceConfig.cmake
-- Installing: /home/samue/GitHub/esda-ros-firmware/src/esda_ros_interface/install/esda_ros_interface/share/esda_ros_interface/cmake/esda_ros_interfaceConfig-version.cmake
-- Installing: /home/samue/GitHub/esda-ros-firmware/src/esda_ros_interface/install/esda_ros_interface/share/esda_ros_interface/package.xml
