[0.011s] Invoking command in '/home/samue/GitHub/esda-ros-firmware/src/esda_ros_interface/build/esda_ros_interface': CMAKE_PREFIX_PATH=${CMAKE_PREFIX_PATH}:/home/samue/install/launch_testing_examples:/home/samue/install/examples_rclpy_pointcloud_publisher:/home/samue/install/examples_rclpy_minimal_subscriber:/home/samue/install/examples_rclpy_minimal_service:/home/samue/install/examples_rclpy_minimal_publisher:/home/samue/install/examples_rclpy_minimal_client:/home/samue/install/examples_rclpy_minimal_action_server:/home/samue/install/examples_rclpy_minimal_action_client:/home/samue/install/examples_rclpy_guard_conditions:/home/samue/install/examples_rclpy_executors:/opt/ros/humble WSLENV=ELECTRON_RUN_AS_NODE/w: /usr/bin/cmake /home/samue/GitHub/esda-ros-firmware/src/esda_ros_interface -DCMAKE_INSTALL_PREFIX=/home/samue/GitHub/esda-ros-firmware/src/esda_ros_interface/install/esda_ros_interface
[0.520s] -- The C compiler identification is GNU 11.4.0
[1.904s] -- The CXX compiler identification is GNU 11.4.0
[2.677s] -- Detecting C compiler ABI info
[2.993s] -- Detecting C compiler ABI info - done
[3.003s] -- Check for working C compiler: /usr/bin/cc - skipped
[3.006s] -- Detecting C compile features
[3.008s] -- Detecting C compile features - done
[3.016s] -- Detecting CXX compiler ABI info
[3.370s] -- Detecting CXX compiler ABI info - done
[3.376s] -- Check for working CXX compiler: /usr/bin/c++ - skipped
[3.377s] -- Detecting CXX compile features
[3.377s] -- Detecting CXX compile features - done
[3.401s] -- Found ament_cmake: 1.3.9 (/opt/ros/humble/share/ament_cmake/cmake)
[3.630s] -- Found Python3: /usr/bin/python3 (found version "3.10.12") found components: Interpreter 
[3.764s] -- Found rosidl_default_generators: 1.2.0 (/opt/ros/humble/share/rosidl_default_generators/cmake)
[3.773s] -- Using all available rosidl_typesupport_c: rosidl_typesupport_fastrtps_c;rosidl_typesupport_introspection_c
[3.783s] -- Found rosidl_adapter: 3.1.5 (/opt/ros/humble/share/rosidl_adapter/cmake)
[4.269s] -- Using all available rosidl_typesupport_cpp: rosidl_typesupport_fastrtps_cpp;rosidl_typesupport_introspection_cpp
[4.331s] -- Found rclcpp: 16.0.9 (/opt/ros/humble/share/rclcpp/cmake)
[4.460s] -- Found rmw_implementation_cmake: 6.1.2 (/opt/ros/humble/share/rmw_implementation_cmake/cmake)
[4.465s] -- Found rmw_fastrtps_cpp: 6.2.6 (/opt/ros/humble/share/rmw_fastrtps_cpp/cmake)
[8.605s] -- Found OpenSSL: /usr/lib/x86_64-linux-gnu/libcrypto.so (found version "3.0.2")  
[12.880s] -- Found FastRTPS: /opt/ros/humble/include  
[20.381s] -- Using RMW implementation 'rmw_fastrtps_cpp' as default
[20.404s] -- Looking for pthread.h
[20.724s] -- Looking for pthread.h - found
[20.724s] -- Performing Test CMAKE_HAVE_LIBC_PTHREAD
[21.054s] -- Performing Test CMAKE_HAVE_LIBC_PTHREAD - Success
[21.055s] -- Found Threads: TRUE  
[21.513s] -- Found ament_cmake_ros: 0.10.0 (/opt/ros/humble/share/ament_cmake_ros/cmake)
[21.752s] -- Using all available rosidl_typesupport_c: rosidl_typesupport_fastrtps_c;rosidl_typesupport_introspection_c
[22.030s] -- Using all available rosidl_typesupport_cpp: rosidl_typesupport_fastrtps_cpp;rosidl_typesupport_introspection_cpp
[22.399s] -- Found PythonInterp: /usr/bin/python3 (found suitable version "3.10.12", minimum required is "3.6") 
[22.406s] -- Found python_cmake_module: 0.10.0 (/opt/ros/humble/share/python_cmake_module/cmake)
[23.562s] -- Found PythonLibs: /usr/lib/x86_64-linux-gnu/libpython3.10.so (found suitable version "3.10.12", minimum required is "3.5") 
[23.563s] -- Using PYTHON_EXECUTABLE: /usr/bin/python3
[23.563s] -- Using PYTHON_INCLUDE_DIRS: /usr/include/python3.10
[23.563s] -- Using PYTHON_LIBRARIES: /usr/lib/x86_64-linux-gnu/libpython3.10.so
[23.591s] -- Found PythonExtra: .so  
[23.792s] [0mCMake Deprecation Warning at /opt/ros/humble/share/rosidl_cmake/cmake/rosidl_target_interfaces.cmake:32 (message):
[23.792s]   Use rosidl_get_typesupport_target() and target_link_libraries() instead of
[23.792s]   rosidl_target_interfaces()
[23.792s] Call Stack (most recent call first):
[23.792s]   CMakeLists.txt:26 (rosidl_target_interfaces)
[23.792s] 
[23.793s] [0m
[23.808s] -- Configuring done
[23.836s] -- Generating done
[23.838s] -- Build files have been written to: /home/samue/GitHub/esda-ros-firmware/src/esda_ros_interface/build/esda_ros_interface
[23.847s] Invoked command in '/home/samue/GitHub/esda-ros-firmware/src/esda_ros_interface/build/esda_ros_interface' returned '0': CMAKE_PREFIX_PATH=${CMAKE_PREFIX_PATH}:/home/samue/install/launch_testing_examples:/home/samue/install/examples_rclpy_pointcloud_publisher:/home/samue/install/examples_rclpy_minimal_subscriber:/home/samue/install/examples_rclpy_minimal_service:/home/samue/install/examples_rclpy_minimal_publisher:/home/samue/install/examples_rclpy_minimal_client:/home/samue/install/examples_rclpy_minimal_action_server:/home/samue/install/examples_rclpy_minimal_action_client:/home/samue/install/examples_rclpy_guard_conditions:/home/samue/install/examples_rclpy_executors:/opt/ros/humble WSLENV=ELECTRON_RUN_AS_NODE/w: /usr/bin/cmake /home/samue/GitHub/esda-ros-firmware/src/esda_ros_interface -DCMAKE_INSTALL_PREFIX=/home/samue/GitHub/esda-ros-firmware/src/esda_ros_interface/install/esda_ros_interface
[23.848s] Invoking command in '/home/samue/GitHub/esda-ros-firmware/src/esda_ros_interface/build/esda_ros_interface': CMAKE_PREFIX_PATH=${CMAKE_PREFIX_PATH}:/home/samue/install/launch_testing_examples:/home/samue/install/examples_rclpy_pointcloud_publisher:/home/samue/install/examples_rclpy_minimal_subscriber:/home/samue/install/examples_rclpy_minimal_service:/home/samue/install/examples_rclpy_minimal_publisher:/home/samue/install/examples_rclpy_minimal_client:/home/samue/install/examples_rclpy_minimal_action_server:/home/samue/install/examples_rclpy_minimal_action_client:/home/samue/install/examples_rclpy_guard_conditions:/home/samue/install/examples_rclpy_executors:/opt/ros/humble WSLENV=ELECTRON_RUN_AS_NODE/w: /usr/bin/cmake --build /home/samue/GitHub/esda-ros-firmware/src/esda_ros_interface/build/esda_ros_interface -- -j20 -l20
[23.879s] [  3%] [34m[1mGenerating C code for ROS interfaces[0m
[23.886s] [  6%] [34m[1mGenerating C++ code for ROS interfaces[0m
[23.892s] [  6%] Built target ament_cmake_python_copy_esda_ros_interface
[24.077s] running egg_info
[24.078s] creating esda_ros_interface.egg-info
[24.078s] writing esda_ros_interface.egg-info/PKG-INFO
[24.078s] writing dependency_links to esda_ros_interface.egg-info/dependency_links.txt
[24.078s] writing top-level names to esda_ros_interface.egg-info/top_level.txt
[24.078s] writing manifest file 'esda_ros_interface.egg-info/SOURCES.txt'
[24.082s] reading manifest file 'esda_ros_interface.egg-info/SOURCES.txt'
[24.082s] writing manifest file 'esda_ros_interface.egg-info/SOURCES.txt'
[24.091s] [  6%] Built target esda_ros_interface__cpp
[24.098s] [ 12%] [34m[1mGenerating C++ type support dispatch for ROS interfaces[0m
[24.098s] [ 15%] [34m[1mGenerating C++ introspection for ROS interfaces[0m
[24.098s] [ 12%] [34m[1mGenerating C++ type support for eProsima Fast-RTPS[0m
[24.101s] [ 18%] [32mBuilding C object CMakeFiles/esda_ros_interface__rosidl_generator_c.dir/rosidl_generator_c/esda_ros_interface/msg/detail/esda_message__functions.c.o[0m
[24.102s] [ 18%] Built target ament_cmake_python_build_esda_ros_interface_egg
[24.155s] [ 21%] [32m[1mLinking C shared library libesda_ros_interface__rosidl_generator_c.so[0m
[24.269s] [ 24%] [32mBuilding CXX object CMakeFiles/esda_ros_interface__rosidl_typesupport_cpp.dir/rosidl_typesupport_cpp/esda_ros_interface/msg/esda_message__type_support.cpp.o[0m
[24.282s] [ 27%] [32mBuilding CXX object CMakeFiles/esda_ros_interface__rosidl_typesupport_introspection_cpp.dir/rosidl_typesupport_introspection_cpp/esda_ros_interface/msg/detail/esda_message__type_support.cpp.o[0m
[24.287s] [ 30%] [32mBuilding CXX object CMakeFiles/esda_ros_interface__rosidl_typesupport_fastrtps_cpp.dir/rosidl_typesupport_fastrtps_cpp/esda_ros_interface/msg/detail/dds_fastrtps/esda_message__type_support.cpp.o[0m
[24.416s] [ 30%] Built target esda_ros_interface__rosidl_generator_c
[24.423s] [ 33%] [34m[1mGenerating C type support for eProsima Fast-RTPS[0m
[24.424s] [ 36%] [34m[1mGenerating C introspection for ROS interfaces[0m
[24.424s] [ 39%] [34m[1mGenerating C type support dispatch for ROS interfaces[0m
[24.486s] [ 42%] [32m[1mLinking CXX shared library libesda_ros_interface__rosidl_typesupport_cpp.so[0m
[24.563s] [ 45%] [32m[1mLinking CXX shared library libesda_ros_interface__rosidl_typesupport_introspection_cpp.so[0m
[24.568s] [ 48%] [32m[1mLinking CXX shared library libesda_ros_interface__rosidl_typesupport_fastrtps_cpp.so[0m
[24.607s] [ 51%] [32mBuilding CXX object CMakeFiles/esda_ros_interface__rosidl_typesupport_c.dir/rosidl_typesupport_c/esda_ros_interface/msg/esda_message__type_support.cpp.o[0m
[24.613s] [ 54%] [32mBuilding C object CMakeFiles/esda_ros_interface__rosidl_typesupport_introspection_c.dir/rosidl_typesupport_introspection_c/esda_ros_interface/msg/detail/esda_message__type_support.c.o[0m
[24.621s] [ 57%] [32mBuilding CXX object CMakeFiles/esda_ros_interface__rosidl_typesupport_fastrtps_c.dir/rosidl_typesupport_fastrtps_c/esda_ros_interface/msg/detail/esda_message__type_support_c.cpp.o[0m
[24.628s] [ 60%] [32m[1mLinking CXX shared library libesda_ros_interface__rosidl_typesupport_c.so[0m
[24.636s] [ 63%] [32m[1mLinking C shared library libesda_ros_interface__rosidl_typesupport_introspection_c.so[0m
[24.766s] [ 63%] Built target esda_ros_interface__rosidl_typesupport_cpp
[24.784s] [ 63%] Built target esda_ros_interface__rosidl_typesupport_introspection_cpp
[24.806s] [ 63%] Built target esda_ros_interface__rosidl_typesupport_fastrtps_cpp
[24.840s] [ 63%] Built target esda_ros_interface__rosidl_typesupport_introspection_c
[24.841s] [ 66%] [32m[1mLinking CXX shared library libesda_ros_interface__rosidl_typesupport_fastrtps_c.so[0m
[24.846s] [ 66%] Built target esda_ros_interface__rosidl_typesupport_c
[25.126s] [ 66%] Built target esda_ros_interface__rosidl_typesupport_fastrtps_c
[25.140s] [ 66%] Built target esda_ros_interface
[25.157s] [ 69%] [34m[1mGenerating Python code for ROS interfaces[0m
[25.157s] [ 72%] [32mBuilding CXX object CMakeFiles/esda_serial_to_pc.dir/src/esda_serial_to_pc.cpp.o[0m
[25.383s] [ 72%] Built target esda_ros_interface__py
[25.396s] [ 75%] [32mBuilding C object CMakeFiles/esda_ros_interface__rosidl_generator_py.dir/rosidl_generator_py/esda_ros_interface/msg/_esda_message_s.c.o[0m
[25.499s] [ 78%] [32m[1mLinking C shared library rosidl_generator_py/esda_ros_interface/libesda_ros_interface__rosidl_generator_py.so[0m
[25.711s] [ 78%] Built target esda_ros_interface__rosidl_generator_py
[25.725s] [ 81%] [32mBuilding C object CMakeFiles/esda_ros_interface__rosidl_typesupport_fastrtps_c__pyext.dir/rosidl_generator_py/esda_ros_interface/_esda_ros_interface_s.ep.rosidl_typesupport_fastrtps_c.c.o[0m
[25.725s] [ 84%] [32mBuilding C object CMakeFiles/esda_ros_interface__rosidl_typesupport_introspection_c__pyext.dir/rosidl_generator_py/esda_ros_interface/_esda_ros_interface_s.ep.rosidl_typesupport_introspection_c.c.o[0m
[25.727s] [ 87%] [32mBuilding C object CMakeFiles/esda_ros_interface__rosidl_typesupport_c__pyext.dir/rosidl_generator_py/esda_ros_interface/_esda_ros_interface_s.ep.rosidl_typesupport_c.c.o[0m
[25.788s] [ 93%] [32m[1mLinking C shared library rosidl_generator_py/esda_ros_interface/esda_ros_interface_s__rosidl_typesupport_introspection_c.cpython-310-x86_64-linux-gnu.so[0m
[25.788s] [ 93%] [32m[1mLinking C shared library rosidl_generator_py/esda_ros_interface/esda_ros_interface_s__rosidl_typesupport_fastrtps_c.cpython-310-x86_64-linux-gnu.so[0m
[25.804s] [ 96%] [32m[1mLinking C shared library rosidl_generator_py/esda_ros_interface/esda_ros_interface_s__rosidl_typesupport_c.cpython-310-x86_64-linux-gnu.so[0m
[25.972s] [ 96%] Built target esda_ros_interface__rosidl_typesupport_introspection_c__pyext
[25.976s] [ 96%] Built target esda_ros_interface__rosidl_typesupport_fastrtps_c__pyext
[26.065s] [ 96%] Built target esda_ros_interface__rosidl_typesupport_c__pyext
[27.354s] [100%] [32m[1mLinking CXX executable esda_serial_to_pc[0m
[27.722s] [100%] Built target esda_serial_to_pc
[27.737s] Invoked command in '/home/samue/GitHub/esda-ros-firmware/src/esda_ros_interface/build/esda_ros_interface' returned '0': CMAKE_PREFIX_PATH=${CMAKE_PREFIX_PATH}:/home/samue/install/launch_testing_examples:/home/samue/install/examples_rclpy_pointcloud_publisher:/home/samue/install/examples_rclpy_minimal_subscriber:/home/samue/install/examples_rclpy_minimal_service:/home/samue/install/examples_rclpy_minimal_publisher:/home/samue/install/examples_rclpy_minimal_client:/home/samue/install/examples_rclpy_minimal_action_server:/home/samue/install/examples_rclpy_minimal_action_client:/home/samue/install/examples_rclpy_guard_conditions:/home/samue/install/examples_rclpy_executors:/opt/ros/humble WSLENV=ELECTRON_RUN_AS_NODE/w: /usr/bin/cmake --build /home/samue/GitHub/esda-ros-firmware/src/esda_ros_interface/build/esda_ros_interface -- -j20 -l20
[27.797s] Invoking command in '/home/samue/GitHub/esda-ros-firmware/src/esda_ros_interface/build/esda_ros_interface': CMAKE_PREFIX_PATH=${CMAKE_PREFIX_PATH}:/home/samue/install/launch_testing_examples:/home/samue/install/examples_rclpy_pointcloud_publisher:/home/samue/install/examples_rclpy_minimal_subscriber:/home/samue/install/examples_rclpy_minimal_service:/home/samue/install/examples_rclpy_minimal_publisher:/home/samue/install/examples_rclpy_minimal_client:/home/samue/install/examples_rclpy_minimal_action_server:/home/samue/install/examples_rclpy_minimal_action_client:/home/samue/install/examples_rclpy_guard_conditions:/home/samue/install/examples_rclpy_executors:/opt/ros/humble WSLENV=ELECTRON_RUN_AS_NODE/w: /usr/bin/cmake --install /home/samue/GitHub/esda-ros-firmware/src/esda_ros_interface/build/esda_ros_interface
[27.802s] -- Install configuration: ""
[27.802s] -- Installing: /home/samue/GitHub/esda-ros-firmware/src/esda_ros_interface/install/esda_ros_interface/share/ament_index/resource_index/rosidl_interfaces/esda_ros_interface
[27.803s] -- Installing: /home/samue/GitHub/esda-ros-firmware/src/esda_ros_interface/install/esda_ros_interface/include/esda_ros_interface/esda_ros_interface
[27.803s] -- Installing: /home/samue/GitHub/esda-ros-firmware/src/esda_ros_interface/install/esda_ros_interface/include/esda_ros_interface/esda_ros_interface/msg
[27.803s] -- Installing: /home/samue/GitHub/esda-ros-firmware/src/esda_ros_interface/install/esda_ros_interface/include/esda_ros_interface/esda_ros_interface/msg/esda_message.h
[27.803s] -- Installing: /home/samue/GitHub/esda-ros-firmware/src/esda_ros_interface/install/esda_ros_interface/include/esda_ros_interface/esda_ros_interface/msg/rosidl_generator_c__visibility_control.h
[27.803s] -- Installing: /home/samue/GitHub/esda-ros-firmware/src/esda_ros_interface/install/esda_ros_interface/include/esda_ros_interface/esda_ros_interface/msg/detail
[27.803s] -- Installing: /home/samue/GitHub/esda-ros-firmware/src/esda_ros_interface/install/esda_ros_interface/include/esda_ros_interface/esda_ros_interface/msg/detail/esda_message__type_support.h
[27.803s] -- Installing: /home/samue/GitHub/esda-ros-firmware/src/esda_ros_interface/install/esda_ros_interface/include/esda_ros_interface/esda_ros_interface/msg/detail/esda_message__functions.c
[27.804s] -- Installing: /home/samue/GitHub/esda-ros-firmware/src/esda_ros_interface/install/esda_ros_interface/include/esda_ros_interface/esda_ros_interface/msg/detail/esda_message__functions.h
[27.804s] -- Installing: /home/samue/GitHub/esda-ros-firmware/src/esda_ros_interface/install/esda_ros_interface/include/esda_ros_interface/esda_ros_interface/msg/detail/esda_message__struct.h
[27.804s] -- Installing: /home/samue/GitHub/esda-ros-firmware/src/esda_ros_interface/install/esda_ros_interface/share/esda_ros_interface/environment/library_path.sh
[27.804s] -- Installing: /home/samue/GitHub/esda-ros-firmware/src/esda_ros_interface/install/esda_ros_interface/share/esda_ros_interface/environment/library_path.dsv
[27.804s] -- Installing: /home/samue/GitHub/esda-ros-firmware/src/esda_ros_interface/install/esda_ros_interface/lib/libesda_ros_interface__rosidl_generator_c.so
[27.804s] -- Set runtime path of "/home/samue/GitHub/esda-ros-firmware/src/esda_ros_interface/install/esda_ros_interface/lib/libesda_ros_interface__rosidl_generator_c.so" to ""
[27.804s] -- Up-to-date: /home/samue/GitHub/esda-ros-firmware/src/esda_ros_interface/install/esda_ros_interface/include/esda_ros_interface/esda_ros_interface
[27.804s] -- Up-to-date: /home/samue/GitHub/esda-ros-firmware/src/esda_ros_interface/install/esda_ros_interface/include/esda_ros_interface/esda_ros_interface/msg
[27.805s] -- Installing: /home/samue/GitHub/esda-ros-firmware/src/esda_ros_interface/install/esda_ros_interface/include/esda_ros_interface/esda_ros_interface/msg/rosidl_typesupport_fastrtps_c__visibility_control.h
[27.805s] -- Up-to-date: /home/samue/GitHub/esda-ros-firmware/src/esda_ros_interface/install/esda_ros_interface/include/esda_ros_interface/esda_ros_interface/msg/detail
[27.805s] -- Installing: /home/samue/GitHub/esda-ros-firmware/src/esda_ros_interface/install/esda_ros_interface/include/esda_ros_interface/esda_ros_interface/msg/detail/esda_message__rosidl_typesupport_fastrtps_c.h
[27.805s] -- Installing: /home/samue/GitHub/esda-ros-firmware/src/esda_ros_interface/install/esda_ros_interface/lib/libesda_ros_interface__rosidl_typesupport_fastrtps_c.so
[27.805s] -- Set runtime path of "/home/samue/GitHub/esda-ros-firmware/src/esda_ros_interface/install/esda_ros_interface/lib/libesda_ros_interface__rosidl_typesupport_fastrtps_c.so" to ""
[27.805s] -- Up-to-date: /home/samue/GitHub/esda-ros-firmware/src/esda_ros_interface/install/esda_ros_interface/include/esda_ros_interface/esda_ros_interface
[27.805s] -- Up-to-date: /home/samue/GitHub/esda-ros-firmware/src/esda_ros_interface/install/esda_ros_interface/include/esda_ros_interface/esda_ros_interface/msg
[27.805s] -- Installing: /home/samue/GitHub/esda-ros-firmware/src/esda_ros_interface/install/esda_ros_interface/include/esda_ros_interface/esda_ros_interface/msg/rosidl_typesupport_introspection_c__visibility_control.h
[27.806s] -- Up-to-date: /home/samue/GitHub/esda-ros-firmware/src/esda_ros_interface/install/esda_ros_interface/include/esda_ros_interface/esda_ros_interface/msg/detail
[27.806s] -- Installing: /home/samue/GitHub/esda-ros-firmware/src/esda_ros_interface/install/esda_ros_interface/include/esda_ros_interface/esda_ros_interface/msg/detail/esda_message__type_support.c
[27.806s] -- Installing: /home/samue/GitHub/esda-ros-firmware/src/esda_ros_interface/install/esda_ros_interface/include/esda_ros_interface/esda_ros_interface/msg/detail/esda_message__rosidl_typesupport_introspection_c.h
[27.806s] -- Installing: /home/samue/GitHub/esda-ros-firmware/src/esda_ros_interface/install/esda_ros_interface/lib/libesda_ros_interface__rosidl_typesupport_introspection_c.so
[27.806s] -- Set runtime path of "/home/samue/GitHub/esda-ros-firmware/src/esda_ros_interface/install/esda_ros_interface/lib/libesda_ros_interface__rosidl_typesupport_introspection_c.so" to ""
[27.806s] -- Installing: /home/samue/GitHub/esda-ros-firmware/src/esda_ros_interface/install/esda_ros_interface/lib/libesda_ros_interface__rosidl_typesupport_c.so
[27.807s] -- Set runtime path of "/home/samue/GitHub/esda-ros-firmware/src/esda_ros_interface/install/esda_ros_interface/lib/libesda_ros_interface__rosidl_typesupport_c.so" to ""
[27.807s] -- Up-to-date: /home/samue/GitHub/esda-ros-firmware/src/esda_ros_interface/install/esda_ros_interface/include/esda_ros_interface/esda_ros_interface
[27.807s] -- Up-to-date: /home/samue/GitHub/esda-ros-firmware/src/esda_ros_interface/install/esda_ros_interface/include/esda_ros_interface/esda_ros_interface/msg
[27.807s] -- Installing: /home/samue/GitHub/esda-ros-firmware/src/esda_ros_interface/install/esda_ros_interface/include/esda_ros_interface/esda_ros_interface/msg/esda_message.hpp
[27.807s] -- Up-to-date: /home/samue/GitHub/esda-ros-firmware/src/esda_ros_interface/install/esda_ros_interface/include/esda_ros_interface/esda_ros_interface/msg/detail
[27.807s] -- Installing: /home/samue/GitHub/esda-ros-firmware/src/esda_ros_interface/install/esda_ros_interface/include/esda_ros_interface/esda_ros_interface/msg/detail/esda_message__struct.hpp
[27.807s] -- Installing: /home/samue/GitHub/esda-ros-firmware/src/esda_ros_interface/install/esda_ros_interface/include/esda_ros_interface/esda_ros_interface/msg/detail/esda_message__traits.hpp
[27.807s] -- Installing: /home/samue/GitHub/esda-ros-firmware/src/esda_ros_interface/install/esda_ros_interface/include/esda_ros_interface/esda_ros_interface/msg/detail/esda_message__builder.hpp
[27.807s] -- Up-to-date: /home/samue/GitHub/esda-ros-firmware/src/esda_ros_interface/install/esda_ros_interface/include/esda_ros_interface/esda_ros_interface
[27.807s] -- Up-to-date: /home/samue/GitHub/esda-ros-firmware/src/esda_ros_interface/install/esda_ros_interface/include/esda_ros_interface/esda_ros_interface/msg
[27.807s] -- Installing: /home/samue/GitHub/esda-ros-firmware/src/esda_ros_interface/install/esda_ros_interface/include/esda_ros_interface/esda_ros_interface/msg/rosidl_typesupport_fastrtps_cpp__visibility_control.h
[27.808s] -- Up-to-date: /home/samue/GitHub/esda-ros-firmware/src/esda_ros_interface/install/esda_ros_interface/include/esda_ros_interface/esda_ros_interface/msg/detail
[27.808s] -- Installing: /home/samue/GitHub/esda-ros-firmware/src/esda_ros_interface/install/esda_ros_interface/include/esda_ros_interface/esda_ros_interface/msg/detail/dds_fastrtps
[27.808s] -- Installing: /home/samue/GitHub/esda-ros-firmware/src/esda_ros_interface/install/esda_ros_interface/include/esda_ros_interface/esda_ros_interface/msg/detail/esda_message__rosidl_typesupport_fastrtps_cpp.hpp
[27.808s] -- Installing: /home/samue/GitHub/esda-ros-firmware/src/esda_ros_interface/install/esda_ros_interface/lib/libesda_ros_interface__rosidl_typesupport_fastrtps_cpp.so
[27.808s] -- Set runtime path of "/home/samue/GitHub/esda-ros-firmware/src/esda_ros_interface/install/esda_ros_interface/lib/libesda_ros_interface__rosidl_typesupport_fastrtps_cpp.so" to ""
[27.808s] -- Up-to-date: /home/samue/GitHub/esda-ros-firmware/src/esda_ros_interface/install/esda_ros_interface/include/esda_ros_interface/esda_ros_interface
[27.808s] -- Up-to-date: /home/samue/GitHub/esda-ros-firmware/src/esda_ros_interface/install/esda_ros_interface/include/esda_ros_interface/esda_ros_interface/msg
[27.808s] -- Up-to-date: /home/samue/GitHub/esda-ros-firmware/src/esda_ros_interface/install/esda_ros_interface/include/esda_ros_interface/esda_ros_interface/msg/detail
[27.808s] -- Installing: /home/samue/GitHub/esda-ros-firmware/src/esda_ros_interface/install/esda_ros_interface/include/esda_ros_interface/esda_ros_interface/msg/detail/esda_message__type_support.cpp
[27.808s] -- Installing: /home/samue/GitHub/esda-ros-firmware/src/esda_ros_interface/install/esda_ros_interface/include/esda_ros_interface/esda_ros_interface/msg/detail/esda_message__rosidl_typesupport_introspection_cpp.hpp
[27.808s] -- Installing: /home/samue/GitHub/esda-ros-firmware/src/esda_ros_interface/install/esda_ros_interface/lib/libesda_ros_interface__rosidl_typesupport_introspection_cpp.so
[27.808s] -- Set runtime path of "/home/samue/GitHub/esda-ros-firmware/src/esda_ros_interface/install/esda_ros_interface/lib/libesda_ros_interface__rosidl_typesupport_introspection_cpp.so" to ""
[27.808s] -- Installing: /home/samue/GitHub/esda-ros-firmware/src/esda_ros_interface/install/esda_ros_interface/lib/libesda_ros_interface__rosidl_typesupport_cpp.so
[27.808s] -- Set runtime path of "/home/samue/GitHub/esda-ros-firmware/src/esda_ros_interface/install/esda_ros_interface/lib/libesda_ros_interface__rosidl_typesupport_cpp.so" to ""
[27.809s] -- Installing: /home/samue/GitHub/esda-ros-firmware/src/esda_ros_interface/install/esda_ros_interface/share/esda_ros_interface/environment/pythonpath.sh
[27.809s] -- Installing: /home/samue/GitHub/esda-ros-firmware/src/esda_ros_interface/install/esda_ros_interface/share/esda_ros_interface/environment/pythonpath.dsv
[27.809s] -- Installing: /home/samue/GitHub/esda-ros-firmware/src/esda_ros_interface/install/esda_ros_interface/local/lib/python3.10/dist-packages/esda_ros_interface-0.0.0-py3.10.egg-info
[27.809s] -- Installing: /home/samue/GitHub/esda-ros-firmware/src/esda_ros_interface/install/esda_ros_interface/local/lib/python3.10/dist-packages/esda_ros_interface-0.0.0-py3.10.egg-info/dependency_links.txt
[27.809s] -- Installing: /home/samue/GitHub/esda-ros-firmware/src/esda_ros_interface/install/esda_ros_interface/local/lib/python3.10/dist-packages/esda_ros_interface-0.0.0-py3.10.egg-info/PKG-INFO
[27.809s] -- Installing: /home/samue/GitHub/esda-ros-firmware/src/esda_ros_interface/install/esda_ros_interface/local/lib/python3.10/dist-packages/esda_ros_interface-0.0.0-py3.10.egg-info/SOURCES.txt
[27.809s] -- Installing: /home/samue/GitHub/esda-ros-firmware/src/esda_ros_interface/install/esda_ros_interface/local/lib/python3.10/dist-packages/esda_ros_interface-0.0.0-py3.10.egg-info/top_level.txt
[27.809s] -- Installing: /home/samue/GitHub/esda-ros-firmware/src/esda_ros_interface/install/esda_ros_interface/local/lib/python3.10/dist-packages/esda_ros_interface
[27.809s] -- Installing: /home/samue/GitHub/esda-ros-firmware/src/esda_ros_interface/install/esda_ros_interface/local/lib/python3.10/dist-packages/esda_ros_interface/libesda_ros_interface__rosidl_generator_py.so
[27.809s] -- Installing: /home/samue/GitHub/esda-ros-firmware/src/esda_ros_interface/install/esda_ros_interface/local/lib/python3.10/dist-packages/esda_ros_interface/_esda_ros_interface_s.ep.rosidl_typesupport_fastrtps_c.c
[27.809s] -- Installing: /home/samue/GitHub/esda-ros-firmware/src/esda_ros_interface/install/esda_ros_interface/local/lib/python3.10/dist-packages/esda_ros_interface/msg
[27.809s] -- Installing: /home/samue/GitHub/esda-ros-firmware/src/esda_ros_interface/install/esda_ros_interface/local/lib/python3.10/dist-packages/esda_ros_interface/msg/_esda_message_s.c
[27.809s] -- Installing: /home/samue/GitHub/esda-ros-firmware/src/esda_ros_interface/install/esda_ros_interface/local/lib/python3.10/dist-packages/esda_ros_interface/msg/_esda_message.py
[27.809s] -- Installing: /home/samue/GitHub/esda-ros-firmware/src/esda_ros_interface/install/esda_ros_interface/local/lib/python3.10/dist-packages/esda_ros_interface/msg/__init__.py
[27.810s] -- Installing: /home/samue/GitHub/esda-ros-firmware/src/esda_ros_interface/install/esda_ros_interface/local/lib/python3.10/dist-packages/esda_ros_interface/_esda_ros_interface_s.ep.rosidl_typesupport_c.c
[27.810s] -- Installing: /home/samue/GitHub/esda-ros-firmware/src/esda_ros_interface/install/esda_ros_interface/local/lib/python3.10/dist-packages/esda_ros_interface/esda_ros_interface_s__rosidl_typesupport_fastrtps_c.cpython-310-x86_64-linux-gnu.so
[27.810s] -- Installing: /home/samue/GitHub/esda-ros-firmware/src/esda_ros_interface/install/esda_ros_interface/local/lib/python3.10/dist-packages/esda_ros_interface/esda_ros_interface_s__rosidl_typesupport_c.cpython-310-x86_64-linux-gnu.so
[27.810s] -- Installing: /home/samue/GitHub/esda-ros-firmware/src/esda_ros_interface/install/esda_ros_interface/local/lib/python3.10/dist-packages/esda_ros_interface/esda_ros_interface_s__rosidl_typesupport_introspection_c.cpython-310-x86_64-linux-gnu.so
[27.810s] -- Installing: /home/samue/GitHub/esda-ros-firmware/src/esda_ros_interface/install/esda_ros_interface/local/lib/python3.10/dist-packages/esda_ros_interface/_esda_ros_interface_s.ep.rosidl_typesupport_introspection_c.c
[27.810s] -- Installing: /home/samue/GitHub/esda-ros-firmware/src/esda_ros_interface/install/esda_ros_interface/local/lib/python3.10/dist-packages/esda_ros_interface/__init__.py
[27.854s] Listing '/home/samue/GitHub/esda-ros-firmware/src/esda_ros_interface/install/esda_ros_interface/local/lib/python3.10/dist-packages/esda_ros_interface'...
[27.854s] Compiling '/home/samue/GitHub/esda-ros-firmware/src/esda_ros_interface/install/esda_ros_interface/local/lib/python3.10/dist-packages/esda_ros_interface/__init__.py'...
[27.854s] Listing '/home/samue/GitHub/esda-ros-firmware/src/esda_ros_interface/install/esda_ros_interface/local/lib/python3.10/dist-packages/esda_ros_interface/msg'...
[27.854s] Compiling '/home/samue/GitHub/esda-ros-firmware/src/esda_ros_interface/install/esda_ros_interface/local/lib/python3.10/dist-packages/esda_ros_interface/msg/__init__.py'...
[27.854s] Compiling '/home/samue/GitHub/esda-ros-firmware/src/esda_ros_interface/install/esda_ros_interface/local/lib/python3.10/dist-packages/esda_ros_interface/msg/_esda_message.py'...
[27.858s] -- Installing: /home/samue/GitHub/esda-ros-firmware/src/esda_ros_interface/install/esda_ros_interface/local/lib/python3.10/dist-packages/esda_ros_interface/esda_ros_interface_s__rosidl_typesupport_fastrtps_c.cpython-310-x86_64-linux-gnu.so
[27.858s] -- Set runtime path of "/home/samue/GitHub/esda-ros-firmware/src/esda_ros_interface/install/esda_ros_interface/local/lib/python3.10/dist-packages/esda_ros_interface/esda_ros_interface_s__rosidl_typesupport_fastrtps_c.cpython-310-x86_64-linux-gnu.so" to ""
[27.858s] -- Installing: /home/samue/GitHub/esda-ros-firmware/src/esda_ros_interface/install/esda_ros_interface/local/lib/python3.10/dist-packages/esda_ros_interface/esda_ros_interface_s__rosidl_typesupport_introspection_c.cpython-310-x86_64-linux-gnu.so
[27.858s] -- Set runtime path of "/home/samue/GitHub/esda-ros-firmware/src/esda_ros_interface/install/esda_ros_interface/local/lib/python3.10/dist-packages/esda_ros_interface/esda_ros_interface_s__rosidl_typesupport_introspection_c.cpython-310-x86_64-linux-gnu.so" to ""
[27.859s] -- Installing: /home/samue/GitHub/esda-ros-firmware/src/esda_ros_interface/install/esda_ros_interface/local/lib/python3.10/dist-packages/esda_ros_interface/esda_ros_interface_s__rosidl_typesupport_c.cpython-310-x86_64-linux-gnu.so
[27.859s] -- Set runtime path of "/home/samue/GitHub/esda-ros-firmware/src/esda_ros_interface/install/esda_ros_interface/local/lib/python3.10/dist-packages/esda_ros_interface/esda_ros_interface_s__rosidl_typesupport_c.cpython-310-x86_64-linux-gnu.so" to ""
[27.859s] -- Installing: /home/samue/GitHub/esda-ros-firmware/src/esda_ros_interface/install/esda_ros_interface/lib/libesda_ros_interface__rosidl_generator_py.so
[27.859s] -- Set runtime path of "/home/samue/GitHub/esda-ros-firmware/src/esda_ros_interface/install/esda_ros_interface/lib/libesda_ros_interface__rosidl_generator_py.so" to ""
[27.859s] -- Installing: /home/samue/GitHub/esda-ros-firmware/src/esda_ros_interface/install/esda_ros_interface/share/esda_ros_interface/msg/EsdaMessage.idl
[27.859s] -- Installing: /home/samue/GitHub/esda-ros-firmware/src/esda_ros_interface/install/esda_ros_interface/share/esda_ros_interface/msg/EsdaMessage.msg
[27.859s] -- Installing: /home/samue/GitHub/esda-ros-firmware/src/esda_ros_interface/install/esda_ros_interface/lib/esda_ros_interface/esda_serial_to_pc
[27.860s] -- Set runtime path of "/home/samue/GitHub/esda-ros-firmware/src/esda_ros_interface/install/esda_ros_interface/lib/esda_ros_interface/esda_serial_to_pc" to ""
[27.860s] -- Installing: /home/samue/GitHub/esda-ros-firmware/src/esda_ros_interface/install/esda_ros_interface/share/ament_index/resource_index/package_run_dependencies/esda_ros_interface
[27.860s] -- Installing: /home/samue/GitHub/esda-ros-firmware/src/esda_ros_interface/install/esda_ros_interface/share/ament_index/resource_index/parent_prefix_path/esda_ros_interface
[27.860s] -- Installing: /home/samue/GitHub/esda-ros-firmware/src/esda_ros_interface/install/esda_ros_interface/share/esda_ros_interface/environment/ament_prefix_path.sh
[27.860s] -- Installing: /home/samue/GitHub/esda-ros-firmware/src/esda_ros_interface/install/esda_ros_interface/share/esda_ros_interface/environment/ament_prefix_path.dsv
[27.860s] -- Installing: /home/samue/GitHub/esda-ros-firmware/src/esda_ros_interface/install/esda_ros_interface/share/esda_ros_interface/environment/path.sh
[27.860s] -- Installing: /home/samue/GitHub/esda-ros-firmware/src/esda_ros_interface/install/esda_ros_interface/share/esda_ros_interface/environment/path.dsv
[27.860s] -- Installing: /home/samue/GitHub/esda-ros-firmware/src/esda_ros_interface/install/esda_ros_interface/share/esda_ros_interface/local_setup.bash
[27.861s] -- Installing: /home/samue/GitHub/esda-ros-firmware/src/esda_ros_interface/install/esda_ros_interface/share/esda_ros_interface/local_setup.sh
[27.861s] -- Installing: /home/samue/GitHub/esda-ros-firmware/src/esda_ros_interface/install/esda_ros_interface/share/esda_ros_interface/local_setup.zsh
[27.861s] -- Installing: /home/samue/GitHub/esda-ros-firmware/src/esda_ros_interface/install/esda_ros_interface/share/esda_ros_interface/local_setup.dsv
[27.861s] -- Installing: /home/samue/GitHub/esda-ros-firmware/src/esda_ros_interface/install/esda_ros_interface/share/esda_ros_interface/package.dsv
[27.862s] -- Installing: /home/samue/GitHub/esda-ros-firmware/src/esda_ros_interface/install/esda_ros_interface/share/ament_index/resource_index/packages/esda_ros_interface
[27.862s] -- Installing: /home/samue/GitHub/esda-ros-firmware/src/esda_ros_interface/install/esda_ros_interface/share/esda_ros_interface/cmake/export_esda_ros_interface__rosidl_generator_cExport.cmake
[27.862s] -- Installing: /home/samue/GitHub/esda-ros-firmware/src/esda_ros_interface/install/esda_ros_interface/share/esda_ros_interface/cmake/export_esda_ros_interface__rosidl_generator_cExport-noconfig.cmake
[27.862s] -- Installing: /home/samue/GitHub/esda-ros-firmware/src/esda_ros_interface/install/esda_ros_interface/share/esda_ros_interface/cmake/export_esda_ros_interface__rosidl_typesupport_fastrtps_cExport.cmake
[27.862s] -- Installing: /home/samue/GitHub/esda-ros-firmware/src/esda_ros_interface/install/esda_ros_interface/share/esda_ros_interface/cmake/export_esda_ros_interface__rosidl_typesupport_fastrtps_cExport-noconfig.cmake
[27.862s] -- Installing: /home/samue/GitHub/esda-ros-firmware/src/esda_ros_interface/install/esda_ros_interface/share/esda_ros_interface/cmake/esda_ros_interface__rosidl_typesupport_introspection_cExport.cmake
[27.862s] -- Installing: /home/samue/GitHub/esda-ros-firmware/src/esda_ros_interface/install/esda_ros_interface/share/esda_ros_interface/cmake/esda_ros_interface__rosidl_typesupport_introspection_cExport-noconfig.cmake
[27.862s] -- Installing: /home/samue/GitHub/esda-ros-firmware/src/esda_ros_interface/install/esda_ros_interface/share/esda_ros_interface/cmake/esda_ros_interface__rosidl_typesupport_cExport.cmake
[27.863s] -- Installing: /home/samue/GitHub/esda-ros-firmware/src/esda_ros_interface/install/esda_ros_interface/share/esda_ros_interface/cmake/esda_ros_interface__rosidl_typesupport_cExport-noconfig.cmake
[27.863s] -- Installing: /home/samue/GitHub/esda-ros-firmware/src/esda_ros_interface/install/esda_ros_interface/share/esda_ros_interface/cmake/export_esda_ros_interface__rosidl_generator_cppExport.cmake
[27.863s] -- Installing: /home/samue/GitHub/esda-ros-firmware/src/esda_ros_interface/install/esda_ros_interface/share/esda_ros_interface/cmake/export_esda_ros_interface__rosidl_typesupport_fastrtps_cppExport.cmake
[27.863s] -- Installing: /home/samue/GitHub/esda-ros-firmware/src/esda_ros_interface/install/esda_ros_interface/share/esda_ros_interface/cmake/export_esda_ros_interface__rosidl_typesupport_fastrtps_cppExport-noconfig.cmake
[27.863s] -- Installing: /home/samue/GitHub/esda-ros-firmware/src/esda_ros_interface/install/esda_ros_interface/share/esda_ros_interface/cmake/esda_ros_interface__rosidl_typesupport_introspection_cppExport.cmake
[27.863s] -- Installing: /home/samue/GitHub/esda-ros-firmware/src/esda_ros_interface/install/esda_ros_interface/share/esda_ros_interface/cmake/esda_ros_interface__rosidl_typesupport_introspection_cppExport-noconfig.cmake
[27.863s] -- Installing: /home/samue/GitHub/esda-ros-firmware/src/esda_ros_interface/install/esda_ros_interface/share/esda_ros_interface/cmake/esda_ros_interface__rosidl_typesupport_cppExport.cmake
[27.864s] -- Installing: /home/samue/GitHub/esda-ros-firmware/src/esda_ros_interface/install/esda_ros_interface/share/esda_ros_interface/cmake/esda_ros_interface__rosidl_typesupport_cppExport-noconfig.cmake
[27.864s] -- Installing: /home/samue/GitHub/esda-ros-firmware/src/esda_ros_interface/install/esda_ros_interface/share/esda_ros_interface/cmake/export_esda_ros_interface__rosidl_generator_pyExport.cmake
[27.864s] -- Installing: /home/samue/GitHub/esda-ros-firmware/src/esda_ros_interface/install/esda_ros_interface/share/esda_ros_interface/cmake/export_esda_ros_interface__rosidl_generator_pyExport-noconfig.cmake
[27.864s] -- Installing: /home/samue/GitHub/esda-ros-firmware/src/esda_ros_interface/install/esda_ros_interface/share/esda_ros_interface/cmake/rosidl_cmake-extras.cmake
[27.864s] -- Installing: /home/samue/GitHub/esda-ros-firmware/src/esda_ros_interface/install/esda_ros_interface/share/esda_ros_interface/cmake/ament_cmake_export_include_directories-extras.cmake
[27.864s] -- Installing: /home/samue/GitHub/esda-ros-firmware/src/esda_ros_interface/install/esda_ros_interface/share/esda_ros_interface/cmake/ament_cmake_export_libraries-extras.cmake
[27.864s] -- Installing: /home/samue/GitHub/esda-ros-firmware/src/esda_ros_interface/install/esda_ros_interface/share/esda_ros_interface/cmake/ament_cmake_export_targets-extras.cmake
[27.864s] -- Installing: /home/samue/GitHub/esda-ros-firmware/src/esda_ros_interface/install/esda_ros_interface/share/esda_ros_interface/cmake/rosidl_cmake_export_typesupport_targets-extras.cmake
[27.864s] -- Installing: /home/samue/GitHub/esda-ros-firmware/src/esda_ros_interface/install/esda_ros_interface/share/esda_ros_interface/cmake/ament_cmake_export_dependencies-extras.cmake
[27.864s] -- Installing: /home/samue/GitHub/esda-ros-firmware/src/esda_ros_interface/install/esda_ros_interface/share/esda_ros_interface/cmake/rosidl_cmake_export_typesupport_libraries-extras.cmake
[27.864s] -- Installing: /home/samue/GitHub/esda-ros-firmware/src/esda_ros_interface/install/esda_ros_interface/share/esda_ros_interface/cmake/esda_ros_interfaceConfig.cmake
[27.864s] -- Installing: /home/samue/GitHub/esda-ros-firmware/src/esda_ros_interface/install/esda_ros_interface/share/esda_ros_interface/cmake/esda_ros_interfaceConfig-version.cmake
[27.864s] -- Installing: /home/samue/GitHub/esda-ros-firmware/src/esda_ros_interface/install/esda_ros_interface/share/esda_ros_interface/package.xml
[27.869s] Invoked command in '/home/samue/GitHub/esda-ros-firmware/src/esda_ros_interface/build/esda_ros_interface' returned '0': CMAKE_PREFIX_PATH=${CMAKE_PREFIX_PATH}:/home/samue/install/launch_testing_examples:/home/samue/install/examples_rclpy_pointcloud_publisher:/home/samue/install/examples_rclpy_minimal_subscriber:/home/samue/install/examples_rclpy_minimal_service:/home/samue/install/examples_rclpy_minimal_publisher:/home/samue/install/examples_rclpy_minimal_client:/home/samue/install/examples_rclpy_minimal_action_server:/home/samue/install/examples_rclpy_minimal_action_client:/home/samue/install/examples_rclpy_guard_conditions:/home/samue/install/examples_rclpy_executors:/opt/ros/humble WSLENV=ELECTRON_RUN_AS_NODE/w: /usr/bin/cmake --install /home/samue/GitHub/esda-ros-firmware/src/esda_ros_interface/build/esda_ros_interface
