[0.015s] Invoking command in '/home/samue/GitHub/esda-ros-firmware/src/build/esda_ros_interface': CMAKE_PREFIX_PATH=${CMAKE_PREFIX_PATH}:/home/samue/install/launch_testing_examples:/home/samue/install/examples_rclpy_pointcloud_publisher:/home/samue/install/examples_rclpy_minimal_subscriber:/home/samue/install/examples_rclpy_minimal_service:/home/samue/install/examples_rclpy_minimal_publisher:/home/samue/install/examples_rclpy_minimal_client:/home/samue/install/examples_rclpy_minimal_action_server:/home/samue/install/examples_rclpy_minimal_action_client:/home/samue/install/examples_rclpy_guard_conditions:/home/samue/install/examples_rclpy_executors:/opt/ros/humble WSLENV=ELECTRON_RUN_AS_NODE/w: /usr/bin/cmake --build /home/samue/GitHub/esda-ros-firmware/src/build/esda_ros_interface -- -j20 -l20
[0.053s] [  2%] Built target esda_ros_interface__cpp
[0.053s] [ 11%] Built target esda_ros_interface__rosidl_generator_c
[0.057s] [ 17%] Built target esda_serial_to_pc_node
[0.064s] [ 17%] Built target ament_cmake_python_copy_esda_ros_interface
[0.076s] [ 25%] Built target esda_ros_interface__rosidl_typesupport_cpp
[0.076s] [ 34%] Built target esda_ros_interface__rosidl_typesupport_introspection_cpp
[0.078s] [ 42%] Built target esda_ros_interface__rosidl_typesupport_introspection_c
[0.080s] [ 51%] Built target esda_ros_interface__rosidl_typesupport_fastrtps_c
[0.080s] [ 60%] Built target esda_ros_interface__rosidl_typesupport_fastrtps_cpp
[0.082s] [ 68%] Built target esda_ros_interface__rosidl_typesupport_c
[0.095s] [ 68%] Built target esda_ros_interface
[0.110s] [ 71%] Built target esda_ros_interface__py
[0.116s] [ 74%] [32mBuilding CXX object CMakeFiles/esda_serial_to_pc.dir/src/esda_serial_to_pc.cpp.o[0m
[0.126s] [ 80%] Built target esda_ros_interface__rosidl_generator_py
[0.142s] [ 85%] Built target esda_ros_interface__rosidl_typesupport_introspection_c__pyext
[0.144s] [ 91%] Built target esda_ros_interface__rosidl_typesupport_fastrtps_c__pyext
[0.145s] [ 97%] Built target esda_ros_interface__rosidl_typesupport_c__pyext
[0.249s] running egg_info
[0.250s] writing esda_ros_interface.egg-info/PKG-INFO
[0.250s] writing dependency_links to esda_ros_interface.egg-info/dependency_links.txt
[0.250s] writing top-level names to esda_ros_interface.egg-info/top_level.txt
[0.252s] reading manifest file 'esda_ros_interface.egg-info/SOURCES.txt'
[0.252s] writing manifest file 'esda_ros_interface.egg-info/SOURCES.txt'
[0.273s] [ 97%] Built target ament_cmake_python_build_esda_ros_interface_egg
[3.428s] [100%] [32m[1mLinking CXX executable esda_serial_to_pc[0m
[4.009s] [100%] Built target esda_serial_to_pc
[4.028s] Invoked command in '/home/samue/GitHub/esda-ros-firmware/src/build/esda_ros_interface' returned '0': CMAKE_PREFIX_PATH=${CMAKE_PREFIX_PATH}:/home/samue/install/launch_testing_examples:/home/samue/install/examples_rclpy_pointcloud_publisher:/home/samue/install/examples_rclpy_minimal_subscriber:/home/samue/install/examples_rclpy_minimal_service:/home/samue/install/examples_rclpy_minimal_publisher:/home/samue/install/examples_rclpy_minimal_client:/home/samue/install/examples_rclpy_minimal_action_server:/home/samue/install/examples_rclpy_minimal_action_client:/home/samue/install/examples_rclpy_guard_conditions:/home/samue/install/examples_rclpy_executors:/opt/ros/humble WSLENV=ELECTRON_RUN_AS_NODE/w: /usr/bin/cmake --build /home/samue/GitHub/esda-ros-firmware/src/build/esda_ros_interface -- -j20 -l20
[4.156s] Invoking command in '/home/samue/GitHub/esda-ros-firmware/src/build/esda_ros_interface': CMAKE_PREFIX_PATH=${CMAKE_PREFIX_PATH}:/home/samue/install/launch_testing_examples:/home/samue/install/examples_rclpy_pointcloud_publisher:/home/samue/install/examples_rclpy_minimal_subscriber:/home/samue/install/examples_rclpy_minimal_service:/home/samue/install/examples_rclpy_minimal_publisher:/home/samue/install/examples_rclpy_minimal_client:/home/samue/install/examples_rclpy_minimal_action_server:/home/samue/install/examples_rclpy_minimal_action_client:/home/samue/install/examples_rclpy_guard_conditions:/home/samue/install/examples_rclpy_executors:/opt/ros/humble WSLENV=ELECTRON_RUN_AS_NODE/w: /usr/bin/cmake --install /home/samue/GitHub/esda-ros-firmware/src/build/esda_ros_interface
[4.167s] -- Install configuration: ""
[4.169s] -- Up-to-date: /home/samue/GitHub/esda-ros-firmware/src/install/esda_ros_interface/share/ament_index/resource_index/rosidl_interfaces/esda_ros_interface
[4.169s] -- Up-to-date: /home/samue/GitHub/esda-ros-firmware/src/install/esda_ros_interface/include/esda_ros_interface/esda_ros_interface
[4.169s] -- Up-to-date: /home/samue/GitHub/esda-ros-firmware/src/install/esda_ros_interface/include/esda_ros_interface/esda_ros_interface/msg
[4.169s] -- Up-to-date: /home/samue/GitHub/esda-ros-firmware/src/install/esda_ros_interface/include/esda_ros_interface/esda_ros_interface/msg/esda_message.h
[4.169s] -- Up-to-date: /home/samue/GitHub/esda-ros-firmware/src/install/esda_ros_interface/include/esda_ros_interface/esda_ros_interface/msg/rosidl_generator_c__visibility_control.h
[4.169s] -- Up-to-date: /home/samue/GitHub/esda-ros-firmware/src/install/esda_ros_interface/include/esda_ros_interface/esda_ros_interface/msg/detail
[4.169s] -- Up-to-date: /home/samue/GitHub/esda-ros-firmware/src/install/esda_ros_interface/include/esda_ros_interface/esda_ros_interface/msg/detail/esda_message__type_support.h
[4.169s] -- Up-to-date: /home/samue/GitHub/esda-ros-firmware/src/install/esda_ros_interface/include/esda_ros_interface/esda_ros_interface/msg/detail/esda_message__functions.c
[4.169s] -- Up-to-date: /home/samue/GitHub/esda-ros-firmware/src/install/esda_ros_interface/include/esda_ros_interface/esda_ros_interface/msg/detail/esda_message__functions.h
[4.169s] -- Up-to-date: /home/samue/GitHub/esda-ros-firmware/src/install/esda_ros_interface/include/esda_ros_interface/esda_ros_interface/msg/detail/esda_message__struct.h
[4.170s] -- Up-to-date: /home/samue/GitHub/esda-ros-firmware/src/install/esda_ros_interface/share/esda_ros_interface/environment/library_path.sh
[4.170s] -- Up-to-date: /home/samue/GitHub/esda-ros-firmware/src/install/esda_ros_interface/share/esda_ros_interface/environment/library_path.dsv
[4.171s] -- Up-to-date: /home/samue/GitHub/esda-ros-firmware/src/install/esda_ros_interface/lib/libesda_ros_interface__rosidl_generator_c.so
[4.171s] -- Up-to-date: /home/samue/GitHub/esda-ros-firmware/src/install/esda_ros_interface/include/esda_ros_interface/esda_ros_interface
[4.172s] -- Up-to-date: /home/samue/GitHub/esda-ros-firmware/src/install/esda_ros_interface/include/esda_ros_interface/esda_ros_interface/msg
[4.172s] -- Up-to-date: /home/samue/GitHub/esda-ros-firmware/src/install/esda_ros_interface/include/esda_ros_interface/esda_ros_interface/msg/rosidl_typesupport_fastrtps_c__visibility_control.h
[4.172s] -- Up-to-date: /home/samue/GitHub/esda-ros-firmware/src/install/esda_ros_interface/include/esda_ros_interface/esda_ros_interface/msg/detail
[4.172s] -- Up-to-date: /home/samue/GitHub/esda-ros-firmware/src/install/esda_ros_interface/include/esda_ros_interface/esda_ros_interface/msg/detail/esda_message__rosidl_typesupport_fastrtps_c.h
[4.172s] -- Up-to-date: /home/samue/GitHub/esda-ros-firmware/src/install/esda_ros_interface/lib/libesda_ros_interface__rosidl_typesupport_fastrtps_c.so
[4.173s] -- Up-to-date: /home/samue/GitHub/esda-ros-firmware/src/install/esda_ros_interface/include/esda_ros_interface/esda_ros_interface
[4.173s] -- Up-to-date: /home/samue/GitHub/esda-ros-firmware/src/install/esda_ros_interface/include/esda_ros_interface/esda_ros_interface/msg
[4.173s] -- Up-to-date: /home/samue/GitHub/esda-ros-firmware/src/install/esda_ros_interface/include/esda_ros_interface/esda_ros_interface/msg/rosidl_typesupport_introspection_c__visibility_control.h
[4.173s] -- Up-to-date: /home/samue/GitHub/esda-ros-firmware/src/install/esda_ros_interface/include/esda_ros_interface/esda_ros_interface/msg/detail
[4.174s] -- Up-to-date: /home/samue/GitHub/esda-ros-firmware/src/install/esda_ros_interface/include/esda_ros_interface/esda_ros_interface/msg/detail/esda_message__type_support.c
[4.174s] -- Up-to-date: /home/samue/GitHub/esda-ros-firmware/src/install/esda_ros_interface/include/esda_ros_interface/esda_ros_interface/msg/detail/esda_message__rosidl_typesupport_introspection_c.h
[4.174s] -- Up-to-date: /home/samue/GitHub/esda-ros-firmware/src/install/esda_ros_interface/lib/libesda_ros_interface__rosidl_typesupport_introspection_c.so
[4.175s] -- Up-to-date: /home/samue/GitHub/esda-ros-firmware/src/install/esda_ros_interface/lib/libesda_ros_interface__rosidl_typesupport_c.so
[4.175s] -- Up-to-date: /home/samue/GitHub/esda-ros-firmware/src/install/esda_ros_interface/include/esda_ros_interface/esda_ros_interface
[4.176s] -- Up-to-date: /home/samue/GitHub/esda-ros-firmware/src/install/esda_ros_interface/include/esda_ros_interface/esda_ros_interface/msg
[4.176s] -- Up-to-date: /home/samue/GitHub/esda-ros-firmware/src/install/esda_ros_interface/include/esda_ros_interface/esda_ros_interface/msg/esda_message.hpp
[4.176s] -- Up-to-date: /home/samue/GitHub/esda-ros-firmware/src/install/esda_ros_interface/include/esda_ros_interface/esda_ros_interface/msg/detail
[4.176s] -- Up-to-date: /home/samue/GitHub/esda-ros-firmware/src/install/esda_ros_interface/include/esda_ros_interface/esda_ros_interface/msg/detail/esda_message__struct.hpp
[4.176s] -- Up-to-date: /home/samue/GitHub/esda-ros-firmware/src/install/esda_ros_interface/include/esda_ros_interface/esda_ros_interface/msg/detail/esda_message__traits.hpp
[4.177s] -- Up-to-date: /home/samue/GitHub/esda-ros-firmware/src/install/esda_ros_interface/include/esda_ros_interface/esda_ros_interface/msg/detail/esda_message__builder.hpp
[4.177s] -- Up-to-date: /home/samue/GitHub/esda-ros-firmware/src/install/esda_ros_interface/include/esda_ros_interface/esda_ros_interface
[4.177s] -- Up-to-date: /home/samue/GitHub/esda-ros-firmware/src/install/esda_ros_interface/include/esda_ros_interface/esda_ros_interface/msg
[4.177s] -- Up-to-date: /home/samue/GitHub/esda-ros-firmware/src/install/esda_ros_interface/include/esda_ros_interface/esda_ros_interface/msg/rosidl_typesupport_fastrtps_cpp__visibility_control.h
[4.177s] -- Up-to-date: /home/samue/GitHub/esda-ros-firmware/src/install/esda_ros_interface/include/esda_ros_interface/esda_ros_interface/msg/detail
[4.177s] -- Up-to-date: /home/samue/GitHub/esda-ros-firmware/src/install/esda_ros_interface/include/esda_ros_interface/esda_ros_interface/msg/detail/dds_fastrtps
[4.178s] -- Up-to-date: /home/samue/GitHub/esda-ros-firmware/src/install/esda_ros_interface/include/esda_ros_interface/esda_ros_interface/msg/detail/esda_message__rosidl_typesupport_fastrtps_cpp.hpp
[4.178s] -- Up-to-date: /home/samue/GitHub/esda-ros-firmware/src/install/esda_ros_interface/lib/libesda_ros_interface__rosidl_typesupport_fastrtps_cpp.so
[4.178s] -- Up-to-date: /home/samue/GitHub/esda-ros-firmware/src/install/esda_ros_interface/include/esda_ros_interface/esda_ros_interface
[4.178s] -- Up-to-date: /home/samue/GitHub/esda-ros-firmware/src/install/esda_ros_interface/include/esda_ros_interface/esda_ros_interface/msg
[4.178s] -- Up-to-date: /home/samue/GitHub/esda-ros-firmware/src/install/esda_ros_interface/include/esda_ros_interface/esda_ros_interface/msg/detail
[4.178s] -- Up-to-date: /home/samue/GitHub/esda-ros-firmware/src/install/esda_ros_interface/include/esda_ros_interface/esda_ros_interface/msg/detail/esda_message__type_support.cpp
[4.179s] -- Up-to-date: /home/samue/GitHub/esda-ros-firmware/src/install/esda_ros_interface/include/esda_ros_interface/esda_ros_interface/msg/detail/esda_message__rosidl_typesupport_introspection_cpp.hpp
[4.179s] -- Up-to-date: /home/samue/GitHub/esda-ros-firmware/src/install/esda_ros_interface/lib/libesda_ros_interface__rosidl_typesupport_introspection_cpp.so
[4.179s] -- Up-to-date: /home/samue/GitHub/esda-ros-firmware/src/install/esda_ros_interface/lib/libesda_ros_interface__rosidl_typesupport_cpp.so
[4.180s] -- Up-to-date: /home/samue/GitHub/esda-ros-firmware/src/install/esda_ros_interface/share/esda_ros_interface/environment/pythonpath.sh
[4.180s] -- Up-to-date: /home/samue/GitHub/esda-ros-firmware/src/install/esda_ros_interface/share/esda_ros_interface/environment/pythonpath.dsv
[4.180s] -- Up-to-date: /home/samue/GitHub/esda-ros-firmware/src/install/esda_ros_interface/local/lib/python3.10/dist-packages/esda_ros_interface-0.0.0-py3.10.egg-info
[4.180s] -- Installing: /home/samue/GitHub/esda-ros-firmware/src/install/esda_ros_interface/local/lib/python3.10/dist-packages/esda_ros_interface-0.0.0-py3.10.egg-info/dependency_links.txt
[4.180s] -- Installing: /home/samue/GitHub/esda-ros-firmware/src/install/esda_ros_interface/local/lib/python3.10/dist-packages/esda_ros_interface-0.0.0-py3.10.egg-info/PKG-INFO
[4.180s] -- Installing: /home/samue/GitHub/esda-ros-firmware/src/install/esda_ros_interface/local/lib/python3.10/dist-packages/esda_ros_interface-0.0.0-py3.10.egg-info/SOURCES.txt
[4.181s] -- Installing: /home/samue/GitHub/esda-ros-firmware/src/install/esda_ros_interface/local/lib/python3.10/dist-packages/esda_ros_interface-0.0.0-py3.10.egg-info/top_level.txt
[4.181s] -- Up-to-date: /home/samue/GitHub/esda-ros-firmware/src/install/esda_ros_interface/local/lib/python3.10/dist-packages/esda_ros_interface
[4.181s] -- Up-to-date: /home/samue/GitHub/esda-ros-firmware/src/install/esda_ros_interface/local/lib/python3.10/dist-packages/esda_ros_interface/libesda_ros_interface__rosidl_generator_py.so
[4.181s] -- Up-to-date: /home/samue/GitHub/esda-ros-firmware/src/install/esda_ros_interface/local/lib/python3.10/dist-packages/esda_ros_interface/_esda_ros_interface_s.ep.rosidl_typesupport_fastrtps_c.c
[4.181s] -- Up-to-date: /home/samue/GitHub/esda-ros-firmware/src/install/esda_ros_interface/local/lib/python3.10/dist-packages/esda_ros_interface/msg
[4.181s] -- Up-to-date: /home/samue/GitHub/esda-ros-firmware/src/install/esda_ros_interface/local/lib/python3.10/dist-packages/esda_ros_interface/msg/_esda_message_s.c
[4.182s] -- Up-to-date: /home/samue/GitHub/esda-ros-firmware/src/install/esda_ros_interface/local/lib/python3.10/dist-packages/esda_ros_interface/msg/_esda_message.py
[4.182s] -- Up-to-date: /home/samue/GitHub/esda-ros-firmware/src/install/esda_ros_interface/local/lib/python3.10/dist-packages/esda_ros_interface/msg/__init__.py
[4.182s] -- Up-to-date: /home/samue/GitHub/esda-ros-firmware/src/install/esda_ros_interface/local/lib/python3.10/dist-packages/esda_ros_interface/_esda_ros_interface_s.ep.rosidl_typesupport_c.c
[4.182s] -- Up-to-date: /home/samue/GitHub/esda-ros-firmware/src/install/esda_ros_interface/local/lib/python3.10/dist-packages/esda_ros_interface/esda_ros_interface_s__rosidl_typesupport_fastrtps_c.cpython-310-x86_64-linux-gnu.so
[4.182s] -- Up-to-date: /home/samue/GitHub/esda-ros-firmware/src/install/esda_ros_interface/local/lib/python3.10/dist-packages/esda_ros_interface/esda_ros_interface_s__rosidl_typesupport_c.cpython-310-x86_64-linux-gnu.so
[4.182s] -- Up-to-date: /home/samue/GitHub/esda-ros-firmware/src/install/esda_ros_interface/local/lib/python3.10/dist-packages/esda_ros_interface/esda_ros_interface_s__rosidl_typesupport_introspection_c.cpython-310-x86_64-linux-gnu.so
[4.183s] -- Up-to-date: /home/samue/GitHub/esda-ros-firmware/src/install/esda_ros_interface/local/lib/python3.10/dist-packages/esda_ros_interface/_esda_ros_interface_s.ep.rosidl_typesupport_introspection_c.c
[4.183s] -- Up-to-date: /home/samue/GitHub/esda-ros-firmware/src/install/esda_ros_interface/local/lib/python3.10/dist-packages/esda_ros_interface/__init__.py
[4.217s] Listing '/home/samue/GitHub/esda-ros-firmware/src/install/esda_ros_interface/local/lib/python3.10/dist-packages/esda_ros_interface'...
[4.217s] Listing '/home/samue/GitHub/esda-ros-firmware/src/install/esda_ros_interface/local/lib/python3.10/dist-packages/esda_ros_interface/msg'...
[4.223s] -- Up-to-date: /home/samue/GitHub/esda-ros-firmware/src/install/esda_ros_interface/local/lib/python3.10/dist-packages/esda_ros_interface/esda_ros_interface_s__rosidl_typesupport_fastrtps_c.cpython-310-x86_64-linux-gnu.so
[4.223s] -- Up-to-date: /home/samue/GitHub/esda-ros-firmware/src/install/esda_ros_interface/local/lib/python3.10/dist-packages/esda_ros_interface/esda_ros_interface_s__rosidl_typesupport_introspection_c.cpython-310-x86_64-linux-gnu.so
[4.224s] -- Up-to-date: /home/samue/GitHub/esda-ros-firmware/src/install/esda_ros_interface/local/lib/python3.10/dist-packages/esda_ros_interface/esda_ros_interface_s__rosidl_typesupport_c.cpython-310-x86_64-linux-gnu.so
[4.224s] -- Up-to-date: /home/samue/GitHub/esda-ros-firmware/src/install/esda_ros_interface/lib/libesda_ros_interface__rosidl_generator_py.so
[4.224s] -- Up-to-date: /home/samue/GitHub/esda-ros-firmware/src/install/esda_ros_interface/share/esda_ros_interface/msg/EsdaMessage.idl
[4.224s] -- Up-to-date: /home/samue/GitHub/esda-ros-firmware/src/install/esda_ros_interface/share/esda_ros_interface/msg/EsdaMessage.msg
[4.224s] -- Up-to-date: /home/samue/GitHub/esda-ros-firmware/src/install/esda_ros_interface/lib/esda_ros_interface/esda_serial_to_pc_node
[4.225s] -- Installing: /home/samue/GitHub/esda-ros-firmware/src/install/esda_ros_interface/lib/esda_ros_interface/esda_serial_to_pc
[4.227s] -- Set runtime path of "/home/samue/GitHub/esda-ros-firmware/src/install/esda_ros_interface/lib/esda_ros_interface/esda_serial_to_pc" to ""
[4.227s] -- Up-to-date: /home/samue/GitHub/esda-ros-firmware/src/install/esda_ros_interface/share/ament_index/resource_index/package_run_dependencies/esda_ros_interface
[4.227s] -- Up-to-date: /home/samue/GitHub/esda-ros-firmware/src/install/esda_ros_interface/share/ament_index/resource_index/parent_prefix_path/esda_ros_interface
[4.227s] -- Up-to-date: /home/samue/GitHub/esda-ros-firmware/src/install/esda_ros_interface/share/esda_ros_interface/environment/ament_prefix_path.sh
[4.227s] -- Up-to-date: /home/samue/GitHub/esda-ros-firmware/src/install/esda_ros_interface/share/esda_ros_interface/environment/ament_prefix_path.dsv
[4.228s] -- Up-to-date: /home/samue/GitHub/esda-ros-firmware/src/install/esda_ros_interface/share/esda_ros_interface/environment/path.sh
[4.228s] -- Up-to-date: /home/samue/GitHub/esda-ros-firmware/src/install/esda_ros_interface/share/esda_ros_interface/environment/path.dsv
[4.228s] -- Up-to-date: /home/samue/GitHub/esda-ros-firmware/src/install/esda_ros_interface/share/esda_ros_interface/local_setup.bash
[4.228s] -- Up-to-date: /home/samue/GitHub/esda-ros-firmware/src/install/esda_ros_interface/share/esda_ros_interface/local_setup.sh
[4.228s] -- Up-to-date: /home/samue/GitHub/esda-ros-firmware/src/install/esda_ros_interface/share/esda_ros_interface/local_setup.zsh
[4.228s] -- Up-to-date: /home/samue/GitHub/esda-ros-firmware/src/install/esda_ros_interface/share/esda_ros_interface/local_setup.dsv
[4.228s] -- Installing: /home/samue/GitHub/esda-ros-firmware/src/install/esda_ros_interface/share/esda_ros_interface/package.dsv
[4.228s] -- Up-to-date: /home/samue/GitHub/esda-ros-firmware/src/install/esda_ros_interface/share/ament_index/resource_index/packages/esda_ros_interface
[4.229s] -- Up-to-date: /home/samue/GitHub/esda-ros-firmware/src/install/esda_ros_interface/share/esda_ros_interface/cmake/export_esda_ros_interface__rosidl_generator_cExport.cmake
[4.229s] -- Up-to-date: /home/samue/GitHub/esda-ros-firmware/src/install/esda_ros_interface/share/esda_ros_interface/cmake/export_esda_ros_interface__rosidl_generator_cExport-noconfig.cmake
[4.229s] -- Up-to-date: /home/samue/GitHub/esda-ros-firmware/src/install/esda_ros_interface/share/esda_ros_interface/cmake/export_esda_ros_interface__rosidl_typesupport_fastrtps_cExport.cmake
[4.230s] -- Up-to-date: /home/samue/GitHub/esda-ros-firmware/src/install/esda_ros_interface/share/esda_ros_interface/cmake/export_esda_ros_interface__rosidl_typesupport_fastrtps_cExport-noconfig.cmake
[4.230s] -- Up-to-date: /home/samue/GitHub/esda-ros-firmware/src/install/esda_ros_interface/share/esda_ros_interface/cmake/esda_ros_interface__rosidl_typesupport_introspection_cExport.cmake
[4.230s] -- Up-to-date: /home/samue/GitHub/esda-ros-firmware/src/install/esda_ros_interface/share/esda_ros_interface/cmake/esda_ros_interface__rosidl_typesupport_introspection_cExport-noconfig.cmake
[4.231s] -- Up-to-date: /home/samue/GitHub/esda-ros-firmware/src/install/esda_ros_interface/share/esda_ros_interface/cmake/esda_ros_interface__rosidl_typesupport_cExport.cmake
[4.231s] -- Up-to-date: /home/samue/GitHub/esda-ros-firmware/src/install/esda_ros_interface/share/esda_ros_interface/cmake/esda_ros_interface__rosidl_typesupport_cExport-noconfig.cmake
[4.231s] -- Up-to-date: /home/samue/GitHub/esda-ros-firmware/src/install/esda_ros_interface/share/esda_ros_interface/cmake/export_esda_ros_interface__rosidl_generator_cppExport.cmake
[4.232s] -- Up-to-date: /home/samue/GitHub/esda-ros-firmware/src/install/esda_ros_interface/share/esda_ros_interface/cmake/export_esda_ros_interface__rosidl_typesupport_fastrtps_cppExport.cmake
[4.232s] -- Up-to-date: /home/samue/GitHub/esda-ros-firmware/src/install/esda_ros_interface/share/esda_ros_interface/cmake/export_esda_ros_interface__rosidl_typesupport_fastrtps_cppExport-noconfig.cmake
[4.232s] -- Up-to-date: /home/samue/GitHub/esda-ros-firmware/src/install/esda_ros_interface/share/esda_ros_interface/cmake/esda_ros_interface__rosidl_typesupport_introspection_cppExport.cmake
[4.232s] -- Up-to-date: /home/samue/GitHub/esda-ros-firmware/src/install/esda_ros_interface/share/esda_ros_interface/cmake/esda_ros_interface__rosidl_typesupport_introspection_cppExport-noconfig.cmake
[4.233s] -- Up-to-date: /home/samue/GitHub/esda-ros-firmware/src/install/esda_ros_interface/share/esda_ros_interface/cmake/esda_ros_interface__rosidl_typesupport_cppExport.cmake
[4.233s] -- Up-to-date: /home/samue/GitHub/esda-ros-firmware/src/install/esda_ros_interface/share/esda_ros_interface/cmake/esda_ros_interface__rosidl_typesupport_cppExport-noconfig.cmake
[4.234s] -- Up-to-date: /home/samue/GitHub/esda-ros-firmware/src/install/esda_ros_interface/share/esda_ros_interface/cmake/export_esda_ros_interface__rosidl_generator_pyExport.cmake
[4.234s] -- Up-to-date: /home/samue/GitHub/esda-ros-firmware/src/install/esda_ros_interface/share/esda_ros_interface/cmake/export_esda_ros_interface__rosidl_generator_pyExport-noconfig.cmake
[4.235s] -- Up-to-date: /home/samue/GitHub/esda-ros-firmware/src/install/esda_ros_interface/share/ament_index/resource_index/rclcpp_components/esda_ros_interface
[4.235s] -- Up-to-date: /home/samue/GitHub/esda-ros-firmware/src/install/esda_ros_interface/share/esda_ros_interface/cmake/rosidl_cmake-extras.cmake
[4.236s] -- Up-to-date: /home/samue/GitHub/esda-ros-firmware/src/install/esda_ros_interface/share/esda_ros_interface/cmake/ament_cmake_export_include_directories-extras.cmake
[4.236s] -- Up-to-date: /home/samue/GitHub/esda-ros-firmware/src/install/esda_ros_interface/share/esda_ros_interface/cmake/ament_cmake_export_libraries-extras.cmake
[4.236s] -- Up-to-date: /home/samue/GitHub/esda-ros-firmware/src/install/esda_ros_interface/share/esda_ros_interface/cmake/ament_cmake_export_targets-extras.cmake
[4.236s] -- Up-to-date: /home/samue/GitHub/esda-ros-firmware/src/install/esda_ros_interface/share/esda_ros_interface/cmake/rosidl_cmake_export_typesupport_targets-extras.cmake
[4.236s] -- Up-to-date: /home/samue/GitHub/esda-ros-firmware/src/install/esda_ros_interface/share/esda_ros_interface/cmake/ament_cmake_export_dependencies-extras.cmake
[4.236s] -- Up-to-date: /home/samue/GitHub/esda-ros-firmware/src/install/esda_ros_interface/share/esda_ros_interface/cmake/rosidl_cmake_export_typesupport_libraries-extras.cmake
[4.236s] -- Up-to-date: /home/samue/GitHub/esda-ros-firmware/src/install/esda_ros_interface/share/esda_ros_interface/cmake/esda_ros_interfaceConfig.cmake
[4.236s] -- Up-to-date: /home/samue/GitHub/esda-ros-firmware/src/install/esda_ros_interface/share/esda_ros_interface/cmake/esda_ros_interfaceConfig-version.cmake
[4.236s] -- Up-to-date: /home/samue/GitHub/esda-ros-firmware/src/install/esda_ros_interface/share/esda_ros_interface/package.xml
[4.239s] Invoked command in '/home/samue/GitHub/esda-ros-firmware/src/build/esda_ros_interface' returned '0': CMAKE_PREFIX_PATH=${CMAKE_PREFIX_PATH}:/home/samue/install/launch_testing_examples:/home/samue/install/examples_rclpy_pointcloud_publisher:/home/samue/install/examples_rclpy_minimal_subscriber:/home/samue/install/examples_rclpy_minimal_service:/home/samue/install/examples_rclpy_minimal_publisher:/home/samue/install/examples_rclpy_minimal_client:/home/samue/install/examples_rclpy_minimal_action_server:/home/samue/install/examples_rclpy_minimal_action_client:/home/samue/install/examples_rclpy_guard_conditions:/home/samue/install/examples_rclpy_executors:/opt/ros/humble WSLENV=ELECTRON_RUN_AS_NODE/w: /usr/bin/cmake --install /home/samue/GitHub/esda-ros-firmware/src/build/esda_ros_interface
