-- Found ament_cmake: 1.3.9 (/opt/ros/humble/share/ament_cmake/cmake)
-- Found rosidl_default_generators: 1.2.0 (/opt/ros/humble/share/rosidl_default_generators/cmake)
-- Using all available rosidl_typesupport_c: rosidl_typesupport_fastrtps_c;rosidl_typesupport_introspection_c
-- Found rosidl_adapter: 3.1.5 (/opt/ros/humble/share/rosidl_adapter/cmake)
-- Using all available rosidl_typesupport_cpp: rosidl_typesupport_fastrtps_cpp;rosidl_typesupport_introspection_cpp
-- Found rclcpp: 16.0.9 (/opt/ros/humble/share/rclcpp/cmake)
-- Found rmw_implementation_cmake: 6.1.2 (/opt/ros/humble/share/rmw_implementation_cmake/cmake)
-- Found rmw_fastrtps_cpp: 6.2.6 (/opt/ros/humble/share/rmw_fastrtps_cpp/cmake)
-- Using RMW implementation 'rmw_fastrtps_cpp' as default
-- Found ament_cmake_ros: 0.10.0 (/opt/ros/humble/share/ament_cmake_ros/cmake)
-- Using all available rosidl_typesupport_c: rosidl_typesupport_fastrtps_c;rosidl_typesupport_introspection_c
-- Using all available rosidl_typesupport_cpp: rosidl_typesupport_fastrtps_cpp;rosidl_typesupport_introspection_cpp
-- Found python_cmake_module: 0.10.0 (/opt/ros/humble/share/python_cmake_module/cmake)
-- Using PYTHON_EXECUTABLE: /usr/bin/python3
-- Using PYTHON_INCLUDE_DIRS: /usr/include/python3.10
-- Using PYTHON_LIBRARIES: /usr/lib/x86_64-linux-gnu/libpython3.10.so
[0mCMake Deprecation Warning at /opt/ros/humble/share/rosidl_cmake/cmake/rosidl_target_interfaces.cmake:32 (message):
  Use rosidl_get_typesupport_target() and target_link_libraries() instead of
  rosidl_target_interfaces()
Call Stack (most recent call first):
  CMakeLists.txt:29 (rosidl_target_interfaces)

[0m
-- Configuring done
-- Generating done
-- Build files have been written to: /home/samue/GitHub/esda-ros-firmware/src/build/esda_ros_interface
[35m[1mConsolidate compiler generated dependencies of target esda_ros_interface__rosidl_generator_c[0m
[  3%] Built target esda_ros_interface__cpp
[  6%] [32mBuilding C object CMakeFiles/esda_ros_interface__rosidl_generator_c.dir/rosidl_generator_c/esda_ros_interface/msg/detail/esda_message__functions.c.o[0m
[35m[1mConsolidate compiler generated dependencies of target esda_ros_interface__rosidl_typesupport_cpp[0m
[35m[1mConsolidate compiler generated dependencies of target esda_ros_interface__rosidl_typesupport_fastrtps_cpp[0m
[35m[1mConsolidate compiler generated dependencies of target esda_ros_interface__rosidl_typesupport_introspection_cpp[0m
[  6%] Built target ament_cmake_python_copy_esda_ros_interface
[  9%] [32mBuilding CXX object CMakeFiles/esda_ros_interface__rosidl_typesupport_cpp.dir/rosidl_typesupport_cpp/esda_ros_interface/msg/esda_message__type_support.cpp.o[0m
[ 12%] [32mBuilding CXX object CMakeFiles/esda_ros_interface__rosidl_typesupport_fastrtps_cpp.dir/rosidl_typesupport_fastrtps_cpp/esda_ros_interface/msg/detail/dds_fastrtps/esda_message__type_support.cpp.o[0m
[ 15%] [32mBuilding CXX object CMakeFiles/esda_ros_interface__rosidl_typesupport_introspection_cpp.dir/rosidl_typesupport_introspection_cpp/esda_ros_interface/msg/detail/esda_message__type_support.cpp.o[0m
[ 18%] [32m[1mLinking C shared library libesda_ros_interface__rosidl_generator_c.so[0m
running egg_info
writing esda_ros_interface.egg-info/PKG-INFO
writing dependency_links to esda_ros_interface.egg-info/dependency_links.txt
writing top-level names to esda_ros_interface.egg-info/top_level.txt
reading manifest file 'esda_ros_interface.egg-info/SOURCES.txt'
writing manifest file 'esda_ros_interface.egg-info/SOURCES.txt'
[ 18%] Built target ament_cmake_python_build_esda_ros_interface_egg
[ 21%] [32m[1mLinking CXX shared library libesda_ros_interface__rosidl_typesupport_cpp.so[0m
[ 24%] [32m[1mLinking CXX shared library libesda_ros_interface__rosidl_typesupport_introspection_cpp.so[0m
[ 27%] [32m[1mLinking CXX shared library libesda_ros_interface__rosidl_typesupport_fastrtps_cpp.so[0m
[ 30%] Built target esda_ros_interface__rosidl_generator_c
[35m[1mConsolidate compiler generated dependencies of target esda_ros_interface__rosidl_typesupport_introspection_c[0m
[35m[1mConsolidate compiler generated dependencies of target esda_ros_interface__rosidl_typesupport_fastrtps_c[0m
[35m[1mConsolidate compiler generated dependencies of target esda_ros_interface__rosidl_typesupport_c[0m
[ 33%] [32mBuilding CXX object CMakeFiles/esda_ros_interface__rosidl_typesupport_c.dir/rosidl_typesupport_c/esda_ros_interface/msg/esda_message__type_support.cpp.o[0m
[ 36%] [32mBuilding C object CMakeFiles/esda_ros_interface__rosidl_typesupport_introspection_c.dir/rosidl_typesupport_introspection_c/esda_ros_interface/msg/detail/esda_message__type_support.c.o[0m
[ 39%] [32mBuilding CXX object CMakeFiles/esda_ros_interface__rosidl_typesupport_fastrtps_c.dir/rosidl_typesupport_fastrtps_c/esda_ros_interface/msg/detail/esda_message__type_support_c.cpp.o[0m
[ 42%] [32m[1mLinking CXX shared library libesda_ros_interface__rosidl_typesupport_c.so[0m
[ 45%] [32m[1mLinking C shared library libesda_ros_interface__rosidl_typesupport_introspection_c.so[0m
[ 48%] Built target esda_ros_interface__rosidl_typesupport_cpp
[ 51%] [32m[1mLinking CXX shared library libesda_ros_interface__rosidl_typesupport_fastrtps_c.so[0m
[ 54%] Built target esda_ros_interface__rosidl_typesupport_c
[ 57%] Built target esda_ros_interface__rosidl_typesupport_introspection_cpp
[ 60%] Built target esda_ros_interface__rosidl_typesupport_fastrtps_cpp
[ 63%] Built target esda_ros_interface__rosidl_typesupport_introspection_c
[ 66%] Built target esda_ros_interface__rosidl_typesupport_fastrtps_c
[ 66%] Built target esda_ros_interface
[35m[1mConsolidate compiler generated dependencies of target esda_serial_to_pc[0m
[ 69%] Built target esda_ros_interface__py
[ 72%] [32mBuilding CXX object CMakeFiles/esda_serial_to_pc.dir/src/esda_serial_to_pc.cpp.o[0m
[35m[1mConsolidate compiler generated dependencies of target esda_ros_interface__rosidl_generator_py[0m
[ 75%] [32mBuilding C object CMakeFiles/esda_ros_interface__rosidl_generator_py.dir/rosidl_generator_py/esda_ros_interface/msg/_esda_message_s.c.o[0m
[ 78%] [32m[1mLinking C shared library rosidl_generator_py/esda_ros_interface/libesda_ros_interface__rosidl_generator_py.so[0m
[ 78%] Built target esda_ros_interface__rosidl_generator_py
[35m[1mConsolidate compiler generated dependencies of target esda_ros_interface__rosidl_typesupport_c__pyext[0m
[35m[1mConsolidate compiler generated dependencies of target esda_ros_interface__rosidl_typesupport_introspection_c__pyext[0m
[35m[1mConsolidate compiler generated dependencies of target esda_ros_interface__rosidl_typesupport_fastrtps_c__pyext[0m
[ 81%] [32mBuilding C object CMakeFiles/esda_ros_interface__rosidl_typesupport_fastrtps_c__pyext.dir/rosidl_generator_py/esda_ros_interface/_esda_ros_interface_s.ep.rosidl_typesupport_fastrtps_c.c.o[0m
[ 84%] [32mBuilding C object CMakeFiles/esda_ros_interface__rosidl_typesupport_introspection_c__pyext.dir/rosidl_generator_py/esda_ros_interface/_esda_ros_interface_s.ep.rosidl_typesupport_introspection_c.c.o[0m
[ 87%] [32mBuilding C object CMakeFiles/esda_ros_interface__rosidl_typesupport_c__pyext.dir/rosidl_generator_py/esda_ros_interface/_esda_ros_interface_s.ep.rosidl_typesupport_c.c.o[0m
[ 90%] [32m[1mLinking C shared library rosidl_generator_py/esda_ros_interface/esda_ros_interface_s__rosidl_typesupport_introspection_c.cpython-310-x86_64-linux-gnu.so[0m
[ 93%] [32m[1mLinking C shared library rosidl_generator_py/esda_ros_interface/esda_ros_interface_s__rosidl_typesupport_c.cpython-310-x86_64-linux-gnu.so[0m
[ 96%] [32m[1mLinking C shared library rosidl_generator_py/esda_ros_interface/esda_ros_interface_s__rosidl_typesupport_fastrtps_c.cpython-310-x86_64-linux-gnu.so[0m
[ 96%] Built target esda_ros_interface__rosidl_typesupport_c__pyext
[ 96%] Built target esda_ros_interface__rosidl_typesupport_fastrtps_c__pyext
[ 96%] Built target esda_ros_interface__rosidl_typesupport_introspection_c__pyext
[01m[K/home/samue/GitHub/esda-ros-firmware/src/esda_ros_interface/src/esda_serial_to_pc.cpp:12:1:[m[K [01;31m[Kerror: [m[K‘[01m[KROS2ToSerialBridge[m[K’ does not name a type
   12 | [01;31m[KROS2ToSerialBridge[m[K::ROS2ToSerialBridge(const rclcpp::NodeOptions & node_options)
      | [01;31m[K^~~~~~~~~~~~~~~~~~[m[K
gmake[2]: *** [CMakeFiles/esda_serial_to_pc.dir/build.make:76: CMakeFiles/esda_serial_to_pc.dir/src/esda_serial_to_pc.cpp.o] Error 1
gmake[1]: *** [CMakeFiles/Makefile2:594: CMakeFiles/esda_serial_to_pc.dir/all] Error 2
gmake: *** [Makefile:146: all] Error 2
