[0mCMake Deprecation Warning at /opt/ros/humble/share/rosidl_cmake/cmake/rosidl_target_interfaces.cmake:32 (message):
  Use rosidl_get_typesupport_target() and target_link_libraries() instead of
  rosidl_target_interfaces()
Call Stack (most recent call first):
  CMakeLists.txt:36 (rosidl_target_interfaces)

[0m
[31mCMake Error at /opt/ros/humble/share/rclcpp_components/cmake/rclcpp_components_register_node.cmake:70 (file):
  Error evaluating generator expression:

    $<TARGET_FILE_NAME:ros2_to_serial_bridge>

  No target "ros2_to_serial_bridge"
Call Stack (most recent call first):
  CMakeLists.txt:30 (rclcpp_components_register_node)

[0m
[31mCMake Error at /opt/ros/humble/share/rclcpp_components/cmake/rclcpp_components_register_node.cmake:70 (file):
  Error evaluating generator expression:

    $<TARGET_FILE_NAME:ros2_to_serial_bridge>

  No target "ros2_to_serial_bridge"
Call Stack (most recent call first):
  CMakeLists.txt:30 (rclcpp_components_register_node)

[0m
[31mCMake Error at /opt/ros/humble/share/ament_cmake_core/cmake/index/ament_index_register_resource.cmake:93 (file):
  Error evaluating generator expression:

    $<TARGET_FILE_NAME:ros2_to_serial_bridge>

  No target "ros2_to_serial_bridge"
Call Stack (most recent call first):
  /opt/ros/humble/share/rclcpp_components/cmake/rclcpp_components_package_hook.cmake:18 (ament_index_register_resource)
  /opt/ros/humble/share/ament_cmake_core/cmake/core/ament_execute_extensions.cmake:48 (include)
  /opt/ros/humble/share/ament_cmake_core/cmake/core/ament_package.cmake:66 (ament_execute_extensions)
  CMakeLists.txt:45 (ament_package)

[0m
[31mCMake Error at /opt/ros/humble/share/ament_cmake_core/cmake/index/ament_index_register_resource.cmake:93 (file):
  Error evaluating generator expression:

    $<TARGET_FILE_NAME:ros2_to_serial_bridge>

  No target "ros2_to_serial_bridge"
Call Stack (most recent call first):
  /opt/ros/humble/share/rclcpp_components/cmake/rclcpp_components_package_hook.cmake:18 (ament_index_register_resource)
  /opt/ros/humble/share/ament_cmake_core/cmake/core/ament_execute_extensions.cmake:48 (include)
  /opt/ros/humble/share/ament_cmake_core/cmake/core/ament_package.cmake:66 (ament_execute_extensions)
  CMakeLists.txt:45 (ament_package)

[0m
[0mCMake Generate step failed.  Build files cannot be regenerated correctly.[0m
gmake: *** [Makefile:788: cmake_check_build_system] Error 1
