-- Found ament_cmake: 1.3.9 (/opt/ros/humble/share/ament_cmake/cmake)
-- Found rosidl_default_generators: 1.2.0 (/opt/ros/humble/share/rosidl_default_generators/cmake)
-- Using all available rosidl_typesupport_c: rosidl_typesupport_fastrtps_c;rosidl_typesupport_introspection_c
-- Found rosidl_adapter: 3.1.5 (/opt/ros/humble/share/rosidl_adapter/cmake)
-- Using all available rosidl_typesupport_cpp: rosidl_typesupport_fastrtps_cpp;rosidl_typesupport_introspection_cpp
-- Found rclcpp: 16.0.9 (/opt/ros/humble/share/rclcpp/cmake)
-- Found rmw_implementation_cmake: 6.1.2 (/opt/ros/humble/share/rmw_implementation_cmake/cmake)
-- Found rmw_fastrtps_cpp: 6.2.6 (/opt/ros/humble/share/rmw_fastrtps_cpp/cmake)
-- Using RMW implementation 'rmw_fastrtps_cpp' as default
-- Found rclcpp_components: 16.0.9 (/opt/ros/humble/share/rclcpp_components/cmake)
-- Found ament_cmake_ros: 0.10.0 (/opt/ros/humble/share/ament_cmake_ros/cmake)
-- Using all available rosidl_typesupport_c: rosidl_typesupport_fastrtps_c;rosidl_typesupport_introspection_c
-- Using all available rosidl_typesupport_cpp: rosidl_typesupport_fastrtps_cpp;rosidl_typesupport_introspection_cpp
-- Found python_cmake_module: 0.10.0 (/opt/ros/humble/share/python_cmake_module/cmake)
-- Using PYTHON_EXECUTABLE: /usr/bin/python3
-- Using PYTHON_INCLUDE_DIRS: /usr/include/python3.10
-- Using PYTHON_LIBRARIES: /usr/lib/x86_64-linux-gnu/libpython3.10.so
[0mCMake Deprecation Warning at /opt/ros/humble/share/rosidl_cmake/cmake/rosidl_target_interfaces.cmake:32 (message):
  Use rosidl_get_typesupport_target() and target_link_libraries() instead of
  rosidl_target_interfaces()
Call Stack (most recent call first):
  CMakeLists.txt:36 (rosidl_target_interfaces)

[0m
-- Configuring done
[31mCMake Error at /opt/ros/humble/share/rclcpp_components/cmake/rclcpp_components_register_node.cmake:70 (file):
  Error evaluating generator expression:

    $<TARGET_FILE_NAME:ros2_to_serial_bridge>

  No target "ros2_to_serial_bridge"
Call Stack (most recent call first):
  CMakeLists.txt:30 (rclcpp_components_register_node)

[0m
[31mCMake Error at /opt/ros/humble/share/rclcpp_components/cmake/rclcpp_components_register_node.cmake:70 (file):
  Error evaluating generator expression:

    $<TARGET_FILE_NAME:ros2_to_serial_bridge>

  No target "ros2_to_serial_bridge"
Call Stack (most recent call first):
  CMakeLists.txt:30 (rclcpp_components_register_node)

[0m
[31mCMake Error at /opt/ros/humble/share/ament_cmake_core/cmake/index/ament_index_register_resource.cmake:93 (file):
  Error evaluating generator expression:

    $<TARGET_FILE_NAME:ros2_to_serial_bridge>

  No target "ros2_to_serial_bridge"
Call Stack (most recent call first):
  /opt/ros/humble/share/rclcpp_components/cmake/rclcpp_components_package_hook.cmake:18 (ament_index_register_resource)
  /opt/ros/humble/share/ament_cmake_core/cmake/core/ament_execute_extensions.cmake:48 (include)
  /opt/ros/humble/share/ament_cmake_core/cmake/core/ament_package.cmake:66 (ament_execute_extensions)
  CMakeLists.txt:45 (ament_package)

[0m
[31mCMake Error at /opt/ros/humble/share/ament_cmake_core/cmake/index/ament_index_register_resource.cmake:93 (file):
  Error evaluating generator expression:

    $<TARGET_FILE_NAME:ros2_to_serial_bridge>

  No target "ros2_to_serial_bridge"
Call Stack (most recent call first):
  /opt/ros/humble/share/rclcpp_components/cmake/rclcpp_components_package_hook.cmake:18 (ament_index_register_resource)
  /opt/ros/humble/share/ament_cmake_core/cmake/core/ament_execute_extensions.cmake:48 (include)
  /opt/ros/humble/share/ament_cmake_core/cmake/core/ament_package.cmake:66 (ament_execute_extensions)
  CMakeLists.txt:45 (ament_package)

[0m
-- Generating done
[0mCMake Generate step failed.  Build files cannot be regenerated correctly.[0m
gmake: *** [Makefile:788: cmake_check_build_system] Error 1
