[0.029s] Invoking command in '/home/samue/GitHub/esda-ros-firmware/src/build/esda_ros_interface': CMAKE_PREFIX_PATH=${CMAKE_PREFIX_PATH}:/home/samue/install/launch_testing_examples:/home/samue/install/examples_rclpy_pointcloud_publisher:/home/samue/install/examples_rclpy_minimal_subscriber:/home/samue/install/examples_rclpy_minimal_service:/home/samue/install/examples_rclpy_minimal_publisher:/home/samue/install/examples_rclpy_minimal_client:/home/samue/install/examples_rclpy_minimal_action_server:/home/samue/install/examples_rclpy_minimal_action_client:/home/samue/install/examples_rclpy_guard_conditions:/home/samue/install/examples_rclpy_executors:/opt/ros/humble WSLENV=ELECTRON_RUN_AS_NODE/w: /usr/bin/cmake --build /home/samue/GitHub/esda-ros-firmware/src/build/esda_ros_interface -- -j20 -l20
[0.136s] -- Found ament_cmake: 1.3.9 (/opt/ros/humble/share/ament_cmake/cmake)
[0.339s] -- Found rosidl_default_generators: 1.2.0 (/opt/ros/humble/share/rosidl_default_generators/cmake)
[0.344s] -- Using all available rosidl_typesupport_c: rosidl_typesupport_fastrtps_c;rosidl_typesupport_introspection_c
[0.349s] -- Found rosidl_adapter: 3.1.5 (/opt/ros/humble/share/rosidl_adapter/cmake)
[0.876s] -- Using all available rosidl_typesupport_cpp: rosidl_typesupport_fastrtps_cpp;rosidl_typesupport_introspection_cpp
[0.911s] -- Found rclcpp: 16.0.9 (/opt/ros/humble/share/rclcpp/cmake)
[0.988s] -- Found rmw_implementation_cmake: 6.1.2 (/opt/ros/humble/share/rmw_implementation_cmake/cmake)
[0.991s] -- Found rmw_fastrtps_cpp: 6.2.6 (/opt/ros/humble/share/rmw_fastrtps_cpp/cmake)
[20.997s] -- Using RMW implementation 'rmw_fastrtps_cpp' as default
[21.224s] -- Found rclcpp_components: 16.0.9 (/opt/ros/humble/share/rclcpp_components/cmake)
[21.586s] -- Found ament_cmake_ros: 0.10.0 (/opt/ros/humble/share/ament_cmake_ros/cmake)
[21.838s] -- Using all available rosidl_typesupport_c: rosidl_typesupport_fastrtps_c;rosidl_typesupport_introspection_c
[22.128s] -- Using all available rosidl_typesupport_cpp: rosidl_typesupport_fastrtps_cpp;rosidl_typesupport_introspection_cpp
[22.169s] -- Found python_cmake_module: 0.10.0 (/opt/ros/humble/share/python_cmake_module/cmake)
[22.195s] -- Using PYTHON_EXECUTABLE: /usr/bin/python3
[22.195s] -- Using PYTHON_INCLUDE_DIRS: /usr/include/python3.10
[22.195s] -- Using PYTHON_LIBRARIES: /usr/lib/x86_64-linux-gnu/libpython3.10.so
[22.215s] [0mCMake Deprecation Warning at /opt/ros/humble/share/rosidl_cmake/cmake/rosidl_target_interfaces.cmake:32 (message):
[22.215s]   Use rosidl_get_typesupport_target() and target_link_libraries() instead of
[22.215s]   rosidl_target_interfaces()
[22.215s] Call Stack (most recent call first):
[22.215s]   CMakeLists.txt:36 (rosidl_target_interfaces)
[22.215s] 
[22.215s] [0m
[22.228s] -- Configuring done
[22.236s] [31mCMake Error at /opt/ros/humble/share/rclcpp_components/cmake/rclcpp_components_register_node.cmake:70 (file):
[22.236s]   Error evaluating generator expression:
[22.236s] 
[22.236s]     $<TARGET_FILE_NAME:ros2_to_serial_bridge>
[22.236s] 
[22.236s]   No target "ros2_to_serial_bridge"
[22.236s] Call Stack (most recent call first):
[22.236s]   CMakeLists.txt:30 (rclcpp_components_register_node)
[22.236s] 
[22.236s] [0m
[22.236s] [31mCMake Error at /opt/ros/humble/share/rclcpp_components/cmake/rclcpp_components_register_node.cmake:70 (file):
[22.236s]   Error evaluating generator expression:
[22.236s] 
[22.236s]     $<TARGET_FILE_NAME:ros2_to_serial_bridge>
[22.236s] 
[22.236s]   No target "ros2_to_serial_bridge"
[22.236s] Call Stack (most recent call first):
[22.236s]   CMakeLists.txt:30 (rclcpp_components_register_node)
[22.236s] 
[22.236s] [0m
[22.237s] [31mCMake Error at /opt/ros/humble/share/ament_cmake_core/cmake/index/ament_index_register_resource.cmake:93 (file):
[22.237s]   Error evaluating generator expression:
[22.237s] 
[22.237s]     $<TARGET_FILE_NAME:ros2_to_serial_bridge>
[22.237s] 
[22.237s]   No target "ros2_to_serial_bridge"
[22.237s] Call Stack (most recent call first):
[22.237s]   /opt/ros/humble/share/rclcpp_components/cmake/rclcpp_components_package_hook.cmake:18 (ament_index_register_resource)
[22.237s]   /opt/ros/humble/share/ament_cmake_core/cmake/core/ament_execute_extensions.cmake:48 (include)
[22.237s]   /opt/ros/humble/share/ament_cmake_core/cmake/core/ament_package.cmake:66 (ament_execute_extensions)
[22.237s]   CMakeLists.txt:45 (ament_package)
[22.237s] 
[22.237s] [0m
[22.237s] [31mCMake Error at /opt/ros/humble/share/ament_cmake_core/cmake/index/ament_index_register_resource.cmake:93 (file):
[22.237s]   Error evaluating generator expression:
[22.237s] 
[22.237s]     $<TARGET_FILE_NAME:ros2_to_serial_bridge>
[22.237s] 
[22.237s]   No target "ros2_to_serial_bridge"
[22.237s] Call Stack (most recent call first):
[22.237s]   /opt/ros/humble/share/rclcpp_components/cmake/rclcpp_components_package_hook.cmake:18 (ament_index_register_resource)
[22.237s]   /opt/ros/humble/share/ament_cmake_core/cmake/core/ament_execute_extensions.cmake:48 (include)
[22.237s]   /opt/ros/humble/share/ament_cmake_core/cmake/core/ament_package.cmake:66 (ament_execute_extensions)
[22.237s]   CMakeLists.txt:45 (ament_package)
[22.237s] 
[22.237s] [0m
[22.281s] -- Generating done
[22.283s] [0mCMake Generate step failed.  Build files cannot be regenerated correctly.[0m
[22.295s] gmake: *** [Makefile:788: cmake_check_build_system] Error 1
[22.297s] Invoked command in '/home/samue/GitHub/esda-ros-firmware/src/build/esda_ros_interface' returned '2': CMAKE_PREFIX_PATH=${CMAKE_PREFIX_PATH}:/home/samue/install/launch_testing_examples:/home/samue/install/examples_rclpy_pointcloud_publisher:/home/samue/install/examples_rclpy_minimal_subscriber:/home/samue/install/examples_rclpy_minimal_service:/home/samue/install/examples_rclpy_minimal_publisher:/home/samue/install/examples_rclpy_minimal_client:/home/samue/install/examples_rclpy_minimal_action_server:/home/samue/install/examples_rclpy_minimal_action_client:/home/samue/install/examples_rclpy_guard_conditions:/home/samue/install/examples_rclpy_executors:/opt/ros/humble WSLENV=ELECTRON_RUN_AS_NODE/w: /usr/bin/cmake --build /home/samue/GitHub/esda-ros-firmware/src/build/esda_ros_interface -- -j20 -l20
