[0.028s] Invoking command in '/home/samue/GitHub/esda-ros-firmware/src/build/esda_ros_interface': CMAKE_PREFIX_PATH=${CMAKE_PREFIX_PATH}:/home/samue/install/launch_testing_examples:/home/samue/install/examples_rclpy_pointcloud_publisher:/home/samue/install/examples_rclpy_minimal_subscriber:/home/samue/install/examples_rclpy_minimal_service:/home/samue/install/examples_rclpy_minimal_publisher:/home/samue/install/examples_rclpy_minimal_client:/home/samue/install/examples_rclpy_minimal_action_server:/home/samue/install/examples_rclpy_minimal_action_client:/home/samue/install/examples_rclpy_guard_conditions:/home/samue/install/examples_rclpy_executors:/opt/ros/humble WSLENV=ELECTRON_RUN_AS_NODE/w: /usr/bin/cmake --build /home/samue/GitHub/esda-ros-firmware/src/build/esda_ros_interface -- -j20 -l20
[0.050s] -- Found ament_cmake: 1.3.9 (/opt/ros/humble/share/ament_cmake/cmake)
[0.192s] -- Found rosidl_default_generators: 1.2.0 (/opt/ros/humble/share/rosidl_default_generators/cmake)
[0.197s] -- Using all available rosidl_typesupport_c: rosidl_typesupport_fastrtps_c;rosidl_typesupport_introspection_c
[0.200s] -- Found rosidl_adapter: 3.1.5 (/opt/ros/humble/share/rosidl_adapter/cmake)
[0.728s] -- Using all available rosidl_typesupport_cpp: rosidl_typesupport_fastrtps_cpp;rosidl_typesupport_introspection_cpp
[0.756s] -- Found rclcpp: 16.0.9 (/opt/ros/humble/share/rclcpp/cmake)
[0.821s] -- Found rmw_implementation_cmake: 6.1.2 (/opt/ros/humble/share/rmw_implementation_cmake/cmake)
[0.823s] -- Found rmw_fastrtps_cpp: 6.2.6 (/opt/ros/humble/share/rmw_fastrtps_cpp/cmake)
[18.757s] -- Using RMW implementation 'rmw_fastrtps_cpp' as default
[18.888s] -- Found rclcpp_components: 16.0.9 (/opt/ros/humble/share/rclcpp_components/cmake)
[19.245s] -- Found ament_cmake_ros: 0.10.0 (/opt/ros/humble/share/ament_cmake_ros/cmake)
[19.481s] -- Using all available rosidl_typesupport_c: rosidl_typesupport_fastrtps_c;rosidl_typesupport_introspection_c
[19.767s] -- Using all available rosidl_typesupport_cpp: rosidl_typesupport_fastrtps_cpp;rosidl_typesupport_introspection_cpp
[19.809s] -- Found python_cmake_module: 0.10.0 (/opt/ros/humble/share/python_cmake_module/cmake)
[19.841s] -- Using PYTHON_EXECUTABLE: /usr/bin/python3
[19.841s] -- Using PYTHON_INCLUDE_DIRS: /usr/include/python3.10
[19.841s] -- Using PYTHON_LIBRARIES: /usr/lib/x86_64-linux-gnu/libpython3.10.so
[19.866s] [0mCMake Deprecation Warning at /opt/ros/humble/share/rosidl_cmake/cmake/rosidl_target_interfaces.cmake:32 (message):
[19.866s]   Use rosidl_get_typesupport_target() and target_link_libraries() instead of
[19.866s]   rosidl_target_interfaces()
[19.866s] Call Stack (most recent call first):
[19.866s]   CMakeLists.txt:40 (rosidl_target_interfaces)
[19.866s] 
[19.866s] [0m
[19.879s] -- Configuring done
[19.956s] -- Generating done
[19.961s] -- Build files have been written to: /home/samue/GitHub/esda-ros-firmware/src/build/esda_ros_interface
[19.988s] [35m[1mConsolidate compiler generated dependencies of target esda_ros_interface__rosidl_generator_c[0m
[19.993s] [35m[1mConsolidate compiler generated dependencies of target esda_serial_to_pc_node[0m
[20.003s] [  2%] Built target esda_ros_interface__cpp
[20.004s] [ 11%] Built target esda_ros_interface__rosidl_generator_c
[20.013s] [35m[1mConsolidate compiler generated dependencies of target esda_ros_interface__rosidl_typesupport_cpp[0m
[20.015s] [ 11%] Built target ament_cmake_python_copy_esda_ros_interface
[20.020s] [35m[1mConsolidate compiler generated dependencies of target esda_ros_interface__rosidl_typesupport_introspection_cpp[0m
[20.022s] [35m[1mConsolidate compiler generated dependencies of target esda_ros_interface__rosidl_typesupport_fastrtps_cpp[0m
[20.024s] [ 17%] Built target esda_serial_to_pc_node
[20.029s] [35m[1mConsolidate compiler generated dependencies of target esda_ros_interface__rosidl_typesupport_fastrtps_c[0m
[20.029s] [ 25%] Built target esda_ros_interface__rosidl_typesupport_cpp
[20.030s] [35m[1mConsolidate compiler generated dependencies of target esda_ros_interface__rosidl_typesupport_c[0m
[20.031s] [35m[1mConsolidate compiler generated dependencies of target esda_ros_interface__rosidl_typesupport_introspection_c[0m
[20.032s] [ 34%] Built target esda_ros_interface__rosidl_typesupport_fastrtps_cpp
[20.035s] [ 42%] Built target esda_ros_interface__rosidl_typesupport_introspection_cpp
[20.041s] [ 62%] Built target esda_ros_interface__rosidl_typesupport_fastrtps_c
[20.041s] [ 65%] Built target esda_ros_interface__rosidl_typesupport_introspection_c
[20.042s] [ 68%] Built target esda_ros_interface__rosidl_typesupport_c
[20.059s] [ 68%] Built target esda_ros_interface
[20.070s] [35m[1mConsolidate compiler generated dependencies of target esda_serial_to_pc[0m
[20.081s] [ 71%] Built target esda_ros_interface__py
[20.092s] [ 77%] Built target esda_serial_to_pc
[20.093s] [35m[1mConsolidate compiler generated dependencies of target esda_ros_interface__rosidl_generator_py[0m
[20.105s] [ 82%] Built target esda_ros_interface__rosidl_generator_py
[20.114s] [35m[1mConsolidate compiler generated dependencies of target esda_ros_interface__rosidl_typesupport_fastrtps_c__pyext[0m
[20.114s] [35m[1mConsolidate compiler generated dependencies of target esda_ros_interface__rosidl_typesupport_introspection_c__pyext[0m
[20.114s] [35m[1mConsolidate compiler generated dependencies of target esda_ros_interface__rosidl_typesupport_c__pyext[0m
[20.126s] [ 88%] Built target esda_ros_interface__rosidl_typesupport_c__pyext
[20.126s] [ 94%] Built target esda_ros_interface__rosidl_typesupport_fastrtps_c__pyext
[20.130s] [100%] Built target esda_ros_interface__rosidl_typesupport_introspection_c__pyext
[20.290s] running egg_info
[20.291s] writing esda_ros_interface.egg-info/PKG-INFO
[20.291s] writing dependency_links to esda_ros_interface.egg-info/dependency_links.txt
[20.291s] writing top-level names to esda_ros_interface.egg-info/top_level.txt
[20.294s] reading manifest file 'esda_ros_interface.egg-info/SOURCES.txt'
[20.295s] writing manifest file 'esda_ros_interface.egg-info/SOURCES.txt'
[20.321s] [100%] Built target ament_cmake_python_build_esda_ros_interface_egg
[20.333s] Invoked command in '/home/samue/GitHub/esda-ros-firmware/src/build/esda_ros_interface' returned '0': CMAKE_PREFIX_PATH=${CMAKE_PREFIX_PATH}:/home/samue/install/launch_testing_examples:/home/samue/install/examples_rclpy_pointcloud_publisher:/home/samue/install/examples_rclpy_minimal_subscriber:/home/samue/install/examples_rclpy_minimal_service:/home/samue/install/examples_rclpy_minimal_publisher:/home/samue/install/examples_rclpy_minimal_client:/home/samue/install/examples_rclpy_minimal_action_server:/home/samue/install/examples_rclpy_minimal_action_client:/home/samue/install/examples_rclpy_guard_conditions:/home/samue/install/examples_rclpy_executors:/opt/ros/humble WSLENV=ELECTRON_RUN_AS_NODE/w: /usr/bin/cmake --build /home/samue/GitHub/esda-ros-firmware/src/build/esda_ros_interface -- -j20 -l20
[20.403s] Invoking command in '/home/samue/GitHub/esda-ros-firmware/src/build/esda_ros_interface': CMAKE_PREFIX_PATH=${CMAKE_PREFIX_PATH}:/home/samue/install/launch_testing_examples:/home/samue/install/examples_rclpy_pointcloud_publisher:/home/samue/install/examples_rclpy_minimal_subscriber:/home/samue/install/examples_rclpy_minimal_service:/home/samue/install/examples_rclpy_minimal_publisher:/home/samue/install/examples_rclpy_minimal_client:/home/samue/install/examples_rclpy_minimal_action_server:/home/samue/install/examples_rclpy_minimal_action_client:/home/samue/install/examples_rclpy_guard_conditions:/home/samue/install/examples_rclpy_executors:/opt/ros/humble WSLENV=ELECTRON_RUN_AS_NODE/w: /usr/bin/cmake --install /home/samue/GitHub/esda-ros-firmware/src/build/esda_ros_interface
[20.409s] -- Install configuration: ""
[20.409s] -- Up-to-date: /home/samue/GitHub/esda-ros-firmware/src/install/esda_ros_interface/share/ament_index/resource_index/rosidl_interfaces/esda_ros_interface
[20.410s] -- Up-to-date: /home/samue/GitHub/esda-ros-firmware/src/install/esda_ros_interface/include/esda_ros_interface/esda_ros_interface
[20.411s] -- Up-to-date: /home/samue/GitHub/esda-ros-firmware/src/install/esda_ros_interface/include/esda_ros_interface/esda_ros_interface/msg
[20.411s] -- Up-to-date: /home/samue/GitHub/esda-ros-firmware/src/install/esda_ros_interface/include/esda_ros_interface/esda_ros_interface/msg/esda_message.h
[20.412s] -- Up-to-date: /home/samue/GitHub/esda-ros-firmware/src/install/esda_ros_interface/include/esda_ros_interface/esda_ros_interface/msg/rosidl_generator_c__visibility_control.h
[20.412s] -- Up-to-date: /home/samue/GitHub/esda-ros-firmware/src/install/esda_ros_interface/include/esda_ros_interface/esda_ros_interface/msg/detail
[20.412s] -- Up-to-date: /home/samue/GitHub/esda-ros-firmware/src/install/esda_ros_interface/include/esda_ros_interface/esda_ros_interface/msg/detail/esda_message__type_support.h
[20.413s] -- Up-to-date: /home/samue/GitHub/esda-ros-firmware/src/install/esda_ros_interface/include/esda_ros_interface/esda_ros_interface/msg/detail/esda_message__functions.c
[20.413s] -- Up-to-date: /home/samue/GitHub/esda-ros-firmware/src/install/esda_ros_interface/include/esda_ros_interface/esda_ros_interface/msg/detail/esda_message__functions.h
[20.413s] -- Up-to-date: /home/samue/GitHub/esda-ros-firmware/src/install/esda_ros_interface/include/esda_ros_interface/esda_ros_interface/msg/detail/esda_message__struct.h
[20.414s] -- Up-to-date: /home/samue/GitHub/esda-ros-firmware/src/install/esda_ros_interface/share/esda_ros_interface/environment/library_path.sh
[20.414s] -- Installing: /home/samue/GitHub/esda-ros-firmware/src/install/esda_ros_interface/share/esda_ros_interface/environment/library_path.dsv
[20.414s] -- Up-to-date: /home/samue/GitHub/esda-ros-firmware/src/install/esda_ros_interface/lib/libesda_ros_interface__rosidl_generator_c.so
[20.414s] -- Up-to-date: /home/samue/GitHub/esda-ros-firmware/src/install/esda_ros_interface/include/esda_ros_interface/esda_ros_interface
[20.414s] -- Up-to-date: /home/samue/GitHub/esda-ros-firmware/src/install/esda_ros_interface/include/esda_ros_interface/esda_ros_interface/msg
[20.415s] -- Up-to-date: /home/samue/GitHub/esda-ros-firmware/src/install/esda_ros_interface/include/esda_ros_interface/esda_ros_interface/msg/rosidl_typesupport_fastrtps_c__visibility_control.h
[20.415s] -- Up-to-date: /home/samue/GitHub/esda-ros-firmware/src/install/esda_ros_interface/include/esda_ros_interface/esda_ros_interface/msg/detail
[20.415s] -- Up-to-date: /home/samue/GitHub/esda-ros-firmware/src/install/esda_ros_interface/include/esda_ros_interface/esda_ros_interface/msg/detail/esda_message__rosidl_typesupport_fastrtps_c.h
[20.415s] -- Up-to-date: /home/samue/GitHub/esda-ros-firmware/src/install/esda_ros_interface/lib/libesda_ros_interface__rosidl_typesupport_fastrtps_c.so
[20.415s] -- Up-to-date: /home/samue/GitHub/esda-ros-firmware/src/install/esda_ros_interface/include/esda_ros_interface/esda_ros_interface
[20.416s] -- Up-to-date: /home/samue/GitHub/esda-ros-firmware/src/install/esda_ros_interface/include/esda_ros_interface/esda_ros_interface/msg
[20.417s] -- Up-to-date: /home/samue/GitHub/esda-ros-firmware/src/install/esda_ros_interface/include/esda_ros_interface/esda_ros_interface/msg/rosidl_typesupport_introspection_c__visibility_control.h
[20.417s] -- Up-to-date: /home/samue/GitHub/esda-ros-firmware/src/install/esda_ros_interface/include/esda_ros_interface/esda_ros_interface/msg/detail
[20.417s] -- Up-to-date: /home/samue/GitHub/esda-ros-firmware/src/install/esda_ros_interface/include/esda_ros_interface/esda_ros_interface/msg/detail/esda_message__type_support.c
[20.417s] -- Up-to-date: /home/samue/GitHub/esda-ros-firmware/src/install/esda_ros_interface/include/esda_ros_interface/esda_ros_interface/msg/detail/esda_message__rosidl_typesupport_introspection_c.h
[20.418s] -- Up-to-date: /home/samue/GitHub/esda-ros-firmware/src/install/esda_ros_interface/lib/libesda_ros_interface__rosidl_typesupport_introspection_c.so
[20.418s] -- Up-to-date: /home/samue/GitHub/esda-ros-firmware/src/install/esda_ros_interface/lib/libesda_ros_interface__rosidl_typesupport_c.so
[20.418s] -- Up-to-date: /home/samue/GitHub/esda-ros-firmware/src/install/esda_ros_interface/include/esda_ros_interface/esda_ros_interface
[20.418s] -- Up-to-date: /home/samue/GitHub/esda-ros-firmware/src/install/esda_ros_interface/include/esda_ros_interface/esda_ros_interface/msg
[20.418s] -- Up-to-date: /home/samue/GitHub/esda-ros-firmware/src/install/esda_ros_interface/include/esda_ros_interface/esda_ros_interface/msg/esda_message.hpp
[20.418s] -- Up-to-date: /home/samue/GitHub/esda-ros-firmware/src/install/esda_ros_interface/include/esda_ros_interface/esda_ros_interface/msg/detail
[20.418s] -- Up-to-date: /home/samue/GitHub/esda-ros-firmware/src/install/esda_ros_interface/include/esda_ros_interface/esda_ros_interface/msg/detail/esda_message__struct.hpp
[20.418s] -- Up-to-date: /home/samue/GitHub/esda-ros-firmware/src/install/esda_ros_interface/include/esda_ros_interface/esda_ros_interface/msg/detail/esda_message__traits.hpp
[20.419s] -- Up-to-date: /home/samue/GitHub/esda-ros-firmware/src/install/esda_ros_interface/include/esda_ros_interface/esda_ros_interface/msg/detail/esda_message__builder.hpp
[20.419s] -- Up-to-date: /home/samue/GitHub/esda-ros-firmware/src/install/esda_ros_interface/include/esda_ros_interface/esda_ros_interface
[20.419s] -- Up-to-date: /home/samue/GitHub/esda-ros-firmware/src/install/esda_ros_interface/include/esda_ros_interface/esda_ros_interface/msg
[20.419s] -- Up-to-date: /home/samue/GitHub/esda-ros-firmware/src/install/esda_ros_interface/include/esda_ros_interface/esda_ros_interface/msg/rosidl_typesupport_fastrtps_cpp__visibility_control.h
[20.419s] -- Up-to-date: /home/samue/GitHub/esda-ros-firmware/src/install/esda_ros_interface/include/esda_ros_interface/esda_ros_interface/msg/detail
[20.419s] -- Up-to-date: /home/samue/GitHub/esda-ros-firmware/src/install/esda_ros_interface/include/esda_ros_interface/esda_ros_interface/msg/detail/dds_fastrtps
[20.419s] -- Up-to-date: /home/samue/GitHub/esda-ros-firmware/src/install/esda_ros_interface/include/esda_ros_interface/esda_ros_interface/msg/detail/esda_message__rosidl_typesupport_fastrtps_cpp.hpp
[20.419s] -- Up-to-date: /home/samue/GitHub/esda-ros-firmware/src/install/esda_ros_interface/lib/libesda_ros_interface__rosidl_typesupport_fastrtps_cpp.so
[20.419s] -- Up-to-date: /home/samue/GitHub/esda-ros-firmware/src/install/esda_ros_interface/include/esda_ros_interface/esda_ros_interface
[20.419s] -- Up-to-date: /home/samue/GitHub/esda-ros-firmware/src/install/esda_ros_interface/include/esda_ros_interface/esda_ros_interface/msg
[20.420s] -- Up-to-date: /home/samue/GitHub/esda-ros-firmware/src/install/esda_ros_interface/include/esda_ros_interface/esda_ros_interface/msg/detail
[20.420s] -- Up-to-date: /home/samue/GitHub/esda-ros-firmware/src/install/esda_ros_interface/include/esda_ros_interface/esda_ros_interface/msg/detail/esda_message__type_support.cpp
[20.420s] -- Up-to-date: /home/samue/GitHub/esda-ros-firmware/src/install/esda_ros_interface/include/esda_ros_interface/esda_ros_interface/msg/detail/esda_message__rosidl_typesupport_introspection_cpp.hpp
[20.420s] -- Up-to-date: /home/samue/GitHub/esda-ros-firmware/src/install/esda_ros_interface/lib/libesda_ros_interface__rosidl_typesupport_introspection_cpp.so
[20.420s] -- Up-to-date: /home/samue/GitHub/esda-ros-firmware/src/install/esda_ros_interface/lib/libesda_ros_interface__rosidl_typesupport_cpp.so
[20.420s] -- Up-to-date: /home/samue/GitHub/esda-ros-firmware/src/install/esda_ros_interface/share/esda_ros_interface/environment/pythonpath.sh
[20.420s] -- Installing: /home/samue/GitHub/esda-ros-firmware/src/install/esda_ros_interface/share/esda_ros_interface/environment/pythonpath.dsv
[20.420s] -- Up-to-date: /home/samue/GitHub/esda-ros-firmware/src/install/esda_ros_interface/local/lib/python3.10/dist-packages/esda_ros_interface-0.0.0-py3.10.egg-info
[20.420s] -- Installing: /home/samue/GitHub/esda-ros-firmware/src/install/esda_ros_interface/local/lib/python3.10/dist-packages/esda_ros_interface-0.0.0-py3.10.egg-info/dependency_links.txt
[20.420s] -- Installing: /home/samue/GitHub/esda-ros-firmware/src/install/esda_ros_interface/local/lib/python3.10/dist-packages/esda_ros_interface-0.0.0-py3.10.egg-info/PKG-INFO
[20.420s] -- Installing: /home/samue/GitHub/esda-ros-firmware/src/install/esda_ros_interface/local/lib/python3.10/dist-packages/esda_ros_interface-0.0.0-py3.10.egg-info/SOURCES.txt
[20.421s] -- Installing: /home/samue/GitHub/esda-ros-firmware/src/install/esda_ros_interface/local/lib/python3.10/dist-packages/esda_ros_interface-0.0.0-py3.10.egg-info/top_level.txt
[20.421s] -- Up-to-date: /home/samue/GitHub/esda-ros-firmware/src/install/esda_ros_interface/local/lib/python3.10/dist-packages/esda_ros_interface
[20.421s] -- Up-to-date: /home/samue/GitHub/esda-ros-firmware/src/install/esda_ros_interface/local/lib/python3.10/dist-packages/esda_ros_interface/libesda_ros_interface__rosidl_generator_py.so
[20.421s] -- Up-to-date: /home/samue/GitHub/esda-ros-firmware/src/install/esda_ros_interface/local/lib/python3.10/dist-packages/esda_ros_interface/_esda_ros_interface_s.ep.rosidl_typesupport_fastrtps_c.c
[20.421s] -- Up-to-date: /home/samue/GitHub/esda-ros-firmware/src/install/esda_ros_interface/local/lib/python3.10/dist-packages/esda_ros_interface/msg
[20.421s] -- Up-to-date: /home/samue/GitHub/esda-ros-firmware/src/install/esda_ros_interface/local/lib/python3.10/dist-packages/esda_ros_interface/msg/_esda_message_s.c
[20.421s] -- Up-to-date: /home/samue/GitHub/esda-ros-firmware/src/install/esda_ros_interface/local/lib/python3.10/dist-packages/esda_ros_interface/msg/_esda_message.py
[20.422s] -- Up-to-date: /home/samue/GitHub/esda-ros-firmware/src/install/esda_ros_interface/local/lib/python3.10/dist-packages/esda_ros_interface/msg/__init__.py
[20.422s] -- Up-to-date: /home/samue/GitHub/esda-ros-firmware/src/install/esda_ros_interface/local/lib/python3.10/dist-packages/esda_ros_interface/_esda_ros_interface_s.ep.rosidl_typesupport_c.c
[20.422s] -- Up-to-date: /home/samue/GitHub/esda-ros-firmware/src/install/esda_ros_interface/local/lib/python3.10/dist-packages/esda_ros_interface/esda_ros_interface_s__rosidl_typesupport_fastrtps_c.cpython-310-x86_64-linux-gnu.so
[20.422s] -- Up-to-date: /home/samue/GitHub/esda-ros-firmware/src/install/esda_ros_interface/local/lib/python3.10/dist-packages/esda_ros_interface/esda_ros_interface_s__rosidl_typesupport_c.cpython-310-x86_64-linux-gnu.so
[20.422s] -- Up-to-date: /home/samue/GitHub/esda-ros-firmware/src/install/esda_ros_interface/local/lib/python3.10/dist-packages/esda_ros_interface/esda_ros_interface_s__rosidl_typesupport_introspection_c.cpython-310-x86_64-linux-gnu.so
[20.422s] -- Up-to-date: /home/samue/GitHub/esda-ros-firmware/src/install/esda_ros_interface/local/lib/python3.10/dist-packages/esda_ros_interface/_esda_ros_interface_s.ep.rosidl_typesupport_introspection_c.c
[20.422s] -- Installing: /home/samue/GitHub/esda-ros-firmware/src/install/esda_ros_interface/local/lib/python3.10/dist-packages/esda_ros_interface/__init__.py
[20.469s] Listing '/home/samue/GitHub/esda-ros-firmware/src/install/esda_ros_interface/local/lib/python3.10/dist-packages/esda_ros_interface'...
[20.470s] Compiling '/home/samue/GitHub/esda-ros-firmware/src/install/esda_ros_interface/local/lib/python3.10/dist-packages/esda_ros_interface/__init__.py'...
[20.470s] Listing '/home/samue/GitHub/esda-ros-firmware/src/install/esda_ros_interface/local/lib/python3.10/dist-packages/esda_ros_interface/msg'...
[20.477s] -- Up-to-date: /home/samue/GitHub/esda-ros-firmware/src/install/esda_ros_interface/local/lib/python3.10/dist-packages/esda_ros_interface/esda_ros_interface_s__rosidl_typesupport_fastrtps_c.cpython-310-x86_64-linux-gnu.so
[20.478s] -- Up-to-date: /home/samue/GitHub/esda-ros-firmware/src/install/esda_ros_interface/local/lib/python3.10/dist-packages/esda_ros_interface/esda_ros_interface_s__rosidl_typesupport_introspection_c.cpython-310-x86_64-linux-gnu.so
[20.479s] -- Up-to-date: /home/samue/GitHub/esda-ros-firmware/src/install/esda_ros_interface/local/lib/python3.10/dist-packages/esda_ros_interface/esda_ros_interface_s__rosidl_typesupport_c.cpython-310-x86_64-linux-gnu.so
[20.479s] -- Up-to-date: /home/samue/GitHub/esda-ros-firmware/src/install/esda_ros_interface/lib/libesda_ros_interface__rosidl_generator_py.so
[20.479s] -- Up-to-date: /home/samue/GitHub/esda-ros-firmware/src/install/esda_ros_interface/share/esda_ros_interface/msg/EsdaMessage.idl
[20.479s] -- Up-to-date: /home/samue/GitHub/esda-ros-firmware/src/install/esda_ros_interface/share/esda_ros_interface/msg/EsdaMessage.msg
[20.481s] -- Up-to-date: /home/samue/GitHub/esda-ros-firmware/src/install/esda_ros_interface/lib/esda_ros_interface/esda_serial_to_pc_node
[20.483s] -- Up-to-date: /home/samue/GitHub/esda-ros-firmware/src/install/esda_ros_interface/lib/esda_ros_interface/esda_serial_to_pc
[20.484s] -- Up-to-date: /home/samue/GitHub/esda-ros-firmware/src/install/esda_ros_interface/share/ament_index/resource_index/package_run_dependencies/esda_ros_interface
[20.485s] -- Up-to-date: /home/samue/GitHub/esda-ros-firmware/src/install/esda_ros_interface/share/ament_index/resource_index/parent_prefix_path/esda_ros_interface
[20.485s] -- Up-to-date: /home/samue/GitHub/esda-ros-firmware/src/install/esda_ros_interface/share/esda_ros_interface/environment/ament_prefix_path.sh
[20.485s] -- Installing: /home/samue/GitHub/esda-ros-firmware/src/install/esda_ros_interface/share/esda_ros_interface/environment/ament_prefix_path.dsv
[20.485s] -- Up-to-date: /home/samue/GitHub/esda-ros-firmware/src/install/esda_ros_interface/share/esda_ros_interface/environment/path.sh
[20.485s] -- Installing: /home/samue/GitHub/esda-ros-firmware/src/install/esda_ros_interface/share/esda_ros_interface/environment/path.dsv
[20.485s] -- Up-to-date: /home/samue/GitHub/esda-ros-firmware/src/install/esda_ros_interface/share/esda_ros_interface/local_setup.bash
[20.486s] -- Up-to-date: /home/samue/GitHub/esda-ros-firmware/src/install/esda_ros_interface/share/esda_ros_interface/local_setup.sh
[20.486s] -- Up-to-date: /home/samue/GitHub/esda-ros-firmware/src/install/esda_ros_interface/share/esda_ros_interface/local_setup.zsh
[20.486s] -- Installing: /home/samue/GitHub/esda-ros-firmware/src/install/esda_ros_interface/share/esda_ros_interface/local_setup.dsv
[20.486s] -- Installing: /home/samue/GitHub/esda-ros-firmware/src/install/esda_ros_interface/share/esda_ros_interface/package.dsv
[20.486s] -- Up-to-date: /home/samue/GitHub/esda-ros-firmware/src/install/esda_ros_interface/share/ament_index/resource_index/packages/esda_ros_interface
[20.487s] -- Up-to-date: /home/samue/GitHub/esda-ros-firmware/src/install/esda_ros_interface/share/esda_ros_interface/cmake/export_esda_ros_interface__rosidl_generator_cExport.cmake
[20.487s] -- Up-to-date: /home/samue/GitHub/esda-ros-firmware/src/install/esda_ros_interface/share/esda_ros_interface/cmake/export_esda_ros_interface__rosidl_generator_cExport-noconfig.cmake
[20.487s] -- Up-to-date: /home/samue/GitHub/esda-ros-firmware/src/install/esda_ros_interface/share/esda_ros_interface/cmake/export_esda_ros_interface__rosidl_typesupport_fastrtps_cExport.cmake
[20.487s] -- Up-to-date: /home/samue/GitHub/esda-ros-firmware/src/install/esda_ros_interface/share/esda_ros_interface/cmake/export_esda_ros_interface__rosidl_typesupport_fastrtps_cExport-noconfig.cmake
[20.488s] -- Up-to-date: /home/samue/GitHub/esda-ros-firmware/src/install/esda_ros_interface/share/esda_ros_interface/cmake/esda_ros_interface__rosidl_typesupport_introspection_cExport.cmake
[20.488s] -- Up-to-date: /home/samue/GitHub/esda-ros-firmware/src/install/esda_ros_interface/share/esda_ros_interface/cmake/esda_ros_interface__rosidl_typesupport_introspection_cExport-noconfig.cmake
[20.488s] -- Up-to-date: /home/samue/GitHub/esda-ros-firmware/src/install/esda_ros_interface/share/esda_ros_interface/cmake/esda_ros_interface__rosidl_typesupport_cExport.cmake
[20.488s] -- Up-to-date: /home/samue/GitHub/esda-ros-firmware/src/install/esda_ros_interface/share/esda_ros_interface/cmake/esda_ros_interface__rosidl_typesupport_cExport-noconfig.cmake
[20.488s] -- Up-to-date: /home/samue/GitHub/esda-ros-firmware/src/install/esda_ros_interface/share/esda_ros_interface/cmake/export_esda_ros_interface__rosidl_generator_cppExport.cmake
[20.488s] -- Up-to-date: /home/samue/GitHub/esda-ros-firmware/src/install/esda_ros_interface/share/esda_ros_interface/cmake/export_esda_ros_interface__rosidl_typesupport_fastrtps_cppExport.cmake
[20.488s] -- Up-to-date: /home/samue/GitHub/esda-ros-firmware/src/install/esda_ros_interface/share/esda_ros_interface/cmake/export_esda_ros_interface__rosidl_typesupport_fastrtps_cppExport-noconfig.cmake
[20.488s] -- Up-to-date: /home/samue/GitHub/esda-ros-firmware/src/install/esda_ros_interface/share/esda_ros_interface/cmake/esda_ros_interface__rosidl_typesupport_introspection_cppExport.cmake
[20.488s] -- Up-to-date: /home/samue/GitHub/esda-ros-firmware/src/install/esda_ros_interface/share/esda_ros_interface/cmake/esda_ros_interface__rosidl_typesupport_introspection_cppExport-noconfig.cmake
[20.488s] -- Up-to-date: /home/samue/GitHub/esda-ros-firmware/src/install/esda_ros_interface/share/esda_ros_interface/cmake/esda_ros_interface__rosidl_typesupport_cppExport.cmake
[20.488s] -- Up-to-date: /home/samue/GitHub/esda-ros-firmware/src/install/esda_ros_interface/share/esda_ros_interface/cmake/esda_ros_interface__rosidl_typesupport_cppExport-noconfig.cmake
[20.489s] -- Up-to-date: /home/samue/GitHub/esda-ros-firmware/src/install/esda_ros_interface/share/esda_ros_interface/cmake/export_esda_ros_interface__rosidl_generator_pyExport.cmake
[20.489s] -- Up-to-date: /home/samue/GitHub/esda-ros-firmware/src/install/esda_ros_interface/share/esda_ros_interface/cmake/export_esda_ros_interface__rosidl_generator_pyExport-noconfig.cmake
[20.489s] -- Up-to-date: /home/samue/GitHub/esda-ros-firmware/src/install/esda_ros_interface/share/ament_index/resource_index/rclcpp_components/esda_ros_interface
[20.489s] -- Up-to-date: /home/samue/GitHub/esda-ros-firmware/src/install/esda_ros_interface/share/esda_ros_interface/cmake/rosidl_cmake-extras.cmake
[20.489s] -- Up-to-date: /home/samue/GitHub/esda-ros-firmware/src/install/esda_ros_interface/share/esda_ros_interface/cmake/ament_cmake_export_include_directories-extras.cmake
[20.489s] -- Up-to-date: /home/samue/GitHub/esda-ros-firmware/src/install/esda_ros_interface/share/esda_ros_interface/cmake/ament_cmake_export_libraries-extras.cmake
[20.489s] -- Up-to-date: /home/samue/GitHub/esda-ros-firmware/src/install/esda_ros_interface/share/esda_ros_interface/cmake/ament_cmake_export_targets-extras.cmake
[20.489s] -- Up-to-date: /home/samue/GitHub/esda-ros-firmware/src/install/esda_ros_interface/share/esda_ros_interface/cmake/rosidl_cmake_export_typesupport_targets-extras.cmake
[20.489s] -- Up-to-date: /home/samue/GitHub/esda-ros-firmware/src/install/esda_ros_interface/share/esda_ros_interface/cmake/ament_cmake_export_dependencies-extras.cmake
[20.491s] -- Up-to-date: /home/samue/GitHub/esda-ros-firmware/src/install/esda_ros_interface/share/esda_ros_interface/cmake/rosidl_cmake_export_typesupport_libraries-extras.cmake
[20.491s] -- Up-to-date: /home/samue/GitHub/esda-ros-firmware/src/install/esda_ros_interface/share/esda_ros_interface/cmake/esda_ros_interfaceConfig.cmake
[20.491s] -- Up-to-date: /home/samue/GitHub/esda-ros-firmware/src/install/esda_ros_interface/share/esda_ros_interface/cmake/esda_ros_interfaceConfig-version.cmake
[20.492s] -- Up-to-date: /home/samue/GitHub/esda-ros-firmware/src/install/esda_ros_interface/share/esda_ros_interface/package.xml
[20.494s] Invoked command in '/home/samue/GitHub/esda-ros-firmware/src/build/esda_ros_interface' returned '0': CMAKE_PREFIX_PATH=${CMAKE_PREFIX_PATH}:/home/samue/install/launch_testing_examples:/home/samue/install/examples_rclpy_pointcloud_publisher:/home/samue/install/examples_rclpy_minimal_subscriber:/home/samue/install/examples_rclpy_minimal_service:/home/samue/install/examples_rclpy_minimal_publisher:/home/samue/install/examples_rclpy_minimal_client:/home/samue/install/examples_rclpy_minimal_action_server:/home/samue/install/examples_rclpy_minimal_action_client:/home/samue/install/examples_rclpy_guard_conditions:/home/samue/install/examples_rclpy_executors:/opt/ros/humble WSLENV=ELECTRON_RUN_AS_NODE/w: /usr/bin/cmake --install /home/samue/GitHub/esda-ros-firmware/src/build/esda_ros_interface
