[0.021s] Invoking command in '/home/samue/GitHub/esda-ros-firmware/src/build/esda_ros_interface': CMAKE_PREFIX_PATH=${CMAKE_PREFIX_PATH}:/home/samue/install/launch_testing_examples:/home/samue/install/examples_rclpy_pointcloud_publisher:/home/samue/install/examples_rclpy_minimal_subscriber:/home/samue/install/examples_rclpy_minimal_service:/home/samue/install/examples_rclpy_minimal_publisher:/home/samue/install/examples_rclpy_minimal_client:/home/samue/install/examples_rclpy_minimal_action_server:/home/samue/install/examples_rclpy_minimal_action_client:/home/samue/install/examples_rclpy_guard_conditions:/home/samue/install/examples_rclpy_executors:/opt/ros/humble WSLENV=ELECTRON_RUN_AS_NODE/w: /usr/bin/cmake --build /home/samue/GitHub/esda-ros-firmware/src/build/esda_ros_interface -- -j20 -l20
[0.168s] [  3%] Built target esda_ros_interface__cpp
[0.168s] [ 12%] Built target esda_ros_interface__rosidl_generator_c
[0.185s] [ 12%] Built target ament_cmake_python_copy_esda_ros_interface
[0.190s] [ 21%] Built target esda_ros_interface__rosidl_typesupport_cpp
[0.194s] [ 30%] Built target esda_ros_interface__rosidl_typesupport_fastrtps_cpp
[0.197s] [ 39%] Built target esda_ros_interface__rosidl_typesupport_introspection_cpp
[0.209s] [ 48%] Built target esda_ros_interface__rosidl_typesupport_c
[0.210s] [ 57%] Built target esda_ros_interface__rosidl_typesupport_fastrtps_c
[0.212s] [ 66%] Built target esda_ros_interface__rosidl_typesupport_introspection_c
[0.231s] [ 66%] Built target esda_ros_interface
[0.246s] [35m[1mConsolidate compiler generated dependencies of target esda_serial_to_pc[0m
[0.249s] [ 69%] Built target esda_ros_interface__py
[0.261s] [ 72%] [32mBuilding CXX object CMakeFiles/esda_serial_to_pc.dir/src/esda_serial_to_pc.cpp.o[0m
[0.269s] [ 78%] Built target esda_ros_interface__rosidl_generator_py
[0.288s] [ 84%] Built target esda_ros_interface__rosidl_typesupport_fastrtps_c__pyext
[0.289s] [ 90%] Built target esda_ros_interface__rosidl_typesupport_c__pyext
[0.289s] [ 96%] Built target esda_ros_interface__rosidl_typesupport_introspection_c__pyext
[0.420s] running egg_info
[0.421s] writing esda_ros_interface.egg-info/PKG-INFO
[0.421s] writing dependency_links to esda_ros_interface.egg-info/dependency_links.txt
[0.422s] writing top-level names to esda_ros_interface.egg-info/top_level.txt
[0.425s] reading manifest file 'esda_ros_interface.egg-info/SOURCES.txt'
[0.426s] writing manifest file 'esda_ros_interface.egg-info/SOURCES.txt'
[0.452s] [ 96%] Built target ament_cmake_python_build_esda_ros_interface_egg
[2.786s] [01m[K/home/samue/GitHub/esda-ros-firmware/src/esda_ros_interface/src/esda_serial_to_pc.cpp:12:1:[m[K [01;31m[Kerror: [m[K‘[01m[KROS2ToSerialBridge[m[K’ does not name a type
[2.787s]    12 | [01;31m[KROS2ToSerialBridge[m[K::ROS2ToSerialBridge(const rclcpp::NodeOptions & node_options)
[2.787s]       | [01;31m[K^~~~~~~~~~~~~~~~~~[m[K
[3.232s] gmake[2]: *** [CMakeFiles/esda_serial_to_pc.dir/build.make:76: CMakeFiles/esda_serial_to_pc.dir/src/esda_serial_to_pc.cpp.o] Error 1
[3.233s] gmake[1]: *** [CMakeFiles/Makefile2:594: CMakeFiles/esda_serial_to_pc.dir/all] Error 2
[3.233s] gmake: *** [Makefile:146: all] Error 2
[3.238s] Invoked command in '/home/samue/GitHub/esda-ros-firmware/src/build/esda_ros_interface' returned '2': CMAKE_PREFIX_PATH=${CMAKE_PREFIX_PATH}:/home/samue/install/launch_testing_examples:/home/samue/install/examples_rclpy_pointcloud_publisher:/home/samue/install/examples_rclpy_minimal_subscriber:/home/samue/install/examples_rclpy_minimal_service:/home/samue/install/examples_rclpy_minimal_publisher:/home/samue/install/examples_rclpy_minimal_client:/home/samue/install/examples_rclpy_minimal_action_server:/home/samue/install/examples_rclpy_minimal_action_client:/home/samue/install/examples_rclpy_guard_conditions:/home/samue/install/examples_rclpy_executors:/opt/ros/humble WSLENV=ELECTRON_RUN_AS_NODE/w: /usr/bin/cmake --build /home/samue/GitHub/esda-ros-firmware/src/build/esda_ros_interface -- -j20 -l20
