[0.045s] Invoking command in '/home/samue/GitHub/esda-ros-firmware/src/build/esda_ros_interface': CMAKE_PREFIX_PATH=${CMAKE_PREFIX_PATH}:/home/samue/install/launch_testing_examples:/home/samue/install/examples_rclpy_pointcloud_publisher:/home/samue/install/examples_rclpy_minimal_subscriber:/home/samue/install/examples_rclpy_minimal_service:/home/samue/install/examples_rclpy_minimal_publisher:/home/samue/install/examples_rclpy_minimal_client:/home/samue/install/examples_rclpy_minimal_action_server:/home/samue/install/examples_rclpy_minimal_action_client:/home/samue/install/examples_rclpy_guard_conditions:/home/samue/install/examples_rclpy_executors:/opt/ros/humble WSLENV=ELECTRON_RUN_AS_NODE/w: /usr/bin/cmake --build /home/samue/GitHub/esda-ros-firmware/src/build/esda_ros_interface -- -j20 -l20
[0.234s] [  2%] Built target esda_ros_interface__cpp
[0.238s] [ 11%] Built target esda_ros_interface__rosidl_generator_c
[0.248s] [ 17%] Built target esda_serial_to_pc_node
[0.263s] [ 17%] Built target ament_cmake_python_copy_esda_ros_interface
[0.271s] [ 25%] Built target esda_ros_interface__rosidl_typesupport_cpp
[0.272s] [ 34%] Built target esda_ros_interface__rosidl_typesupport_introspection_cpp
[0.273s] [ 42%] Built target esda_ros_interface__rosidl_typesupport_fastrtps_cpp
[0.274s] [ 51%] Built target esda_ros_interface__rosidl_typesupport_fastrtps_c
[0.274s] [ 60%] Built target esda_ros_interface__rosidl_typesupport_introspection_c
[0.277s] [ 68%] Built target esda_ros_interface__rosidl_typesupport_c
[0.297s] [ 68%] Built target esda_ros_interface
[0.330s] [ 71%] Built target esda_ros_interface__py
[0.342s] [ 74%] [32mBuilding CXX object CMakeFiles/esda_serial_to_pc.dir/src/esda_serial_to_pc.cpp.o[0m
[0.359s] [ 80%] Built target esda_ros_interface__rosidl_generator_py
[0.394s] [ 85%] Built target esda_ros_interface__rosidl_typesupport_fastrtps_c__pyext
[0.394s] [ 91%] Built target esda_ros_interface__rosidl_typesupport_introspection_c__pyext
[0.394s] [ 97%] Built target esda_ros_interface__rosidl_typesupport_c__pyext
[0.569s] running egg_info
[0.570s] writing esda_ros_interface.egg-info/PKG-INFO
[0.570s] writing dependency_links to esda_ros_interface.egg-info/dependency_links.txt
[0.570s] writing top-level names to esda_ros_interface.egg-info/top_level.txt
[0.574s] reading manifest file 'esda_ros_interface.egg-info/SOURCES.txt'
[0.575s] writing manifest file 'esda_ros_interface.egg-info/SOURCES.txt'
[0.599s] [ 97%] Built target ament_cmake_python_build_esda_ros_interface_egg
[0.863s] In file included from [01m[K/home/samue/GitHub/esda-ros-firmware/src/esda_ros_interface/include/esda_ros_interface/robot_hardware_interface_system.hpp:15[m[K,
[0.863s]                  from [01m[K/home/samue/GitHub/esda-ros-firmware/src/esda_ros_interface/src/esda_serial_to_pc.cpp:12[m[K:
[0.863s] [01m[K/home/samue/GitHub/esda-ros-firmware/src/esda_ros_interface/include/hardware_interface/system.hpp:22:10:[m[K [01;31m[Kfatal error: [m[Khardware_interface/handle.hpp: No such file or directory
[0.863s]    22 | #include [01;31m[K"hardware_interface/handle.hpp"[m[K
[0.863s]       |          [01;31m[K^~~~~~~~~~~~~~~~~~~~~~~~~~~~~~~[m[K
[0.863s] compilation terminated.
[0.867s] gmake[2]: *** [CMakeFiles/esda_serial_to_pc.dir/build.make:76: CMakeFiles/esda_serial_to_pc.dir/src/esda_serial_to_pc.cpp.o] Error 1
[0.867s] gmake[1]: *** [CMakeFiles/Makefile2:596: CMakeFiles/esda_serial_to_pc.dir/all] Error 2
[0.867s] gmake: *** [Makefile:146: all] Error 2
[0.873s] Invoked command in '/home/samue/GitHub/esda-ros-firmware/src/build/esda_ros_interface' returned '2': CMAKE_PREFIX_PATH=${CMAKE_PREFIX_PATH}:/home/samue/install/launch_testing_examples:/home/samue/install/examples_rclpy_pointcloud_publisher:/home/samue/install/examples_rclpy_minimal_subscriber:/home/samue/install/examples_rclpy_minimal_service:/home/samue/install/examples_rclpy_minimal_publisher:/home/samue/install/examples_rclpy_minimal_client:/home/samue/install/examples_rclpy_minimal_action_server:/home/samue/install/examples_rclpy_minimal_action_client:/home/samue/install/examples_rclpy_guard_conditions:/home/samue/install/examples_rclpy_executors:/opt/ros/humble WSLENV=ELECTRON_RUN_AS_NODE/w: /usr/bin/cmake --build /home/samue/GitHub/esda-ros-firmware/src/build/esda_ros_interface -- -j20 -l20
