[0.017s] Invoking command in '/home/samue/GitHub/esda-ros-firmware/src/build/esda_ros_interface': CMAKE_PREFIX_PATH=${CMAKE_PREFIX_PATH}:/home/samue/install/launch_testing_examples:/home/samue/install/examples_rclpy_pointcloud_publisher:/home/samue/install/examples_rclpy_minimal_subscriber:/home/samue/install/examples_rclpy_minimal_service:/home/samue/install/examples_rclpy_minimal_publisher:/home/samue/install/examples_rclpy_minimal_client:/home/samue/install/examples_rclpy_minimal_action_server:/home/samue/install/examples_rclpy_minimal_action_client:/home/samue/install/examples_rclpy_guard_conditions:/home/samue/install/examples_rclpy_executors:/opt/ros/humble WSLENV=ELECTRON_RUN_AS_NODE/w: /usr/bin/cmake --build /home/samue/GitHub/esda-ros-firmware/src/build/esda_ros_interface -- -j20 -l20
[0.115s] [  3%] Built target esda_ros_interface__cpp
[0.116s] [ 12%] Built target esda_ros_interface__rosidl_generator_c
[0.133s] [ 12%] Built target ament_cmake_python_copy_esda_ros_interface
[0.142s] [ 21%] Built target esda_ros_interface__rosidl_typesupport_fastrtps_cpp
[0.143s] [ 30%] Built target esda_ros_interface__rosidl_typesupport_introspection_cpp
[0.146s] [ 39%] Built target esda_ros_interface__rosidl_typesupport_cpp
[0.157s] [ 57%] Built target esda_ros_interface__rosidl_typesupport_fastrtps_c
[0.157s] [ 57%] Built target esda_ros_interface__rosidl_typesupport_introspection_c
[0.157s] [ 66%] Built target esda_ros_interface__rosidl_typesupport_c
[0.173s] [ 66%] Built target esda_ros_interface
[0.187s] [35m[1mConsolidate compiler generated dependencies of target esda_serial_to_pc[0m
[0.193s] [ 69%] Built target esda_ros_interface__py
[0.200s] [ 72%] [32mBuilding CXX object CMakeFiles/esda_serial_to_pc.dir/src/esda_serial_to_pc.cpp.o[0m
[0.209s] [ 78%] Built target esda_ros_interface__rosidl_generator_py
[0.227s] [ 84%] Built target esda_ros_interface__rosidl_typesupport_fastrtps_c__pyext
[0.227s] [ 90%] Built target esda_ros_interface__rosidl_typesupport_c__pyext
[0.230s] [ 96%] Built target esda_ros_interface__rosidl_typesupport_introspection_c__pyext
[0.333s] running egg_info
[0.333s] writing esda_ros_interface.egg-info/PKG-INFO
[0.334s] writing dependency_links to esda_ros_interface.egg-info/dependency_links.txt
[0.334s] writing top-level names to esda_ros_interface.egg-info/top_level.txt
[0.336s] reading manifest file 'esda_ros_interface.egg-info/SOURCES.txt'
[0.337s] writing manifest file 'esda_ros_interface.egg-info/SOURCES.txt'
[0.355s] [ 96%] Built target ament_cmake_python_build_esda_ros_interface_egg
[0.508s] [01m[K/home/samue/GitHub/esda-ros-firmware/src/esda_ros_interface/src/esda_serial_to_pc.cpp:9:10:[m[K [01;31m[Kfatal error: [m[Kros2_to_serial_bridge.hpp: No such file or directory
[0.508s]     9 | #include [01;31m[K"ros2_to_serial_bridge.hpp"[m[K
[0.508s]       |          [01;31m[K^~~~~~~~~~~~~~~~~~~~~~~~~~~[m[K
[0.508s] compilation terminated.
[0.510s] gmake[2]: *** [CMakeFiles/esda_serial_to_pc.dir/build.make:76: CMakeFiles/esda_serial_to_pc.dir/src/esda_serial_to_pc.cpp.o] Error 1
[0.510s] gmake[1]: *** [CMakeFiles/Makefile2:594: CMakeFiles/esda_serial_to_pc.dir/all] Error 2
[0.511s] gmake: *** [Makefile:146: all] Error 2
[0.513s] Invoked command in '/home/samue/GitHub/esda-ros-firmware/src/build/esda_ros_interface' returned '2': CMAKE_PREFIX_PATH=${CMAKE_PREFIX_PATH}:/home/samue/install/launch_testing_examples:/home/samue/install/examples_rclpy_pointcloud_publisher:/home/samue/install/examples_rclpy_minimal_subscriber:/home/samue/install/examples_rclpy_minimal_service:/home/samue/install/examples_rclpy_minimal_publisher:/home/samue/install/examples_rclpy_minimal_client:/home/samue/install/examples_rclpy_minimal_action_server:/home/samue/install/examples_rclpy_minimal_action_client:/home/samue/install/examples_rclpy_guard_conditions:/home/samue/install/examples_rclpy_executors:/opt/ros/humble WSLENV=ELECTRON_RUN_AS_NODE/w: /usr/bin/cmake --build /home/samue/GitHub/esda-ros-firmware/src/build/esda_ros_interface -- -j20 -l20
