[  2%] Built target esda_ros_interface__cpp
[ 11%] Built target esda_ros_interface__rosidl_generator_c
[ 11%] Built target ament_cmake_python_symlink_esda_ros_interface
[ 17%] Built target esda_serial_to_pc_node
[35m[1mConsolidate compiler generated dependencies of target esda_ros_interface__rosidl_typesupport_c[0m
[35m[1mConsolidate compiler generated dependencies of target esda_ros_interface__rosidl_typesupport_fastrtps_c[0m
[35m[1mConsolidate compiler generated dependencies of target esda_ros_interface__rosidl_typesupport_introspection_c[0m
[ 25%] Built target esda_ros_interface__rosidl_typesupport_cpp
[ 34%] Built target esda_ros_interface__rosidl_typesupport_introspection_cpp
[ 51%] Built target esda_ros_interface__rosidl_typesupport_fastrtps_cpp
[ 51%] Built target esda_ros_interface__rosidl_typesupport_introspection_c
[ 60%] Built target esda_ros_interface__rosidl_typesupport_c
[ 68%] Built target esda_ros_interface__rosidl_typesupport_fastrtps_c
[ 68%] Built target esda_ros_interface
[35m[1mConsolidate compiler generated dependencies of target esda_serial_to_pc[0m
[ 71%] Built target esda_ros_interface__py
[ 74%] [32mBuilding CXX object CMakeFiles/esda_serial_to_pc.dir/src/esda_serial_to_pc.cpp.o[0m
[35m[1mConsolidate compiler generated dependencies of target esda_ros_interface__rosidl_generator_py[0m
[ 80%] Built target esda_ros_interface__rosidl_generator_py
[35m[1mConsolidate compiler generated dependencies of target esda_ros_interface__rosidl_typesupport_c__pyext[0m
[35m[1mConsolidate compiler generated dependencies of target esda_ros_interface__rosidl_typesupport_introspection_c__pyext[0m
[35m[1mConsolidate compiler generated dependencies of target esda_ros_interface__rosidl_typesupport_fastrtps_c__pyext[0m
[ 85%] [32m[1mLinking C shared library rosidl_generator_py/esda_ros_interface/esda_ros_interface_s__rosidl_typesupport_c.cpython-310-x86_64-linux-gnu.so[0m
[ 85%] [32m[1mLinking C shared library rosidl_generator_py/esda_ros_interface/esda_ros_interface_s__rosidl_typesupport_introspection_c.cpython-310-x86_64-linux-gnu.so[0m
[ 88%] [32m[1mLinking C shared library rosidl_generator_py/esda_ros_interface/esda_ros_interface_s__rosidl_typesupport_fastrtps_c.cpython-310-x86_64-linux-gnu.so[0m
[ 91%] Built target esda_ros_interface__rosidl_typesupport_fastrtps_c__pyext
[ 94%] Built target esda_ros_interface__rosidl_typesupport_c__pyext
[ 97%] Built target esda_ros_interface__rosidl_typesupport_introspection_c__pyext
running egg_info
writing esda_ros_interface.egg-info/PKG-INFO
writing dependency_links to esda_ros_interface.egg-info/dependency_links.txt
writing top-level names to esda_ros_interface.egg-info/top_level.txt
reading manifest file 'esda_ros_interface.egg-info/SOURCES.txt'
writing manifest file 'esda_ros_interface.egg-info/SOURCES.txt'
[ 97%] Built target ament_cmake_python_build_esda_ros_interface_egg
[100%] [32m[1mLinking CXX executable esda_serial_to_pc[0m
[100%] Built target esda_serial_to_pc
