[0.039s] Invoking command in '/home/samue/GitHub/esda-ros-firmware/build/esda_ros_interface': CMAKE_PREFIX_PATH=${CMAKE_PREFIX_PATH}:/home/samue/install/launch_testing_examples:/home/samue/install/examples_rclpy_pointcloud_publisher:/home/samue/install/examples_rclpy_minimal_subscriber:/home/samue/install/examples_rclpy_minimal_service:/home/samue/install/examples_rclpy_minimal_publisher:/home/samue/install/examples_rclpy_minimal_client:/home/samue/install/examples_rclpy_minimal_action_server:/home/samue/install/examples_rclpy_minimal_action_client:/home/samue/install/examples_rclpy_guard_conditions:/home/samue/install/examples_rclpy_executors:/opt/ros/humble WSLENV=ELECTRON_RUN_AS_NODE/w: /usr/bin/cmake --build /home/samue/GitHub/esda-ros-firmware/build/esda_ros_interface -- -j20 -l20
[0.148s] [  2%] Built target esda_ros_interface__cpp
[0.150s] [ 11%] Built target esda_ros_interface__rosidl_generator_c
[0.153s] [ 11%] Built target ament_cmake_python_symlink_esda_ros_interface
[0.161s] [ 17%] Built target esda_serial_to_pc_node
[0.174s] [35m[1mConsolidate compiler generated dependencies of target esda_ros_interface__rosidl_typesupport_c[0m
[0.176s] [35m[1mConsolidate compiler generated dependencies of target esda_ros_interface__rosidl_typesupport_fastrtps_c[0m
[0.176s] [35m[1mConsolidate compiler generated dependencies of target esda_ros_interface__rosidl_typesupport_introspection_c[0m
[0.181s] [ 25%] Built target esda_ros_interface__rosidl_typesupport_cpp
[0.187s] [ 34%] Built target esda_ros_interface__rosidl_typesupport_introspection_cpp
[0.188s] [ 51%] Built target esda_ros_interface__rosidl_typesupport_fastrtps_cpp
[0.188s] [ 51%] Built target esda_ros_interface__rosidl_typesupport_introspection_c
[0.188s] [ 60%] Built target esda_ros_interface__rosidl_typesupport_c
[0.191s] [ 68%] Built target esda_ros_interface__rosidl_typesupport_fastrtps_c
[0.210s] [ 68%] Built target esda_ros_interface
[0.226s] [35m[1mConsolidate compiler generated dependencies of target esda_serial_to_pc[0m
[0.234s] [ 71%] Built target esda_ros_interface__py
[0.243s] [ 74%] [32mBuilding CXX object CMakeFiles/esda_serial_to_pc.dir/src/esda_serial_to_pc.cpp.o[0m
[0.248s] [35m[1mConsolidate compiler generated dependencies of target esda_ros_interface__rosidl_generator_py[0m
[0.260s] [ 80%] Built target esda_ros_interface__rosidl_generator_py
[0.273s] [35m[1mConsolidate compiler generated dependencies of target esda_ros_interface__rosidl_typesupport_c__pyext[0m
[0.274s] [35m[1mConsolidate compiler generated dependencies of target esda_ros_interface__rosidl_typesupport_introspection_c__pyext[0m
[0.274s] [35m[1mConsolidate compiler generated dependencies of target esda_ros_interface__rosidl_typesupport_fastrtps_c__pyext[0m
[0.287s] [ 85%] [32m[1mLinking C shared library rosidl_generator_py/esda_ros_interface/esda_ros_interface_s__rosidl_typesupport_c.cpython-310-x86_64-linux-gnu.so[0m
[0.287s] [ 85%] [32m[1mLinking C shared library rosidl_generator_py/esda_ros_interface/esda_ros_interface_s__rosidl_typesupport_introspection_c.cpython-310-x86_64-linux-gnu.so[0m
[0.287s] [ 88%] [32m[1mLinking C shared library rosidl_generator_py/esda_ros_interface/esda_ros_interface_s__rosidl_typesupport_fastrtps_c.cpython-310-x86_64-linux-gnu.so[0m
[0.505s] [ 91%] Built target esda_ros_interface__rosidl_typesupport_fastrtps_c__pyext
[0.506s] [ 94%] Built target esda_ros_interface__rosidl_typesupport_c__pyext
[0.542s] [ 97%] Built target esda_ros_interface__rosidl_typesupport_introspection_c__pyext
[0.545s] running egg_info
[0.546s] writing esda_ros_interface.egg-info/PKG-INFO
[0.547s] writing dependency_links to esda_ros_interface.egg-info/dependency_links.txt
[0.547s] writing top-level names to esda_ros_interface.egg-info/top_level.txt
[0.551s] reading manifest file 'esda_ros_interface.egg-info/SOURCES.txt'
[0.552s] writing manifest file 'esda_ros_interface.egg-info/SOURCES.txt'
[0.580s] [ 97%] Built target ament_cmake_python_build_esda_ros_interface_egg
[4.109s] [100%] [32m[1mLinking CXX executable esda_serial_to_pc[0m
[4.754s] [100%] Built target esda_serial_to_pc
