[  3%] Built target esda_ros_interface__cpp
[ 12%] Built target esda_ros_interface__rosidl_generator_c
[ 12%] Built target ament_cmake_python_copy_esda_ros_interface
[ 27%] Built target esda_ros_interface__rosidl_typesupport_fastrtps_cpp
[ 30%] Built target esda_ros_interface__rosidl_typesupport_cpp
[ 39%] Built target esda_ros_interface__rosidl_typesupport_introspection_cpp
[ 48%] Built target esda_ros_interface__rosidl_typesupport_fastrtps_c
[ 57%] Built target esda_ros_interface__rosidl_typesupport_introspection_c
[ 66%] Built target esda_ros_interface__rosidl_typesupport_c
[ 66%] Built target esda_ros_interface
[ 69%] Built target esda_ros_interface__py
[ 72%] [32mBuilding CXX object CMakeFiles/esda_serial_to_pc.dir/src/esda_serial_to_pc.cpp.o[0m
[ 78%] Built target esda_ros_interface__rosidl_generator_py
[ 90%] Built target esda_ros_interface__rosidl_typesupport_introspection_c__pyext
[ 90%] Built target esda_ros_interface__rosidl_typesupport_fastrtps_c__pyext
[ 96%] Built target esda_ros_interface__rosidl_typesupport_c__pyext
running egg_info
writing esda_ros_interface.egg-info/PKG-INFO
writing dependency_links to esda_ros_interface.egg-info/dependency_links.txt
writing top-level names to esda_ros_interface.egg-info/top_level.txt
reading manifest file 'esda_ros_interface.egg-info/SOURCES.txt'
writing manifest file 'esda_ros_interface.egg-info/SOURCES.txt'
[ 96%] Built target ament_cmake_python_build_esda_ros_interface_egg
