[  2%] Built target esda_ros_interface__cpp
[ 11%] Built target esda_ros_interface__rosidl_generator_c
[ 17%] Built target esda_serial_to_pc_node
[ 17%] Built target ament_cmake_python_copy_esda_ros_interface
[ 25%] Built target esda_ros_interface__rosidl_typesupport_fastrtps_cpp
[ 34%] Built target esda_ros_interface__rosidl_typesupport_cpp
[ 42%] Built target esda_ros_interface__rosidl_typesupport_introspection_cpp
[ 51%] Built target esda_ros_interface__rosidl_typesupport_fastrtps_c
[ 60%] Built target esda_ros_interface__rosidl_typesupport_introspection_c
[ 68%] Built target esda_ros_interface__rosidl_typesupport_c
[ 68%] Built target esda_ros_interface
[35m[1mConsolidate compiler generated dependencies of target esda_serial_to_pc[0m
[ 71%] Built target esda_ros_interface__py
[ 74%] [32mBuilding CXX object CMakeFiles/esda_serial_to_pc.dir/src/esda_serial_to_pc.cpp.o[0m
[ 80%] Built target esda_ros_interface__rosidl_generator_py
[ 85%] Built target esda_ros_interface__rosidl_typesupport_fastrtps_c__pyext
[ 97%] Built target esda_ros_interface__rosidl_typesupport_c__pyext
[ 97%] Built target esda_ros_interface__rosidl_typesupport_introspection_c__pyext
running egg_info
writing esda_ros_interface.egg-info/PKG-INFO
writing dependency_links to esda_ros_interface.egg-info/dependency_links.txt
writing top-level names to esda_ros_interface.egg-info/top_level.txt
reading manifest file 'esda_ros_interface.egg-info/SOURCES.txt'
writing manifest file 'esda_ros_interface.egg-info/SOURCES.txt'
[ 97%] Built target ament_cmake_python_build_esda_ros_interface_egg
[01m[K/home/samue/GitHub/esda-ros-firmware/src/esda_ros_interface/src/esda_serial_to_pc.cpp:8:10:[m[K [01;31m[Kfatal error: [m[Kstd_msgs/msg/string.hpp: No such file or directory
    8 | #include [01;31m[K"std_msgs/msg/string.hpp"[m[K
      |          [01;31m[K^~~~~~~~~~~~~~~~~~~~~~~~~[m[K
compilation terminated.
gmake[2]: *** [CMakeFiles/esda_serial_to_pc.dir/build.make:76: CMakeFiles/esda_serial_to_pc.dir/src/esda_serial_to_pc.cpp.o] Error 1
gmake[1]: *** [CMakeFiles/Makefile2:596: CMakeFiles/esda_serial_to_pc.dir/all] Error 2
gmake: *** [Makefile:146: all] Error 2
