[0.035s] Invoking command in '/home/samue/GitHub/esda-ros-firmware/src/build/esda_ros_interface': CMAKE_PREFIX_PATH=${CMAKE_PREFIX_PATH}:/home/samue/install/launch_testing_examples:/home/samue/install/examples_rclpy_pointcloud_publisher:/home/samue/install/examples_rclpy_minimal_subscriber:/home/samue/install/examples_rclpy_minimal_service:/home/samue/install/examples_rclpy_minimal_publisher:/home/samue/install/examples_rclpy_minimal_client:/home/samue/install/examples_rclpy_minimal_action_server:/home/samue/install/examples_rclpy_minimal_action_client:/home/samue/install/examples_rclpy_guard_conditions:/home/samue/install/examples_rclpy_executors:/opt/ros/humble WSLENV=ELECTRON_RUN_AS_NODE/w: /usr/bin/cmake --build /home/samue/GitHub/esda-ros-firmware/src/build/esda_ros_interface -- -j20 -l20
[0.151s] [  2%] Built target esda_ros_interface__cpp
[0.152s] [ 11%] Built target esda_ros_interface__rosidl_generator_c
[0.164s] [ 17%] Built target esda_serial_to_pc_node
[0.165s] [ 17%] Built target ament_cmake_python_copy_esda_ros_interface
[0.175s] [ 25%] Built target esda_ros_interface__rosidl_typesupport_fastrtps_cpp
[0.179s] [ 34%] Built target esda_ros_interface__rosidl_typesupport_cpp
[0.182s] [ 42%] Built target esda_ros_interface__rosidl_typesupport_introspection_cpp
[0.187s] [ 51%] Built target esda_ros_interface__rosidl_typesupport_fastrtps_c
[0.188s] [ 60%] Built target esda_ros_interface__rosidl_typesupport_introspection_c
[0.192s] [ 68%] Built target esda_ros_interface__rosidl_typesupport_c
[0.208s] [ 68%] Built target esda_ros_interface
[0.222s] [35m[1mConsolidate compiler generated dependencies of target esda_serial_to_pc[0m
[0.226s] [ 71%] Built target esda_ros_interface__py
[0.237s] [ 74%] [32mBuilding CXX object CMakeFiles/esda_serial_to_pc.dir/src/esda_serial_to_pc.cpp.o[0m
[0.246s] [ 80%] Built target esda_ros_interface__rosidl_generator_py
[0.264s] [ 85%] Built target esda_ros_interface__rosidl_typesupport_fastrtps_c__pyext
[0.265s] [ 97%] Built target esda_ros_interface__rosidl_typesupport_c__pyext
[0.265s] [ 97%] Built target esda_ros_interface__rosidl_typesupport_introspection_c__pyext
[0.404s] running egg_info
[0.405s] writing esda_ros_interface.egg-info/PKG-INFO
[0.406s] writing dependency_links to esda_ros_interface.egg-info/dependency_links.txt
[0.406s] writing top-level names to esda_ros_interface.egg-info/top_level.txt
[0.410s] reading manifest file 'esda_ros_interface.egg-info/SOURCES.txt'
[0.411s] writing manifest file 'esda_ros_interface.egg-info/SOURCES.txt'
[0.437s] [ 97%] Built target ament_cmake_python_build_esda_ros_interface_egg
[0.628s] [01m[K/home/samue/GitHub/esda-ros-firmware/src/esda_ros_interface/src/esda_serial_to_pc.cpp:8:10:[m[K [01;31m[Kfatal error: [m[Kstd_msgs/msg/string.hpp: No such file or directory
[0.628s]     8 | #include [01;31m[K"std_msgs/msg/string.hpp"[m[K
[0.628s]       |          [01;31m[K^~~~~~~~~~~~~~~~~~~~~~~~~[m[K
[0.628s] compilation terminated.
[0.630s] gmake[2]: *** [CMakeFiles/esda_serial_to_pc.dir/build.make:76: CMakeFiles/esda_serial_to_pc.dir/src/esda_serial_to_pc.cpp.o] Error 1
[0.631s] gmake[1]: *** [CMakeFiles/Makefile2:596: CMakeFiles/esda_serial_to_pc.dir/all] Error 2
[0.631s] gmake: *** [Makefile:146: all] Error 2
[0.634s] Invoked command in '/home/samue/GitHub/esda-ros-firmware/src/build/esda_ros_interface' returned '2': CMAKE_PREFIX_PATH=${CMAKE_PREFIX_PATH}:/home/samue/install/launch_testing_examples:/home/samue/install/examples_rclpy_pointcloud_publisher:/home/samue/install/examples_rclpy_minimal_subscriber:/home/samue/install/examples_rclpy_minimal_service:/home/samue/install/examples_rclpy_minimal_publisher:/home/samue/install/examples_rclpy_minimal_client:/home/samue/install/examples_rclpy_minimal_action_server:/home/samue/install/examples_rclpy_minimal_action_client:/home/samue/install/examples_rclpy_guard_conditions:/home/samue/install/examples_rclpy_executors:/opt/ros/humble WSLENV=ELECTRON_RUN_AS_NODE/w: /usr/bin/cmake --build /home/samue/GitHub/esda-ros-firmware/src/build/esda_ros_interface -- -j20 -l20
