[0.019s] Invoking command in '/home/samue/GitHub/esda-ros-firmware/src/esda_ros_interface/build/esda_ros_interface': CMAKE_PREFIX_PATH=${CMAKE_PREFIX_PATH}:/home/samue/install/launch_testing_examples:/home/samue/install/examples_rclpy_pointcloud_publisher:/home/samue/install/examples_rclpy_minimal_subscriber:/home/samue/install/examples_rclpy_minimal_service:/home/samue/install/examples_rclpy_minimal_publisher:/home/samue/install/examples_rclpy_minimal_client:/home/samue/install/examples_rclpy_minimal_action_server:/home/samue/install/examples_rclpy_minimal_action_client:/home/samue/install/examples_rclpy_guard_conditions:/home/samue/install/examples_rclpy_executors:/opt/ros/humble WSLENV=ELECTRON_RUN_AS_NODE/w: /usr/bin/cmake --build /home/samue/GitHub/esda-ros-firmware/src/esda_ros_interface/build/esda_ros_interface -- -j20 -l20
[0.085s] -- Found ament_cmake: 1.3.9 (/opt/ros/humble/share/ament_cmake/cmake)
[0.292s] -- Found rosidl_default_generators: 1.2.0 (/opt/ros/humble/share/rosidl_default_generators/cmake)
[0.298s] -- Using all available rosidl_typesupport_c: rosidl_typesupport_fastrtps_c;rosidl_typesupport_introspection_c
[0.302s] -- Found rosidl_adapter: 3.1.5 (/opt/ros/humble/share/rosidl_adapter/cmake)
[0.793s] -- Using all available rosidl_typesupport_cpp: rosidl_typesupport_fastrtps_cpp;rosidl_typesupport_introspection_cpp
[0.838s] -- Found rclcpp: 16.0.9 (/opt/ros/humble/share/rclcpp/cmake)
[0.947s] -- Found rmw_implementation_cmake: 6.1.2 (/opt/ros/humble/share/rmw_implementation_cmake/cmake)
[0.950s] -- Found rmw_fastrtps_cpp: 6.2.6 (/opt/ros/humble/share/rmw_fastrtps_cpp/cmake)
[17.909s] -- Using RMW implementation 'rmw_fastrtps_cpp' as default
[18.150s] -- Found rclcpp_components: 16.0.9 (/opt/ros/humble/share/rclcpp_components/cmake)
[18.499s] -- Found ament_cmake_ros: 0.10.0 (/opt/ros/humble/share/ament_cmake_ros/cmake)
[18.682s] -- Using all available rosidl_typesupport_c: rosidl_typesupport_fastrtps_c;rosidl_typesupport_introspection_c
[18.939s] -- Using all available rosidl_typesupport_cpp: rosidl_typesupport_fastrtps_cpp;rosidl_typesupport_introspection_cpp
[18.964s] -- Found python_cmake_module: 0.10.0 (/opt/ros/humble/share/python_cmake_module/cmake)
[18.990s] -- Using PYTHON_EXECUTABLE: /usr/bin/python3
[18.990s] -- Using PYTHON_INCLUDE_DIRS: /usr/include/python3.10
[18.990s] -- Using PYTHON_LIBRARIES: /usr/lib/x86_64-linux-gnu/libpython3.10.so
[19.013s] [0mCMake Deprecation Warning at /opt/ros/humble/share/rosidl_cmake/cmake/rosidl_target_interfaces.cmake:32 (message):
[19.013s]   Use rosidl_get_typesupport_target() and target_link_libraries() instead of
[19.014s]   rosidl_target_interfaces()
[19.014s] Call Stack (most recent call first):
[19.014s]   CMakeLists.txt:41 (rosidl_target_interfaces)
[19.014s] 
[19.014s] [0m
[19.032s] -- Configuring done
[19.097s] -- Generating done
[19.102s] -- Build files have been written to: /home/samue/GitHub/esda-ros-firmware/src/esda_ros_interface/build/esda_ros_interface
[19.133s] [35m[1mConsolidate compiler generated dependencies of target esda_ros_interface__rosidl_generator_c[0m
[19.145s] [  2%] [32mBuilding C object CMakeFiles/esda_ros_interface__rosidl_generator_c.dir/rosidl_generator_c/esda_ros_interface/msg/detail/esda_message__functions.c.o[0m
[19.145s] [  5%] Built target esda_ros_interface__cpp
[19.149s] [  8%] [32mBuilding CXX object CMakeFiles/esda_serial_to_pc_node.dir/rclcpp_components/node_main_esda_serial_to_pc_node.cpp.o[0m
[19.155s] [35m[1mConsolidate compiler generated dependencies of target esda_ros_interface__rosidl_typesupport_cpp[0m
[19.157s] [35m[1mConsolidate compiler generated dependencies of target esda_ros_interface__rosidl_typesupport_fastrtps_cpp[0m
[19.160s] [35m[1mConsolidate compiler generated dependencies of target esda_ros_interface__rosidl_typesupport_introspection_cpp[0m
[19.163s] [  8%] Built target ament_cmake_python_copy_esda_ros_interface
[19.171s] [ 11%] [32mBuilding CXX object CMakeFiles/esda_ros_interface__rosidl_typesupport_fastrtps_cpp.dir/rosidl_typesupport_fastrtps_cpp/esda_ros_interface/msg/detail/dds_fastrtps/esda_message__type_support.cpp.o[0m
[19.173s] [ 14%] [32mBuilding CXX object CMakeFiles/esda_ros_interface__rosidl_typesupport_cpp.dir/rosidl_typesupport_cpp/esda_ros_interface/msg/esda_message__type_support.cpp.o[0m
[19.174s] [ 17%] [32mBuilding CXX object CMakeFiles/esda_ros_interface__rosidl_typesupport_introspection_cpp.dir/rosidl_typesupport_introspection_cpp/esda_ros_interface/msg/detail/esda_message__type_support.cpp.o[0m
[19.349s] [ 20%] [32m[1mLinking C shared library libesda_ros_interface__rosidl_generator_c.so[0m
[19.475s] running egg_info
[19.477s] writing esda_ros_interface.egg-info/PKG-INFO
[19.477s] writing dependency_links to esda_ros_interface.egg-info/dependency_links.txt
[19.477s] writing top-level names to esda_ros_interface.egg-info/top_level.txt
[19.481s] reading manifest file 'esda_ros_interface.egg-info/SOURCES.txt'
[19.482s] writing manifest file 'esda_ros_interface.egg-info/SOURCES.txt'
[19.508s] [ 20%] Built target ament_cmake_python_build_esda_ros_interface_egg
[19.597s] [ 22%] [32m[1mLinking CXX shared library libesda_ros_interface__rosidl_typesupport_cpp.so[0m
[19.672s] [ 25%] [32m[1mLinking CXX shared library libesda_ros_interface__rosidl_typesupport_introspection_cpp.so[0m
[19.675s] [ 28%] [32m[1mLinking CXX shared library libesda_ros_interface__rosidl_typesupport_fastrtps_cpp.so[0m
[19.721s] [ 31%] Built target esda_ros_interface__rosidl_generator_c
[19.736s] [35m[1mConsolidate compiler generated dependencies of target esda_ros_interface__rosidl_typesupport_introspection_c[0m
[19.736s] [35m[1mConsolidate compiler generated dependencies of target esda_ros_interface__rosidl_typesupport_c[0m
[19.740s] [35m[1mConsolidate compiler generated dependencies of target esda_ros_interface__rosidl_typesupport_fastrtps_c[0m
[19.749s] [ 34%] [32mBuilding CXX object CMakeFiles/esda_ros_interface__rosidl_typesupport_c.dir/rosidl_typesupport_c/esda_ros_interface/msg/esda_message__type_support.cpp.o[0m
[19.750s] [ 37%] [32mBuilding C object CMakeFiles/esda_ros_interface__rosidl_typesupport_introspection_c.dir/rosidl_typesupport_introspection_c/esda_ros_interface/msg/detail/esda_message__type_support.c.o[0m
[19.751s] [ 40%] [32mBuilding CXX object CMakeFiles/esda_ros_interface__rosidl_typesupport_fastrtps_c.dir/rosidl_typesupport_fastrtps_c/esda_ros_interface/msg/detail/esda_message__type_support_c.cpp.o[0m
[19.777s] [ 42%] [32m[1mLinking CXX shared library libesda_ros_interface__rosidl_typesupport_c.so[0m
[19.781s] [ 45%] [32m[1mLinking C shared library libesda_ros_interface__rosidl_typesupport_introspection_c.so[0m
[19.935s] [ 48%] Built target esda_ros_interface__rosidl_typesupport_cpp
[19.966s] [ 51%] Built target esda_ros_interface__rosidl_typesupport_introspection_cpp
[19.995s] [ 54%] Built target esda_ros_interface__rosidl_typesupport_fastrtps_cpp
[20.035s] [ 57%] Built target esda_ros_interface__rosidl_typesupport_introspection_c
[20.045s] [ 60%] Built target esda_ros_interface__rosidl_typesupport_c
[20.066s] [ 62%] [32m[1mLinking CXX shared library libesda_ros_interface__rosidl_typesupport_fastrtps_c.so[0m
[20.475s] [ 65%] Built target esda_ros_interface__rosidl_typesupport_fastrtps_c
[20.493s] [ 65%] Built target esda_ros_interface
[20.504s] [35m[1mConsolidate compiler generated dependencies of target esda_serial_to_pc[0m
[20.511s] [ 68%] Built target esda_ros_interface__py
[20.519s] [ 71%] [32mBuilding CXX object CMakeFiles/esda_serial_to_pc.dir/src/esda_serial_to_pc.cpp.o[0m
[20.520s] [35m[1mConsolidate compiler generated dependencies of target esda_ros_interface__rosidl_generator_py[0m
[20.532s] [ 74%] [32mBuilding C object CMakeFiles/esda_ros_interface__rosidl_generator_py.dir/rosidl_generator_py/esda_ros_interface/msg/_esda_message_s.c.o[0m
[20.734s] [ 77%] [32m[1mLinking C shared library rosidl_generator_py/esda_ros_interface/libesda_ros_interface__rosidl_generator_py.so[0m
[20.758s] [01m[K/home/samue/GitHub/esda-ros-firmware/src/esda_ros_interface/src/esda_serial_to_pc.cpp:8:10:[m[K [01;31m[Kfatal error: [m[Kstd_msgs/msg/string.hpp: No such file or directory
[20.758s]     8 | #include [01;31m[K"std_msgs/msg/string.hpp"[m[K
[20.758s]       |          [01;31m[K^~~~~~~~~~~~~~~~~~~~~~~~~[m[K
[20.758s] compilation terminated.
[20.759s] gmake[2]: *** [CMakeFiles/esda_serial_to_pc.dir/build.make:76: CMakeFiles/esda_serial_to_pc.dir/src/esda_serial_to_pc.cpp.o] Error 1
[20.760s] gmake[1]: *** [CMakeFiles/Makefile2:596: CMakeFiles/esda_serial_to_pc.dir/all] Error 2
[20.760s] gmake[1]: *** Waiting for unfinished jobs....
[21.094s] [ 77%] Built target esda_ros_interface__rosidl_generator_py
[22.870s] [ 80%] [32m[1mLinking CXX executable esda_serial_to_pc_node[0m
[23.381s] [ 80%] Built target esda_serial_to_pc_node
[23.382s] gmake: *** [Makefile:146: all] Error 2
[23.384s] Invoked command in '/home/samue/GitHub/esda-ros-firmware/src/esda_ros_interface/build/esda_ros_interface' returned '2': CMAKE_PREFIX_PATH=${CMAKE_PREFIX_PATH}:/home/samue/install/launch_testing_examples:/home/samue/install/examples_rclpy_pointcloud_publisher:/home/samue/install/examples_rclpy_minimal_subscriber:/home/samue/install/examples_rclpy_minimal_service:/home/samue/install/examples_rclpy_minimal_publisher:/home/samue/install/examples_rclpy_minimal_client:/home/samue/install/examples_rclpy_minimal_action_server:/home/samue/install/examples_rclpy_minimal_action_client:/home/samue/install/examples_rclpy_guard_conditions:/home/samue/install/examples_rclpy_executors:/opt/ros/humble WSLENV=ELECTRON_RUN_AS_NODE/w: /usr/bin/cmake --build /home/samue/GitHub/esda-ros-firmware/src/esda_ros_interface/build/esda_ros_interface -- -j20 -l20
