-- Found ament_cmake: 1.3.9 (/opt/ros/humble/share/ament_cmake/cmake)
-- Found rosidl_default_generators: 1.2.0 (/opt/ros/humble/share/rosidl_default_generators/cmake)
-- Using all available rosidl_typesupport_c: rosidl_typesupport_fastrtps_c;rosidl_typesupport_introspection_c
-- Found rosidl_adapter: 3.1.5 (/opt/ros/humble/share/rosidl_adapter/cmake)
-- Using all available rosidl_typesupport_cpp: rosidl_typesupport_fastrtps_cpp;rosidl_typesupport_introspection_cpp
-- Found rclcpp: 16.0.9 (/opt/ros/humble/share/rclcpp/cmake)
-- Found rmw_implementation_cmake: 6.1.2 (/opt/ros/humble/share/rmw_implementation_cmake/cmake)
-- Found rmw_fastrtps_cpp: 6.2.6 (/opt/ros/humble/share/rmw_fastrtps_cpp/cmake)
-- Using RMW implementation 'rmw_fastrtps_cpp' as default
-- Found rclcpp_components: 16.0.9 (/opt/ros/humble/share/rclcpp_components/cmake)
-- Found ament_cmake_ros: 0.10.0 (/opt/ros/humble/share/ament_cmake_ros/cmake)
-- Using all available rosidl_typesupport_c: rosidl_typesupport_fastrtps_c;rosidl_typesupport_introspection_c
-- Using all available rosidl_typesupport_cpp: rosidl_typesupport_fastrtps_cpp;rosidl_typesupport_introspection_cpp
-- Found python_cmake_module: 0.10.0 (/opt/ros/humble/share/python_cmake_module/cmake)
-- Using PYTHON_EXECUTABLE: /usr/bin/python3
-- Using PYTHON_INCLUDE_DIRS: /usr/include/python3.10
-- Using PYTHON_LIBRARIES: /usr/lib/x86_64-linux-gnu/libpython3.10.so
[0mCMake Deprecation Warning at /opt/ros/humble/share/rosidl_cmake/cmake/rosidl_target_interfaces.cmake:32 (message):
  Use rosidl_get_typesupport_target() and target_link_libraries() instead of
  rosidl_target_interfaces()
Call Stack (most recent call first):
  CMakeLists.txt:42 (rosidl_target_interfaces)

[0m
-- Configuring done
-- Generating done
-- Build files have been written to: /home/samue/GitHub/esda-ros-firmware/build/esda_ros_interface
[35m[1mConsolidate compiler generated dependencies of target esda_serial_to_pc_node[0m
[35m[1mConsolidate compiler generated dependencies of target esda_ros_interface__rosidl_generator_c[0m
[  2%] Built target esda_ros_interface__cpp
[35m[1mConsolidate compiler generated dependencies of target esda_ros_interface__rosidl_typesupport_cpp[0m
[35m[1mConsolidate compiler generated dependencies of target esda_ros_interface__rosidl_typesupport_fastrtps_cpp[0m
[35m[1mConsolidate compiler generated dependencies of target esda_ros_interface__rosidl_typesupport_introspection_cpp[0m
[ 11%] Built target esda_ros_interface__rosidl_generator_c
[ 11%] Built target ament_cmake_python_copy_esda_ros_interface
[35m[1mConsolidate compiler generated dependencies of target esda_ros_interface__rosidl_typesupport_c[0m
[35m[1mConsolidate compiler generated dependencies of target esda_ros_interface__rosidl_typesupport_introspection_c[0m
[35m[1mConsolidate compiler generated dependencies of target esda_ros_interface__rosidl_typesupport_fastrtps_c[0m
[ 20%] Built target esda_ros_interface__rosidl_typesupport_cpp
[ 28%] Built target esda_ros_interface__rosidl_typesupport_introspection_cpp
[ 37%] Built target esda_ros_interface__rosidl_typesupport_fastrtps_cpp
[ 45%] Built target esda_ros_interface__rosidl_typesupport_c
[ 54%] Built target esda_ros_interface__rosidl_typesupport_introspection_c
[ 62%] Built target esda_ros_interface__rosidl_typesupport_fastrtps_c
[ 68%] Built target esda_serial_to_pc_node
[ 68%] Built target esda_ros_interface
[ 74%] [32mBuilding CXX object CMakeFiles/esda_serial_to_pc.dir/src/esda_serial_to_pc.cpp.o[0m
[ 74%] Built target esda_ros_interface__py
[35m[1mConsolidate compiler generated dependencies of target esda_ros_interface__rosidl_generator_py[0m
[ 80%] Built target esda_ros_interface__rosidl_generator_py
[ 82%] [32mBuilding C object CMakeFiles/esda_ros_interface__rosidl_typesupport_c__pyext.dir/rosidl_generator_py/esda_ros_interface/_esda_ros_interface_s.ep.rosidl_typesupport_c.c.o[0m
[ 85%] [32mBuilding C object CMakeFiles/esda_ros_interface__rosidl_typesupport_introspection_c__pyext.dir/rosidl_generator_py/esda_ros_interface/_esda_ros_interface_s.ep.rosidl_typesupport_introspection_c.c.o[0m
[ 88%] [32mBuilding C object CMakeFiles/esda_ros_interface__rosidl_typesupport_fastrtps_c__pyext.dir/rosidl_generator_py/esda_ros_interface/_esda_ros_interface_s.ep.rosidl_typesupport_fastrtps_c.c.o[0m
running egg_info
writing esda_ros_interface.egg-info/PKG-INFO
writing dependency_links to esda_ros_interface.egg-info/dependency_links.txt
writing top-level names to esda_ros_interface.egg-info/top_level.txt
reading manifest file 'esda_ros_interface.egg-info/SOURCES.txt'
writing manifest file 'esda_ros_interface.egg-info/SOURCES.txt'
[ 94%] [32m[1mLinking C shared library rosidl_generator_py/esda_ros_interface/esda_ros_interface_s__rosidl_typesupport_introspection_c.cpython-310-x86_64-linux-gnu.so[0m
[ 94%] [32m[1mLinking C shared library rosidl_generator_py/esda_ros_interface/esda_ros_interface_s__rosidl_typesupport_fastrtps_c.cpython-310-x86_64-linux-gnu.so[0m
[ 97%] [32m[1mLinking C shared library rosidl_generator_py/esda_ros_interface/esda_ros_interface_s__rosidl_typesupport_c.cpython-310-x86_64-linux-gnu.so[0m
[ 97%] Built target ament_cmake_python_build_esda_ros_interface_egg
[ 97%] Built target esda_ros_interface__rosidl_typesupport_introspection_c__pyext
[ 97%] Built target esda_ros_interface__rosidl_typesupport_fastrtps_c__pyext
[ 97%] Built target esda_ros_interface__rosidl_typesupport_c__pyext
[100%] [32m[1mLinking CXX executable esda_serial_to_pc[0m
[100%] Built target esda_serial_to_pc
-- Install configuration: ""
-- Installing: /home/samue/GitHub/esda-ros-firmware/install/esda_ros_interface/share/ament_index/resource_index/rosidl_interfaces/esda_ros_interface
-- Installing: /home/samue/GitHub/esda-ros-firmware/install/esda_ros_interface/include/esda_ros_interface/esda_ros_interface
-- Installing: /home/samue/GitHub/esda-ros-firmware/install/esda_ros_interface/include/esda_ros_interface/esda_ros_interface/msg
-- Installing: /home/samue/GitHub/esda-ros-firmware/install/esda_ros_interface/include/esda_ros_interface/esda_ros_interface/msg/esda_message.h
-- Installing: /home/samue/GitHub/esda-ros-firmware/install/esda_ros_interface/include/esda_ros_interface/esda_ros_interface/msg/rosidl_generator_c__visibility_control.h
-- Installing: /home/samue/GitHub/esda-ros-firmware/install/esda_ros_interface/include/esda_ros_interface/esda_ros_interface/msg/detail
-- Installing: /home/samue/GitHub/esda-ros-firmware/install/esda_ros_interface/include/esda_ros_interface/esda_ros_interface/msg/detail/esda_message__type_support.h
-- Installing: /home/samue/GitHub/esda-ros-firmware/install/esda_ros_interface/include/esda_ros_interface/esda_ros_interface/msg/detail/esda_message__functions.c
-- Installing: /home/samue/GitHub/esda-ros-firmware/install/esda_ros_interface/include/esda_ros_interface/esda_ros_interface/msg/detail/esda_message__functions.h
-- Installing: /home/samue/GitHub/esda-ros-firmware/install/esda_ros_interface/include/esda_ros_interface/esda_ros_interface/msg/detail/esda_message__struct.h
-- Installing: /home/samue/GitHub/esda-ros-firmware/install/esda_ros_interface/share/esda_ros_interface/environment/library_path.sh
-- Installing: /home/samue/GitHub/esda-ros-firmware/install/esda_ros_interface/share/esda_ros_interface/environment/library_path.dsv
-- Installing: /home/samue/GitHub/esda-ros-firmware/install/esda_ros_interface/lib/libesda_ros_interface__rosidl_generator_c.so
-- Set runtime path of "/home/samue/GitHub/esda-ros-firmware/install/esda_ros_interface/lib/libesda_ros_interface__rosidl_generator_c.so" to ""
-- Up-to-date: /home/samue/GitHub/esda-ros-firmware/install/esda_ros_interface/include/esda_ros_interface/esda_ros_interface
-- Up-to-date: /home/samue/GitHub/esda-ros-firmware/install/esda_ros_interface/include/esda_ros_interface/esda_ros_interface/msg
-- Installing: /home/samue/GitHub/esda-ros-firmware/install/esda_ros_interface/include/esda_ros_interface/esda_ros_interface/msg/rosidl_typesupport_fastrtps_c__visibility_control.h
-- Up-to-date: /home/samue/GitHub/esda-ros-firmware/install/esda_ros_interface/include/esda_ros_interface/esda_ros_interface/msg/detail
-- Installing: /home/samue/GitHub/esda-ros-firmware/install/esda_ros_interface/include/esda_ros_interface/esda_ros_interface/msg/detail/esda_message__rosidl_typesupport_fastrtps_c.h
-- Installing: /home/samue/GitHub/esda-ros-firmware/install/esda_ros_interface/lib/libesda_ros_interface__rosidl_typesupport_fastrtps_c.so
-- Set runtime path of "/home/samue/GitHub/esda-ros-firmware/install/esda_ros_interface/lib/libesda_ros_interface__rosidl_typesupport_fastrtps_c.so" to ""
-- Up-to-date: /home/samue/GitHub/esda-ros-firmware/install/esda_ros_interface/include/esda_ros_interface/esda_ros_interface
-- Up-to-date: /home/samue/GitHub/esda-ros-firmware/install/esda_ros_interface/include/esda_ros_interface/esda_ros_interface/msg
-- Installing: /home/samue/GitHub/esda-ros-firmware/install/esda_ros_interface/include/esda_ros_interface/esda_ros_interface/msg/rosidl_typesupport_introspection_c__visibility_control.h
-- Up-to-date: /home/samue/GitHub/esda-ros-firmware/install/esda_ros_interface/include/esda_ros_interface/esda_ros_interface/msg/detail
-- Installing: /home/samue/GitHub/esda-ros-firmware/install/esda_ros_interface/include/esda_ros_interface/esda_ros_interface/msg/detail/esda_message__type_support.c
-- Installing: /home/samue/GitHub/esda-ros-firmware/install/esda_ros_interface/include/esda_ros_interface/esda_ros_interface/msg/detail/esda_message__rosidl_typesupport_introspection_c.h
-- Installing: /home/samue/GitHub/esda-ros-firmware/install/esda_ros_interface/lib/libesda_ros_interface__rosidl_typesupport_introspection_c.so
-- Set runtime path of "/home/samue/GitHub/esda-ros-firmware/install/esda_ros_interface/lib/libesda_ros_interface__rosidl_typesupport_introspection_c.so" to ""
-- Installing: /home/samue/GitHub/esda-ros-firmware/install/esda_ros_interface/lib/libesda_ros_interface__rosidl_typesupport_c.so
-- Set runtime path of "/home/samue/GitHub/esda-ros-firmware/install/esda_ros_interface/lib/libesda_ros_interface__rosidl_typesupport_c.so" to ""
-- Up-to-date: /home/samue/GitHub/esda-ros-firmware/install/esda_ros_interface/include/esda_ros_interface/esda_ros_interface
-- Up-to-date: /home/samue/GitHub/esda-ros-firmware/install/esda_ros_interface/include/esda_ros_interface/esda_ros_interface/msg
-- Installing: /home/samue/GitHub/esda-ros-firmware/install/esda_ros_interface/include/esda_ros_interface/esda_ros_interface/msg/esda_message.hpp
-- Up-to-date: /home/samue/GitHub/esda-ros-firmware/install/esda_ros_interface/include/esda_ros_interface/esda_ros_interface/msg/detail
-- Installing: /home/samue/GitHub/esda-ros-firmware/install/esda_ros_interface/include/esda_ros_interface/esda_ros_interface/msg/detail/esda_message__struct.hpp
-- Installing: /home/samue/GitHub/esda-ros-firmware/install/esda_ros_interface/include/esda_ros_interface/esda_ros_interface/msg/detail/esda_message__traits.hpp
-- Installing: /home/samue/GitHub/esda-ros-firmware/install/esda_ros_interface/include/esda_ros_interface/esda_ros_interface/msg/detail/esda_message__builder.hpp
-- Up-to-date: /home/samue/GitHub/esda-ros-firmware/install/esda_ros_interface/include/esda_ros_interface/esda_ros_interface
-- Up-to-date: /home/samue/GitHub/esda-ros-firmware/install/esda_ros_interface/include/esda_ros_interface/esda_ros_interface/msg
-- Installing: /home/samue/GitHub/esda-ros-firmware/install/esda_ros_interface/include/esda_ros_interface/esda_ros_interface/msg/rosidl_typesupport_fastrtps_cpp__visibility_control.h
-- Up-to-date: /home/samue/GitHub/esda-ros-firmware/install/esda_ros_interface/include/esda_ros_interface/esda_ros_interface/msg/detail
-- Installing: /home/samue/GitHub/esda-ros-firmware/install/esda_ros_interface/include/esda_ros_interface/esda_ros_interface/msg/detail/dds_fastrtps
-- Installing: /home/samue/GitHub/esda-ros-firmware/install/esda_ros_interface/include/esda_ros_interface/esda_ros_interface/msg/detail/esda_message__rosidl_typesupport_fastrtps_cpp.hpp
-- Installing: /home/samue/GitHub/esda-ros-firmware/install/esda_ros_interface/lib/libesda_ros_interface__rosidl_typesupport_fastrtps_cpp.so
-- Set runtime path of "/home/samue/GitHub/esda-ros-firmware/install/esda_ros_interface/lib/libesda_ros_interface__rosidl_typesupport_fastrtps_cpp.so" to ""
-- Up-to-date: /home/samue/GitHub/esda-ros-firmware/install/esda_ros_interface/include/esda_ros_interface/esda_ros_interface
-- Up-to-date: /home/samue/GitHub/esda-ros-firmware/install/esda_ros_interface/include/esda_ros_interface/esda_ros_interface/msg
-- Up-to-date: /home/samue/GitHub/esda-ros-firmware/install/esda_ros_interface/include/esda_ros_interface/esda_ros_interface/msg/detail
-- Installing: /home/samue/GitHub/esda-ros-firmware/install/esda_ros_interface/include/esda_ros_interface/esda_ros_interface/msg/detail/esda_message__type_support.cpp
-- Installing: /home/samue/GitHub/esda-ros-firmware/install/esda_ros_interface/include/esda_ros_interface/esda_ros_interface/msg/detail/esda_message__rosidl_typesupport_introspection_cpp.hpp
-- Installing: /home/samue/GitHub/esda-ros-firmware/install/esda_ros_interface/lib/libesda_ros_interface__rosidl_typesupport_introspection_cpp.so
-- Set runtime path of "/home/samue/GitHub/esda-ros-firmware/install/esda_ros_interface/lib/libesda_ros_interface__rosidl_typesupport_introspection_cpp.so" to ""
-- Installing: /home/samue/GitHub/esda-ros-firmware/install/esda_ros_interface/lib/libesda_ros_interface__rosidl_typesupport_cpp.so
-- Set runtime path of "/home/samue/GitHub/esda-ros-firmware/install/esda_ros_interface/lib/libesda_ros_interface__rosidl_typesupport_cpp.so" to ""
-- Installing: /home/samue/GitHub/esda-ros-firmware/install/esda_ros_interface/share/esda_ros_interface/environment/pythonpath.sh
-- Installing: /home/samue/GitHub/esda-ros-firmware/install/esda_ros_interface/share/esda_ros_interface/environment/pythonpath.dsv
-- Installing: /home/samue/GitHub/esda-ros-firmware/install/esda_ros_interface/local/lib/python3.10/dist-packages/esda_ros_interface-0.0.0-py3.10.egg-info
-- Installing: /home/samue/GitHub/esda-ros-firmware/install/esda_ros_interface/local/lib/python3.10/dist-packages/esda_ros_interface-0.0.0-py3.10.egg-info/dependency_links.txt
-- Installing: /home/samue/GitHub/esda-ros-firmware/install/esda_ros_interface/local/lib/python3.10/dist-packages/esda_ros_interface-0.0.0-py3.10.egg-info/PKG-INFO
-- Installing: /home/samue/GitHub/esda-ros-firmware/install/esda_ros_interface/local/lib/python3.10/dist-packages/esda_ros_interface-0.0.0-py3.10.egg-info/SOURCES.txt
-- Installing: /home/samue/GitHub/esda-ros-firmware/install/esda_ros_interface/local/lib/python3.10/dist-packages/esda_ros_interface-0.0.0-py3.10.egg-info/top_level.txt
-- Installing: /home/samue/GitHub/esda-ros-firmware/install/esda_ros_interface/local/lib/python3.10/dist-packages/esda_ros_interface
-- Installing: /home/samue/GitHub/esda-ros-firmware/install/esda_ros_interface/local/lib/python3.10/dist-packages/esda_ros_interface/libesda_ros_interface__rosidl_generator_py.so
-- Installing: /home/samue/GitHub/esda-ros-firmware/install/esda_ros_interface/local/lib/python3.10/dist-packages/esda_ros_interface/_esda_ros_interface_s.ep.rosidl_typesupport_fastrtps_c.c
-- Installing: /home/samue/GitHub/esda-ros-firmware/install/esda_ros_interface/local/lib/python3.10/dist-packages/esda_ros_interface/msg
-- Installing: /home/samue/GitHub/esda-ros-firmware/install/esda_ros_interface/local/lib/python3.10/dist-packages/esda_ros_interface/msg/_esda_message_s.c
-- Installing: /home/samue/GitHub/esda-ros-firmware/install/esda_ros_interface/local/lib/python3.10/dist-packages/esda_ros_interface/msg/_esda_message.py
-- Installing: /home/samue/GitHub/esda-ros-firmware/install/esda_ros_interface/local/lib/python3.10/dist-packages/esda_ros_interface/msg/__init__.py
-- Installing: /home/samue/GitHub/esda-ros-firmware/install/esda_ros_interface/local/lib/python3.10/dist-packages/esda_ros_interface/_esda_ros_interface_s.ep.rosidl_typesupport_c.c
-- Installing: /home/samue/GitHub/esda-ros-firmware/install/esda_ros_interface/local/lib/python3.10/dist-packages/esda_ros_interface/esda_ros_interface_s__rosidl_typesupport_fastrtps_c.cpython-310-x86_64-linux-gnu.so
-- Installing: /home/samue/GitHub/esda-ros-firmware/install/esda_ros_interface/local/lib/python3.10/dist-packages/esda_ros_interface/esda_ros_interface_s__rosidl_typesupport_c.cpython-310-x86_64-linux-gnu.so
-- Installing: /home/samue/GitHub/esda-ros-firmware/install/esda_ros_interface/local/lib/python3.10/dist-packages/esda_ros_interface/esda_ros_interface_s__rosidl_typesupport_introspection_c.cpython-310-x86_64-linux-gnu.so
-- Installing: /home/samue/GitHub/esda-ros-firmware/install/esda_ros_interface/local/lib/python3.10/dist-packages/esda_ros_interface/_esda_ros_interface_s.ep.rosidl_typesupport_introspection_c.c
-- Installing: /home/samue/GitHub/esda-ros-firmware/install/esda_ros_interface/local/lib/python3.10/dist-packages/esda_ros_interface/__init__.py
Listing '/home/samue/GitHub/esda-ros-firmware/install/esda_ros_interface/local/lib/python3.10/dist-packages/esda_ros_interface'...
Compiling '/home/samue/GitHub/esda-ros-firmware/install/esda_ros_interface/local/lib/python3.10/dist-packages/esda_ros_interface/__init__.py'...
Listing '/home/samue/GitHub/esda-ros-firmware/install/esda_ros_interface/local/lib/python3.10/dist-packages/esda_ros_interface/msg'...
Compiling '/home/samue/GitHub/esda-ros-firmware/install/esda_ros_interface/local/lib/python3.10/dist-packages/esda_ros_interface/msg/__init__.py'...
Compiling '/home/samue/GitHub/esda-ros-firmware/install/esda_ros_interface/local/lib/python3.10/dist-packages/esda_ros_interface/msg/_esda_message.py'...
-- Installing: /home/samue/GitHub/esda-ros-firmware/install/esda_ros_interface/local/lib/python3.10/dist-packages/esda_ros_interface/esda_ros_interface_s__rosidl_typesupport_fastrtps_c.cpython-310-x86_64-linux-gnu.so
-- Set runtime path of "/home/samue/GitHub/esda-ros-firmware/install/esda_ros_interface/local/lib/python3.10/dist-packages/esda_ros_interface/esda_ros_interface_s__rosidl_typesupport_fastrtps_c.cpython-310-x86_64-linux-gnu.so" to ""
-- Installing: /home/samue/GitHub/esda-ros-firmware/install/esda_ros_interface/local/lib/python3.10/dist-packages/esda_ros_interface/esda_ros_interface_s__rosidl_typesupport_introspection_c.cpython-310-x86_64-linux-gnu.so
-- Set runtime path of "/home/samue/GitHub/esda-ros-firmware/install/esda_ros_interface/local/lib/python3.10/dist-packages/esda_ros_interface/esda_ros_interface_s__rosidl_typesupport_introspection_c.cpython-310-x86_64-linux-gnu.so" to ""
-- Installing: /home/samue/GitHub/esda-ros-firmware/install/esda_ros_interface/local/lib/python3.10/dist-packages/esda_ros_interface/esda_ros_interface_s__rosidl_typesupport_c.cpython-310-x86_64-linux-gnu.so
-- Set runtime path of "/home/samue/GitHub/esda-ros-firmware/install/esda_ros_interface/local/lib/python3.10/dist-packages/esda_ros_interface/esda_ros_interface_s__rosidl_typesupport_c.cpython-310-x86_64-linux-gnu.so" to ""
-- Installing: /home/samue/GitHub/esda-ros-firmware/install/esda_ros_interface/lib/libesda_ros_interface__rosidl_generator_py.so
-- Set runtime path of "/home/samue/GitHub/esda-ros-firmware/install/esda_ros_interface/lib/libesda_ros_interface__rosidl_generator_py.so" to ""
-- Installing: /home/samue/GitHub/esda-ros-firmware/install/esda_ros_interface/share/esda_ros_interface/msg/EsdaMessage.idl
-- Installing: /home/samue/GitHub/esda-ros-firmware/install/esda_ros_interface/share/esda_ros_interface/msg/EsdaMessage.msg
-- Installing: /home/samue/GitHub/esda-ros-firmware/install/esda_ros_interface/lib/esda_ros_interface/esda_serial_to_pc_node
-- Set runtime path of "/home/samue/GitHub/esda-ros-firmware/install/esda_ros_interface/lib/esda_ros_interface/esda_serial_to_pc_node" to ""
-- Installing: /home/samue/GitHub/esda-ros-firmware/install/esda_ros_interface/lib/esda_ros_interface/esda_serial_to_pc
-- Set runtime path of "/home/samue/GitHub/esda-ros-firmware/install/esda_ros_interface/lib/esda_ros_interface/esda_serial_to_pc" to ""
-- Installing: /home/samue/GitHub/esda-ros-firmware/install/esda_ros_interface/share/ament_index/resource_index/package_run_dependencies/esda_ros_interface
-- Installing: /home/samue/GitHub/esda-ros-firmware/install/esda_ros_interface/share/ament_index/resource_index/parent_prefix_path/esda_ros_interface
-- Installing: /home/samue/GitHub/esda-ros-firmware/install/esda_ros_interface/share/esda_ros_interface/environment/ament_prefix_path.sh
-- Installing: /home/samue/GitHub/esda-ros-firmware/install/esda_ros_interface/share/esda_ros_interface/environment/ament_prefix_path.dsv
-- Installing: /home/samue/GitHub/esda-ros-firmware/install/esda_ros_interface/share/esda_ros_interface/environment/path.sh
-- Installing: /home/samue/GitHub/esda-ros-firmware/install/esda_ros_interface/share/esda_ros_interface/environment/path.dsv
-- Installing: /home/samue/GitHub/esda-ros-firmware/install/esda_ros_interface/share/esda_ros_interface/local_setup.bash
-- Installing: /home/samue/GitHub/esda-ros-firmware/install/esda_ros_interface/share/esda_ros_interface/local_setup.sh
-- Installing: /home/samue/GitHub/esda-ros-firmware/install/esda_ros_interface/share/esda_ros_interface/local_setup.zsh
-- Installing: /home/samue/GitHub/esda-ros-firmware/install/esda_ros_interface/share/esda_ros_interface/local_setup.dsv
-- Installing: /home/samue/GitHub/esda-ros-firmware/install/esda_ros_interface/share/esda_ros_interface/package.dsv
-- Installing: /home/samue/GitHub/esda-ros-firmware/install/esda_ros_interface/share/ament_index/resource_index/packages/esda_ros_interface
-- Installing: /home/samue/GitHub/esda-ros-firmware/install/esda_ros_interface/share/esda_ros_interface/cmake/export_esda_ros_interface__rosidl_generator_cExport.cmake
-- Installing: /home/samue/GitHub/esda-ros-firmware/install/esda_ros_interface/share/esda_ros_interface/cmake/export_esda_ros_interface__rosidl_generator_cExport-noconfig.cmake
-- Installing: /home/samue/GitHub/esda-ros-firmware/install/esda_ros_interface/share/esda_ros_interface/cmake/export_esda_ros_interface__rosidl_typesupport_fastrtps_cExport.cmake
-- Installing: /home/samue/GitHub/esda-ros-firmware/install/esda_ros_interface/share/esda_ros_interface/cmake/export_esda_ros_interface__rosidl_typesupport_fastrtps_cExport-noconfig.cmake
-- Installing: /home/samue/GitHub/esda-ros-firmware/install/esda_ros_interface/share/esda_ros_interface/cmake/esda_ros_interface__rosidl_typesupport_introspection_cExport.cmake
-- Installing: /home/samue/GitHub/esda-ros-firmware/install/esda_ros_interface/share/esda_ros_interface/cmake/esda_ros_interface__rosidl_typesupport_introspection_cExport-noconfig.cmake
-- Installing: /home/samue/GitHub/esda-ros-firmware/install/esda_ros_interface/share/esda_ros_interface/cmake/esda_ros_interface__rosidl_typesupport_cExport.cmake
-- Installing: /home/samue/GitHub/esda-ros-firmware/install/esda_ros_interface/share/esda_ros_interface/cmake/esda_ros_interface__rosidl_typesupport_cExport-noconfig.cmake
-- Installing: /home/samue/GitHub/esda-ros-firmware/install/esda_ros_interface/share/esda_ros_interface/cmake/export_esda_ros_interface__rosidl_generator_cppExport.cmake
-- Installing: /home/samue/GitHub/esda-ros-firmware/install/esda_ros_interface/share/esda_ros_interface/cmake/export_esda_ros_interface__rosidl_typesupport_fastrtps_cppExport.cmake
-- Installing: /home/samue/GitHub/esda-ros-firmware/install/esda_ros_interface/share/esda_ros_interface/cmake/export_esda_ros_interface__rosidl_typesupport_fastrtps_cppExport-noconfig.cmake
-- Installing: /home/samue/GitHub/esda-ros-firmware/install/esda_ros_interface/share/esda_ros_interface/cmake/esda_ros_interface__rosidl_typesupport_introspection_cppExport.cmake
-- Installing: /home/samue/GitHub/esda-ros-firmware/install/esda_ros_interface/share/esda_ros_interface/cmake/esda_ros_interface__rosidl_typesupport_introspection_cppExport-noconfig.cmake
-- Installing: /home/samue/GitHub/esda-ros-firmware/install/esda_ros_interface/share/esda_ros_interface/cmake/esda_ros_interface__rosidl_typesupport_cppExport.cmake
-- Installing: /home/samue/GitHub/esda-ros-firmware/install/esda_ros_interface/share/esda_ros_interface/cmake/esda_ros_interface__rosidl_typesupport_cppExport-noconfig.cmake
-- Installing: /home/samue/GitHub/esda-ros-firmware/install/esda_ros_interface/share/esda_ros_interface/cmake/export_esda_ros_interface__rosidl_generator_pyExport.cmake
-- Installing: /home/samue/GitHub/esda-ros-firmware/install/esda_ros_interface/share/esda_ros_interface/cmake/export_esda_ros_interface__rosidl_generator_pyExport-noconfig.cmake
-- Installing: /home/samue/GitHub/esda-ros-firmware/install/esda_ros_interface/share/ament_index/resource_index/rclcpp_components/esda_ros_interface
-- Installing: /home/samue/GitHub/esda-ros-firmware/install/esda_ros_interface/share/esda_ros_interface/cmake/rosidl_cmake-extras.cmake
-- Installing: /home/samue/GitHub/esda-ros-firmware/install/esda_ros_interface/share/esda_ros_interface/cmake/ament_cmake_export_include_directories-extras.cmake
-- Installing: /home/samue/GitHub/esda-ros-firmware/install/esda_ros_interface/share/esda_ros_interface/cmake/ament_cmake_export_libraries-extras.cmake
-- Installing: /home/samue/GitHub/esda-ros-firmware/install/esda_ros_interface/share/esda_ros_interface/cmake/ament_cmake_export_targets-extras.cmake
-- Installing: /home/samue/GitHub/esda-ros-firmware/install/esda_ros_interface/share/esda_ros_interface/cmake/rosidl_cmake_export_typesupport_targets-extras.cmake
-- Installing: /home/samue/GitHub/esda-ros-firmware/install/esda_ros_interface/share/esda_ros_interface/cmake/ament_cmake_export_dependencies-extras.cmake
-- Installing: /home/samue/GitHub/esda-ros-firmware/install/esda_ros_interface/share/esda_ros_interface/cmake/rosidl_cmake_export_typesupport_libraries-extras.cmake
-- Installing: /home/samue/GitHub/esda-ros-firmware/install/esda_ros_interface/share/esda_ros_interface/cmake/esda_ros_interfaceConfig.cmake
-- Installing: /home/samue/GitHub/esda-ros-firmware/install/esda_ros_interface/share/esda_ros_interface/cmake/esda_ros_interfaceConfig-version.cmake
-- Installing: /home/samue/GitHub/esda-ros-firmware/install/esda_ros_interface/share/esda_ros_interface/package.xml
