[0.024s] Invoking command in '/home/samue/GitHub/esda-ros-firmware/src/build/esda_ros_interface': CMAKE_PREFIX_PATH=${CMAKE_PREFIX_PATH}:/home/samue/install/launch_testing_examples:/home/samue/install/examples_rclpy_pointcloud_publisher:/home/samue/install/examples_rclpy_minimal_subscriber:/home/samue/install/examples_rclpy_minimal_service:/home/samue/install/examples_rclpy_minimal_publisher:/home/samue/install/examples_rclpy_minimal_client:/home/samue/install/examples_rclpy_minimal_action_server:/home/samue/install/examples_rclpy_minimal_action_client:/home/samue/install/examples_rclpy_guard_conditions:/home/samue/install/examples_rclpy_executors:/opt/ros/humble WSLENV=ELECTRON_RUN_AS_NODE/w: /usr/bin/cmake --build /home/samue/GitHub/esda-ros-firmware/src/build/esda_ros_interface -- -j20 -l20
[0.102s] -- Found ament_cmake: 1.3.9 (/opt/ros/humble/share/ament_cmake/cmake)
[0.306s] -- Found rosidl_default_generators: 1.2.0 (/opt/ros/humble/share/rosidl_default_generators/cmake)
[0.317s] -- Using all available rosidl_typesupport_c: rosidl_typesupport_fastrtps_c;rosidl_typesupport_introspection_c
[0.324s] -- Found rosidl_adapter: 3.1.5 (/opt/ros/humble/share/rosidl_adapter/cmake)
[0.878s] -- Using all available rosidl_typesupport_cpp: rosidl_typesupport_fastrtps_cpp;rosidl_typesupport_introspection_cpp
[0.928s] -- Found rclcpp: 16.0.9 (/opt/ros/humble/share/rclcpp/cmake)
[1.040s] -- Found rmw_implementation_cmake: 6.1.2 (/opt/ros/humble/share/rmw_implementation_cmake/cmake)
[1.045s] -- Found rmw_fastrtps_cpp: 6.2.6 (/opt/ros/humble/share/rmw_fastrtps_cpp/cmake)
[18.677s] -- Using RMW implementation 'rmw_fastrtps_cpp' as default
[18.905s] -- Found rclcpp_components: 16.0.9 (/opt/ros/humble/share/rclcpp_components/cmake)
[19.279s] -- Found ament_cmake_ros: 0.10.0 (/opt/ros/humble/share/ament_cmake_ros/cmake)
[19.510s] -- Using all available rosidl_typesupport_c: rosidl_typesupport_fastrtps_c;rosidl_typesupport_introspection_c
[19.805s] -- Using all available rosidl_typesupport_cpp: rosidl_typesupport_fastrtps_cpp;rosidl_typesupport_introspection_cpp
[19.837s] -- Found python_cmake_module: 0.10.0 (/opt/ros/humble/share/python_cmake_module/cmake)
[19.868s] -- Using PYTHON_EXECUTABLE: /usr/bin/python3
[19.868s] -- Using PYTHON_INCLUDE_DIRS: /usr/include/python3.10
[19.868s] -- Using PYTHON_LIBRARIES: /usr/lib/x86_64-linux-gnu/libpython3.10.so
[19.896s] [0mCMake Deprecation Warning at /opt/ros/humble/share/rosidl_cmake/cmake/rosidl_target_interfaces.cmake:32 (message):
[19.897s]   Use rosidl_get_typesupport_target() and target_link_libraries() instead of
[19.897s]   rosidl_target_interfaces()
[19.897s] Call Stack (most recent call first):
[19.897s]   CMakeLists.txt:42 (rosidl_target_interfaces)
[19.897s] 
[19.897s] [0m
[19.912s] -- Configuring done
[19.992s] -- Generating done
[19.996s] -- Build files have been written to: /home/samue/GitHub/esda-ros-firmware/src/build/esda_ros_interface
[20.039s] [35m[1mConsolidate compiler generated dependencies of target esda_serial_to_pc_node[0m
[20.046s] [  2%] Built target esda_ros_interface__cpp
[20.048s] [35m[1mConsolidate compiler generated dependencies of target esda_ros_interface__rosidl_generator_c[0m
[20.058s] [35m[1mConsolidate compiler generated dependencies of target esda_ros_interface__rosidl_typesupport_cpp[0m
[20.059s] [35m[1mConsolidate compiler generated dependencies of target esda_ros_interface__rosidl_typesupport_introspection_cpp[0m
[20.061s] [ 11%] Built target esda_ros_interface__rosidl_generator_c
[20.066s] [ 20%] Built target esda_ros_interface__rosidl_typesupport_cpp
[20.069s] [ 25%] Built target esda_serial_to_pc_node
[20.070s] [ 34%] Built target esda_ros_interface__rosidl_typesupport_introspection_cpp
[20.070s] [35m[1mConsolidate compiler generated dependencies of target esda_ros_interface__rosidl_typesupport_fastrtps_c[0m
[20.070s] [35m[1mConsolidate compiler generated dependencies of target esda_ros_interface__rosidl_typesupport_fastrtps_cpp[0m
[20.076s] [35m[1mConsolidate compiler generated dependencies of target esda_ros_interface__rosidl_typesupport_c[0m
[20.078s] [35m[1mConsolidate compiler generated dependencies of target esda_ros_interface__rosidl_typesupport_introspection_c[0m
[20.079s] [ 34%] Built target ament_cmake_python_copy_esda_ros_interface
[20.085s] [ 45%] Built target esda_ros_interface__rosidl_typesupport_c
[20.085s] [ 54%] Built target esda_ros_interface__rosidl_typesupport_fastrtps_c
[20.085s] [ 60%] Built target esda_ros_interface__rosidl_typesupport_fastrtps_cpp
[20.088s] [ 68%] Built target esda_ros_interface__rosidl_typesupport_introspection_c
[20.105s] [ 68%] Built target esda_ros_interface
[20.115s] [35m[1mConsolidate compiler generated dependencies of target esda_serial_to_pc[0m
[20.121s] [ 71%] Built target esda_ros_interface__py
[20.132s] [ 74%] [32mBuilding CXX object CMakeFiles/esda_serial_to_pc.dir/src/esda_serial_to_pc.cpp.o[0m
[20.132s] [35m[1mConsolidate compiler generated dependencies of target esda_ros_interface__rosidl_generator_py[0m
[20.142s] [ 80%] Built target esda_ros_interface__rosidl_generator_py
[20.151s] [35m[1mConsolidate compiler generated dependencies of target esda_ros_interface__rosidl_typesupport_fastrtps_c__pyext[0m
[20.151s] [35m[1mConsolidate compiler generated dependencies of target esda_ros_interface__rosidl_typesupport_introspection_c__pyext[0m
[20.152s] [35m[1mConsolidate compiler generated dependencies of target esda_ros_interface__rosidl_typesupport_c__pyext[0m
[20.163s] [ 85%] Built target esda_ros_interface__rosidl_typesupport_introspection_c__pyext
[20.163s] [ 91%] Built target esda_ros_interface__rosidl_typesupport_c__pyext
[20.163s] [ 97%] Built target esda_ros_interface__rosidl_typesupport_fastrtps_c__pyext
[20.310s] running egg_info
[20.311s] writing esda_ros_interface.egg-info/PKG-INFO
[20.311s] writing dependency_links to esda_ros_interface.egg-info/dependency_links.txt
[20.312s] writing top-level names to esda_ros_interface.egg-info/top_level.txt
[20.315s] reading manifest file 'esda_ros_interface.egg-info/SOURCES.txt'
[20.315s] writing manifest file 'esda_ros_interface.egg-info/SOURCES.txt'
[20.342s] [ 97%] Built target ament_cmake_python_build_esda_ros_interface_egg
[23.555s] [100%] [32m[1mLinking CXX executable esda_serial_to_pc[0m
[24.069s] [100%] Built target esda_serial_to_pc
[24.081s] Invoked command in '/home/samue/GitHub/esda-ros-firmware/src/build/esda_ros_interface' returned '0': CMAKE_PREFIX_PATH=${CMAKE_PREFIX_PATH}:/home/samue/install/launch_testing_examples:/home/samue/install/examples_rclpy_pointcloud_publisher:/home/samue/install/examples_rclpy_minimal_subscriber:/home/samue/install/examples_rclpy_minimal_service:/home/samue/install/examples_rclpy_minimal_publisher:/home/samue/install/examples_rclpy_minimal_client:/home/samue/install/examples_rclpy_minimal_action_server:/home/samue/install/examples_rclpy_minimal_action_client:/home/samue/install/examples_rclpy_guard_conditions:/home/samue/install/examples_rclpy_executors:/opt/ros/humble WSLENV=ELECTRON_RUN_AS_NODE/w: /usr/bin/cmake --build /home/samue/GitHub/esda-ros-firmware/src/build/esda_ros_interface -- -j20 -l20
[24.160s] Invoking command in '/home/samue/GitHub/esda-ros-firmware/src/build/esda_ros_interface': CMAKE_PREFIX_PATH=${CMAKE_PREFIX_PATH}:/home/samue/install/launch_testing_examples:/home/samue/install/examples_rclpy_pointcloud_publisher:/home/samue/install/examples_rclpy_minimal_subscriber:/home/samue/install/examples_rclpy_minimal_service:/home/samue/install/examples_rclpy_minimal_publisher:/home/samue/install/examples_rclpy_minimal_client:/home/samue/install/examples_rclpy_minimal_action_server:/home/samue/install/examples_rclpy_minimal_action_client:/home/samue/install/examples_rclpy_guard_conditions:/home/samue/install/examples_rclpy_executors:/opt/ros/humble WSLENV=ELECTRON_RUN_AS_NODE/w: /usr/bin/cmake --install /home/samue/GitHub/esda-ros-firmware/src/build/esda_ros_interface
[24.170s] -- Install configuration: ""
[24.170s] -- Up-to-date: /home/samue/GitHub/esda-ros-firmware/src/install/esda_ros_interface/share/ament_index/resource_index/rosidl_interfaces/esda_ros_interface
[24.170s] -- Up-to-date: /home/samue/GitHub/esda-ros-firmware/src/install/esda_ros_interface/include/esda_ros_interface/esda_ros_interface
[24.171s] -- Up-to-date: /home/samue/GitHub/esda-ros-firmware/src/install/esda_ros_interface/include/esda_ros_interface/esda_ros_interface/msg
[24.171s] -- Up-to-date: /home/samue/GitHub/esda-ros-firmware/src/install/esda_ros_interface/include/esda_ros_interface/esda_ros_interface/msg/esda_message.h
[24.172s] -- Up-to-date: /home/samue/GitHub/esda-ros-firmware/src/install/esda_ros_interface/include/esda_ros_interface/esda_ros_interface/msg/rosidl_generator_c__visibility_control.h
[24.172s] -- Up-to-date: /home/samue/GitHub/esda-ros-firmware/src/install/esda_ros_interface/include/esda_ros_interface/esda_ros_interface/msg/detail
[24.172s] -- Up-to-date: /home/samue/GitHub/esda-ros-firmware/src/install/esda_ros_interface/include/esda_ros_interface/esda_ros_interface/msg/detail/esda_message__type_support.h
[24.173s] -- Up-to-date: /home/samue/GitHub/esda-ros-firmware/src/install/esda_ros_interface/include/esda_ros_interface/esda_ros_interface/msg/detail/esda_message__functions.c
[24.173s] -- Up-to-date: /home/samue/GitHub/esda-ros-firmware/src/install/esda_ros_interface/include/esda_ros_interface/esda_ros_interface/msg/detail/esda_message__functions.h
[24.173s] -- Up-to-date: /home/samue/GitHub/esda-ros-firmware/src/install/esda_ros_interface/include/esda_ros_interface/esda_ros_interface/msg/detail/esda_message__struct.h
[24.173s] -- Up-to-date: /home/samue/GitHub/esda-ros-firmware/src/install/esda_ros_interface/share/esda_ros_interface/environment/library_path.sh
[24.173s] -- Installing: /home/samue/GitHub/esda-ros-firmware/src/install/esda_ros_interface/share/esda_ros_interface/environment/library_path.dsv
[24.173s] -- Up-to-date: /home/samue/GitHub/esda-ros-firmware/src/install/esda_ros_interface/lib/libesda_ros_interface__rosidl_generator_c.so
[24.174s] -- Up-to-date: /home/samue/GitHub/esda-ros-firmware/src/install/esda_ros_interface/include/esda_ros_interface/esda_ros_interface
[24.174s] -- Up-to-date: /home/samue/GitHub/esda-ros-firmware/src/install/esda_ros_interface/include/esda_ros_interface/esda_ros_interface/msg
[24.174s] -- Up-to-date: /home/samue/GitHub/esda-ros-firmware/src/install/esda_ros_interface/include/esda_ros_interface/esda_ros_interface/msg/rosidl_typesupport_fastrtps_c__visibility_control.h
[24.175s] -- Up-to-date: /home/samue/GitHub/esda-ros-firmware/src/install/esda_ros_interface/include/esda_ros_interface/esda_ros_interface/msg/detail
[24.175s] -- Up-to-date: /home/samue/GitHub/esda-ros-firmware/src/install/esda_ros_interface/include/esda_ros_interface/esda_ros_interface/msg/detail/esda_message__rosidl_typesupport_fastrtps_c.h
[24.175s] -- Up-to-date: /home/samue/GitHub/esda-ros-firmware/src/install/esda_ros_interface/lib/libesda_ros_interface__rosidl_typesupport_fastrtps_c.so
[24.176s] -- Up-to-date: /home/samue/GitHub/esda-ros-firmware/src/install/esda_ros_interface/include/esda_ros_interface/esda_ros_interface
[24.176s] -- Up-to-date: /home/samue/GitHub/esda-ros-firmware/src/install/esda_ros_interface/include/esda_ros_interface/esda_ros_interface/msg
[24.176s] -- Up-to-date: /home/samue/GitHub/esda-ros-firmware/src/install/esda_ros_interface/include/esda_ros_interface/esda_ros_interface/msg/rosidl_typesupport_introspection_c__visibility_control.h
[24.176s] -- Up-to-date: /home/samue/GitHub/esda-ros-firmware/src/install/esda_ros_interface/include/esda_ros_interface/esda_ros_interface/msg/detail
[24.176s] -- Up-to-date: /home/samue/GitHub/esda-ros-firmware/src/install/esda_ros_interface/include/esda_ros_interface/esda_ros_interface/msg/detail/esda_message__type_support.c
[24.176s] -- Up-to-date: /home/samue/GitHub/esda-ros-firmware/src/install/esda_ros_interface/include/esda_ros_interface/esda_ros_interface/msg/detail/esda_message__rosidl_typesupport_introspection_c.h
[24.176s] -- Up-to-date: /home/samue/GitHub/esda-ros-firmware/src/install/esda_ros_interface/lib/libesda_ros_interface__rosidl_typesupport_introspection_c.so
[24.176s] -- Up-to-date: /home/samue/GitHub/esda-ros-firmware/src/install/esda_ros_interface/lib/libesda_ros_interface__rosidl_typesupport_c.so
[24.176s] -- Up-to-date: /home/samue/GitHub/esda-ros-firmware/src/install/esda_ros_interface/include/esda_ros_interface/esda_ros_interface
[24.176s] -- Up-to-date: /home/samue/GitHub/esda-ros-firmware/src/install/esda_ros_interface/include/esda_ros_interface/esda_ros_interface/msg
[24.176s] -- Up-to-date: /home/samue/GitHub/esda-ros-firmware/src/install/esda_ros_interface/include/esda_ros_interface/esda_ros_interface/msg/esda_message.hpp
[24.177s] -- Up-to-date: /home/samue/GitHub/esda-ros-firmware/src/install/esda_ros_interface/include/esda_ros_interface/esda_ros_interface/msg/detail
[24.177s] -- Up-to-date: /home/samue/GitHub/esda-ros-firmware/src/install/esda_ros_interface/include/esda_ros_interface/esda_ros_interface/msg/detail/esda_message__struct.hpp
[24.177s] -- Up-to-date: /home/samue/GitHub/esda-ros-firmware/src/install/esda_ros_interface/include/esda_ros_interface/esda_ros_interface/msg/detail/esda_message__traits.hpp
[24.177s] -- Up-to-date: /home/samue/GitHub/esda-ros-firmware/src/install/esda_ros_interface/include/esda_ros_interface/esda_ros_interface/msg/detail/esda_message__builder.hpp
[24.177s] -- Up-to-date: /home/samue/GitHub/esda-ros-firmware/src/install/esda_ros_interface/include/esda_ros_interface/esda_ros_interface
[24.178s] -- Up-to-date: /home/samue/GitHub/esda-ros-firmware/src/install/esda_ros_interface/include/esda_ros_interface/esda_ros_interface/msg
[24.178s] -- Up-to-date: /home/samue/GitHub/esda-ros-firmware/src/install/esda_ros_interface/include/esda_ros_interface/esda_ros_interface/msg/rosidl_typesupport_fastrtps_cpp__visibility_control.h
[24.178s] -- Up-to-date: /home/samue/GitHub/esda-ros-firmware/src/install/esda_ros_interface/include/esda_ros_interface/esda_ros_interface/msg/detail
[24.178s] -- Up-to-date: /home/samue/GitHub/esda-ros-firmware/src/install/esda_ros_interface/include/esda_ros_interface/esda_ros_interface/msg/detail/dds_fastrtps
[24.178s] -- Up-to-date: /home/samue/GitHub/esda-ros-firmware/src/install/esda_ros_interface/include/esda_ros_interface/esda_ros_interface/msg/detail/esda_message__rosidl_typesupport_fastrtps_cpp.hpp
[24.178s] -- Up-to-date: /home/samue/GitHub/esda-ros-firmware/src/install/esda_ros_interface/lib/libesda_ros_interface__rosidl_typesupport_fastrtps_cpp.so
[24.178s] -- Up-to-date: /home/samue/GitHub/esda-ros-firmware/src/install/esda_ros_interface/include/esda_ros_interface/esda_ros_interface
[24.178s] -- Up-to-date: /home/samue/GitHub/esda-ros-firmware/src/install/esda_ros_interface/include/esda_ros_interface/esda_ros_interface/msg
[24.178s] -- Up-to-date: /home/samue/GitHub/esda-ros-firmware/src/install/esda_ros_interface/include/esda_ros_interface/esda_ros_interface/msg/detail
[24.178s] -- Up-to-date: /home/samue/GitHub/esda-ros-firmware/src/install/esda_ros_interface/include/esda_ros_interface/esda_ros_interface/msg/detail/esda_message__type_support.cpp
[24.179s] -- Up-to-date: /home/samue/GitHub/esda-ros-firmware/src/install/esda_ros_interface/include/esda_ros_interface/esda_ros_interface/msg/detail/esda_message__rosidl_typesupport_introspection_cpp.hpp
[24.179s] -- Up-to-date: /home/samue/GitHub/esda-ros-firmware/src/install/esda_ros_interface/lib/libesda_ros_interface__rosidl_typesupport_introspection_cpp.so
[24.179s] -- Up-to-date: /home/samue/GitHub/esda-ros-firmware/src/install/esda_ros_interface/lib/libesda_ros_interface__rosidl_typesupport_cpp.so
[24.179s] -- Up-to-date: /home/samue/GitHub/esda-ros-firmware/src/install/esda_ros_interface/share/esda_ros_interface/environment/pythonpath.sh
[24.179s] -- Installing: /home/samue/GitHub/esda-ros-firmware/src/install/esda_ros_interface/share/esda_ros_interface/environment/pythonpath.dsv
[24.179s] -- Up-to-date: /home/samue/GitHub/esda-ros-firmware/src/install/esda_ros_interface/local/lib/python3.10/dist-packages/esda_ros_interface-0.0.0-py3.10.egg-info
[24.179s] -- Installing: /home/samue/GitHub/esda-ros-firmware/src/install/esda_ros_interface/local/lib/python3.10/dist-packages/esda_ros_interface-0.0.0-py3.10.egg-info/dependency_links.txt
[24.179s] -- Installing: /home/samue/GitHub/esda-ros-firmware/src/install/esda_ros_interface/local/lib/python3.10/dist-packages/esda_ros_interface-0.0.0-py3.10.egg-info/PKG-INFO
[24.179s] -- Installing: /home/samue/GitHub/esda-ros-firmware/src/install/esda_ros_interface/local/lib/python3.10/dist-packages/esda_ros_interface-0.0.0-py3.10.egg-info/SOURCES.txt
[24.179s] -- Installing: /home/samue/GitHub/esda-ros-firmware/src/install/esda_ros_interface/local/lib/python3.10/dist-packages/esda_ros_interface-0.0.0-py3.10.egg-info/top_level.txt
[24.179s] -- Up-to-date: /home/samue/GitHub/esda-ros-firmware/src/install/esda_ros_interface/local/lib/python3.10/dist-packages/esda_ros_interface
[24.179s] -- Up-to-date: /home/samue/GitHub/esda-ros-firmware/src/install/esda_ros_interface/local/lib/python3.10/dist-packages/esda_ros_interface/libesda_ros_interface__rosidl_generator_py.so
[24.179s] -- Up-to-date: /home/samue/GitHub/esda-ros-firmware/src/install/esda_ros_interface/local/lib/python3.10/dist-packages/esda_ros_interface/_esda_ros_interface_s.ep.rosidl_typesupport_fastrtps_c.c
[24.179s] -- Up-to-date: /home/samue/GitHub/esda-ros-firmware/src/install/esda_ros_interface/local/lib/python3.10/dist-packages/esda_ros_interface/msg
[24.179s] -- Up-to-date: /home/samue/GitHub/esda-ros-firmware/src/install/esda_ros_interface/local/lib/python3.10/dist-packages/esda_ros_interface/msg/_esda_message_s.c
[24.179s] -- Up-to-date: /home/samue/GitHub/esda-ros-firmware/src/install/esda_ros_interface/local/lib/python3.10/dist-packages/esda_ros_interface/msg/_esda_message.py
[24.179s] -- Up-to-date: /home/samue/GitHub/esda-ros-firmware/src/install/esda_ros_interface/local/lib/python3.10/dist-packages/esda_ros_interface/msg/__init__.py
[24.179s] -- Up-to-date: /home/samue/GitHub/esda-ros-firmware/src/install/esda_ros_interface/local/lib/python3.10/dist-packages/esda_ros_interface/_esda_ros_interface_s.ep.rosidl_typesupport_c.c
[24.179s] -- Up-to-date: /home/samue/GitHub/esda-ros-firmware/src/install/esda_ros_interface/local/lib/python3.10/dist-packages/esda_ros_interface/esda_ros_interface_s__rosidl_typesupport_fastrtps_c.cpython-310-x86_64-linux-gnu.so
[24.179s] -- Up-to-date: /home/samue/GitHub/esda-ros-firmware/src/install/esda_ros_interface/local/lib/python3.10/dist-packages/esda_ros_interface/esda_ros_interface_s__rosidl_typesupport_c.cpython-310-x86_64-linux-gnu.so
[24.179s] -- Up-to-date: /home/samue/GitHub/esda-ros-firmware/src/install/esda_ros_interface/local/lib/python3.10/dist-packages/esda_ros_interface/esda_ros_interface_s__rosidl_typesupport_introspection_c.cpython-310-x86_64-linux-gnu.so
[24.179s] -- Up-to-date: /home/samue/GitHub/esda-ros-firmware/src/install/esda_ros_interface/local/lib/python3.10/dist-packages/esda_ros_interface/_esda_ros_interface_s.ep.rosidl_typesupport_introspection_c.c
[24.179s] -- Installing: /home/samue/GitHub/esda-ros-firmware/src/install/esda_ros_interface/local/lib/python3.10/dist-packages/esda_ros_interface/__init__.py
[24.221s] Listing '/home/samue/GitHub/esda-ros-firmware/src/install/esda_ros_interface/local/lib/python3.10/dist-packages/esda_ros_interface'...
[24.221s] Compiling '/home/samue/GitHub/esda-ros-firmware/src/install/esda_ros_interface/local/lib/python3.10/dist-packages/esda_ros_interface/__init__.py'...
[24.222s] Listing '/home/samue/GitHub/esda-ros-firmware/src/install/esda_ros_interface/local/lib/python3.10/dist-packages/esda_ros_interface/msg'...
[24.227s] -- Up-to-date: /home/samue/GitHub/esda-ros-firmware/src/install/esda_ros_interface/local/lib/python3.10/dist-packages/esda_ros_interface/esda_ros_interface_s__rosidl_typesupport_fastrtps_c.cpython-310-x86_64-linux-gnu.so
[24.228s] -- Up-to-date: /home/samue/GitHub/esda-ros-firmware/src/install/esda_ros_interface/local/lib/python3.10/dist-packages/esda_ros_interface/esda_ros_interface_s__rosidl_typesupport_introspection_c.cpython-310-x86_64-linux-gnu.so
[24.228s] -- Up-to-date: /home/samue/GitHub/esda-ros-firmware/src/install/esda_ros_interface/local/lib/python3.10/dist-packages/esda_ros_interface/esda_ros_interface_s__rosidl_typesupport_c.cpython-310-x86_64-linux-gnu.so
[24.229s] -- Up-to-date: /home/samue/GitHub/esda-ros-firmware/src/install/esda_ros_interface/lib/libesda_ros_interface__rosidl_generator_py.so
[24.229s] -- Up-to-date: /home/samue/GitHub/esda-ros-firmware/src/install/esda_ros_interface/share/esda_ros_interface/msg/EsdaMessage.idl
[24.229s] -- Up-to-date: /home/samue/GitHub/esda-ros-firmware/src/install/esda_ros_interface/share/esda_ros_interface/msg/EsdaMessage.msg
[24.230s] -- Up-to-date: /home/samue/GitHub/esda-ros-firmware/src/install/esda_ros_interface/lib/esda_ros_interface/esda_serial_to_pc_node
[24.232s] -- Installing: /home/samue/GitHub/esda-ros-firmware/src/install/esda_ros_interface/lib/esda_ros_interface/esda_serial_to_pc
[24.233s] -- Set runtime path of "/home/samue/GitHub/esda-ros-firmware/src/install/esda_ros_interface/lib/esda_ros_interface/esda_serial_to_pc" to ""
[24.234s] -- Installing: /home/samue/GitHub/esda-ros-firmware/src/install/esda_ros_interface/share/ament_index/resource_index/package_run_dependencies/esda_ros_interface
[24.234s] -- Up-to-date: /home/samue/GitHub/esda-ros-firmware/src/install/esda_ros_interface/share/ament_index/resource_index/parent_prefix_path/esda_ros_interface
[24.234s] -- Up-to-date: /home/samue/GitHub/esda-ros-firmware/src/install/esda_ros_interface/share/esda_ros_interface/environment/ament_prefix_path.sh
[24.234s] -- Installing: /home/samue/GitHub/esda-ros-firmware/src/install/esda_ros_interface/share/esda_ros_interface/environment/ament_prefix_path.dsv
[24.234s] -- Up-to-date: /home/samue/GitHub/esda-ros-firmware/src/install/esda_ros_interface/share/esda_ros_interface/environment/path.sh
[24.234s] -- Installing: /home/samue/GitHub/esda-ros-firmware/src/install/esda_ros_interface/share/esda_ros_interface/environment/path.dsv
[24.235s] -- Up-to-date: /home/samue/GitHub/esda-ros-firmware/src/install/esda_ros_interface/share/esda_ros_interface/local_setup.bash
[24.235s] -- Up-to-date: /home/samue/GitHub/esda-ros-firmware/src/install/esda_ros_interface/share/esda_ros_interface/local_setup.sh
[24.235s] -- Up-to-date: /home/samue/GitHub/esda-ros-firmware/src/install/esda_ros_interface/share/esda_ros_interface/local_setup.zsh
[24.235s] -- Installing: /home/samue/GitHub/esda-ros-firmware/src/install/esda_ros_interface/share/esda_ros_interface/local_setup.dsv
[24.235s] -- Installing: /home/samue/GitHub/esda-ros-firmware/src/install/esda_ros_interface/share/esda_ros_interface/package.dsv
[24.235s] -- Up-to-date: /home/samue/GitHub/esda-ros-firmware/src/install/esda_ros_interface/share/ament_index/resource_index/packages/esda_ros_interface
[24.235s] -- Up-to-date: /home/samue/GitHub/esda-ros-firmware/src/install/esda_ros_interface/share/esda_ros_interface/cmake/export_esda_ros_interface__rosidl_generator_cExport.cmake
[24.235s] -- Up-to-date: /home/samue/GitHub/esda-ros-firmware/src/install/esda_ros_interface/share/esda_ros_interface/cmake/export_esda_ros_interface__rosidl_generator_cExport-noconfig.cmake
[24.236s] -- Up-to-date: /home/samue/GitHub/esda-ros-firmware/src/install/esda_ros_interface/share/esda_ros_interface/cmake/export_esda_ros_interface__rosidl_typesupport_fastrtps_cExport.cmake
[24.236s] -- Up-to-date: /home/samue/GitHub/esda-ros-firmware/src/install/esda_ros_interface/share/esda_ros_interface/cmake/export_esda_ros_interface__rosidl_typesupport_fastrtps_cExport-noconfig.cmake
[24.236s] -- Up-to-date: /home/samue/GitHub/esda-ros-firmware/src/install/esda_ros_interface/share/esda_ros_interface/cmake/esda_ros_interface__rosidl_typesupport_introspection_cExport.cmake
[24.236s] -- Up-to-date: /home/samue/GitHub/esda-ros-firmware/src/install/esda_ros_interface/share/esda_ros_interface/cmake/esda_ros_interface__rosidl_typesupport_introspection_cExport-noconfig.cmake
[24.236s] -- Up-to-date: /home/samue/GitHub/esda-ros-firmware/src/install/esda_ros_interface/share/esda_ros_interface/cmake/esda_ros_interface__rosidl_typesupport_cExport.cmake
[24.237s] -- Up-to-date: /home/samue/GitHub/esda-ros-firmware/src/install/esda_ros_interface/share/esda_ros_interface/cmake/esda_ros_interface__rosidl_typesupport_cExport-noconfig.cmake
[24.237s] -- Up-to-date: /home/samue/GitHub/esda-ros-firmware/src/install/esda_ros_interface/share/esda_ros_interface/cmake/export_esda_ros_interface__rosidl_generator_cppExport.cmake
[24.237s] -- Up-to-date: /home/samue/GitHub/esda-ros-firmware/src/install/esda_ros_interface/share/esda_ros_interface/cmake/export_esda_ros_interface__rosidl_typesupport_fastrtps_cppExport.cmake
[24.237s] -- Up-to-date: /home/samue/GitHub/esda-ros-firmware/src/install/esda_ros_interface/share/esda_ros_interface/cmake/export_esda_ros_interface__rosidl_typesupport_fastrtps_cppExport-noconfig.cmake
[24.237s] -- Up-to-date: /home/samue/GitHub/esda-ros-firmware/src/install/esda_ros_interface/share/esda_ros_interface/cmake/esda_ros_interface__rosidl_typesupport_introspection_cppExport.cmake
[24.237s] -- Up-to-date: /home/samue/GitHub/esda-ros-firmware/src/install/esda_ros_interface/share/esda_ros_interface/cmake/esda_ros_interface__rosidl_typesupport_introspection_cppExport-noconfig.cmake
[24.237s] -- Up-to-date: /home/samue/GitHub/esda-ros-firmware/src/install/esda_ros_interface/share/esda_ros_interface/cmake/esda_ros_interface__rosidl_typesupport_cppExport.cmake
[24.237s] -- Up-to-date: /home/samue/GitHub/esda-ros-firmware/src/install/esda_ros_interface/share/esda_ros_interface/cmake/esda_ros_interface__rosidl_typesupport_cppExport-noconfig.cmake
[24.237s] -- Up-to-date: /home/samue/GitHub/esda-ros-firmware/src/install/esda_ros_interface/share/esda_ros_interface/cmake/export_esda_ros_interface__rosidl_generator_pyExport.cmake
[24.237s] -- Up-to-date: /home/samue/GitHub/esda-ros-firmware/src/install/esda_ros_interface/share/esda_ros_interface/cmake/export_esda_ros_interface__rosidl_generator_pyExport-noconfig.cmake
[24.237s] -- Up-to-date: /home/samue/GitHub/esda-ros-firmware/src/install/esda_ros_interface/share/ament_index/resource_index/rclcpp_components/esda_ros_interface
[24.237s] -- Up-to-date: /home/samue/GitHub/esda-ros-firmware/src/install/esda_ros_interface/share/esda_ros_interface/cmake/rosidl_cmake-extras.cmake
[24.237s] -- Up-to-date: /home/samue/GitHub/esda-ros-firmware/src/install/esda_ros_interface/share/esda_ros_interface/cmake/ament_cmake_export_include_directories-extras.cmake
[24.237s] -- Up-to-date: /home/samue/GitHub/esda-ros-firmware/src/install/esda_ros_interface/share/esda_ros_interface/cmake/ament_cmake_export_libraries-extras.cmake
[24.237s] -- Up-to-date: /home/samue/GitHub/esda-ros-firmware/src/install/esda_ros_interface/share/esda_ros_interface/cmake/ament_cmake_export_targets-extras.cmake
[24.238s] -- Up-to-date: /home/samue/GitHub/esda-ros-firmware/src/install/esda_ros_interface/share/esda_ros_interface/cmake/rosidl_cmake_export_typesupport_targets-extras.cmake
[24.238s] -- Up-to-date: /home/samue/GitHub/esda-ros-firmware/src/install/esda_ros_interface/share/esda_ros_interface/cmake/ament_cmake_export_dependencies-extras.cmake
[24.238s] -- Up-to-date: /home/samue/GitHub/esda-ros-firmware/src/install/esda_ros_interface/share/esda_ros_interface/cmake/rosidl_cmake_export_typesupport_libraries-extras.cmake
[24.238s] -- Up-to-date: /home/samue/GitHub/esda-ros-firmware/src/install/esda_ros_interface/share/esda_ros_interface/cmake/esda_ros_interfaceConfig.cmake
[24.238s] -- Up-to-date: /home/samue/GitHub/esda-ros-firmware/src/install/esda_ros_interface/share/esda_ros_interface/cmake/esda_ros_interfaceConfig-version.cmake
[24.238s] -- Installing: /home/samue/GitHub/esda-ros-firmware/src/install/esda_ros_interface/share/esda_ros_interface/package.xml
[24.243s] Invoked command in '/home/samue/GitHub/esda-ros-firmware/src/build/esda_ros_interface' returned '0': CMAKE_PREFIX_PATH=${CMAKE_PREFIX_PATH}:/home/samue/install/launch_testing_examples:/home/samue/install/examples_rclpy_pointcloud_publisher:/home/samue/install/examples_rclpy_minimal_subscriber:/home/samue/install/examples_rclpy_minimal_service:/home/samue/install/examples_rclpy_minimal_publisher:/home/samue/install/examples_rclpy_minimal_client:/home/samue/install/examples_rclpy_minimal_action_server:/home/samue/install/examples_rclpy_minimal_action_client:/home/samue/install/examples_rclpy_guard_conditions:/home/samue/install/examples_rclpy_executors:/opt/ros/humble WSLENV=ELECTRON_RUN_AS_NODE/w: /usr/bin/cmake --install /home/samue/GitHub/esda-ros-firmware/src/build/esda_ros_interface
