[0.019s] Invoking command in '/home/samue/GitHub/esda-ros-firmware/src/build/esda_ros_interface': CMAKE_PREFIX_PATH=/opt/ros/humble /usr/bin/cmake /home/samue/GitHub/esda-ros-firmware/src/esda_ros_interface -DCMAKE_INSTALL_PREFIX=/home/samue/GitHub/esda-ros-firmware/src/install/esda_ros_interface
[0.929s] -- The C compiler identification is GNU 11.4.0
[3.221s] -- The CXX compiler identification is GNU 11.4.0
[3.896s] -- Detecting C compiler ABI info
[4.509s] -- Detecting C compiler ABI info - done
[4.516s] -- Check for working C compiler: /usr/bin/cc - skipped
[4.519s] -- Detecting C compile features
[4.520s] -- Detecting C compile features - done
[4.525s] -- Detecting CXX compiler ABI info
[4.907s] -- Detecting CXX compiler ABI info - done
[4.914s] -- Check for working CXX compiler: /usr/bin/c++ - skipped
[4.914s] -- Detecting CXX compile features
[4.914s] -- Detecting CXX compile features - done
[4.926s] -- Found ament_cmake: 1.3.9 (/opt/ros/humble/share/ament_cmake/cmake)
[5.055s] -- Found Python3: /usr/bin/python3 (found version "3.10.12") found components: Interpreter 
[5.149s] -- Found rosidl_default_generators: 1.2.0 (/opt/ros/humble/share/rosidl_default_generators/cmake)
[5.155s] -- Using all available rosidl_typesupport_c: rosidl_typesupport_fastrtps_c;rosidl_typesupport_introspection_c
[5.162s] -- Found rosidl_adapter: 3.1.5 (/opt/ros/humble/share/rosidl_adapter/cmake)
[5.559s] -- Using all available rosidl_typesupport_cpp: rosidl_typesupport_fastrtps_cpp;rosidl_typesupport_introspection_cpp
[5.614s] -- Found rclcpp: 16.0.9 (/opt/ros/humble/share/rclcpp/cmake)
[5.750s] -- Found rmw_implementation_cmake: 6.1.2 (/opt/ros/humble/share/rmw_implementation_cmake/cmake)
[5.755s] -- Found rmw_fastrtps_cpp: 6.2.6 (/opt/ros/humble/share/rmw_fastrtps_cpp/cmake)
[15.507s] -- Found OpenSSL: /usr/lib/x86_64-linux-gnu/libcrypto.so (found version "3.0.2")  
[26.454s] -- Found FastRTPS: /opt/ros/humble/include  
[43.026s] -- Using RMW implementation 'rmw_fastrtps_cpp' as default
[43.055s] -- Looking for pthread.h
[43.794s] -- Looking for pthread.h - found
[43.795s] -- Performing Test CMAKE_HAVE_LIBC_PTHREAD
[44.479s] -- Performing Test CMAKE_HAVE_LIBC_PTHREAD - Success
[44.480s] -- Found Threads: TRUE  
[44.688s] [31mCMake Error at /opt/ros/humble/share/rosidl_cmake/cmake/rosidl_generate_interfaces.cmake:93 (message):
[44.688s]   rosidl_generate_interfaces() the passed file 'msg/EsdaMessages.msg' doesn't
[44.688s]   exist relative to the CMAKE_CURRENT_SOURCE_DIR
[44.688s]   '/home/samue/GitHub/esda-ros-firmware/src/esda_ros_interface'
[44.688s] Call Stack (most recent call first):
[44.689s]   CMakeLists.txt:17 (rosidl_generate_interfaces)
[44.689s] 
[44.689s] [0m
[44.689s] -- Configuring incomplete, errors occurred!
[44.689s] See also "/home/samue/GitHub/esda-ros-firmware/src/build/esda_ros_interface/CMakeFiles/CMakeOutput.log".
[44.697s] Invoked command in '/home/samue/GitHub/esda-ros-firmware/src/build/esda_ros_interface' returned '1': CMAKE_PREFIX_PATH=/opt/ros/humble /usr/bin/cmake /home/samue/GitHub/esda-ros-firmware/src/esda_ros_interface -DCMAKE_INSTALL_PREFIX=/home/samue/GitHub/esda-ros-firmware/src/install/esda_ros_interface
