[0.018s] Invoking command in '/home/samue/GitHub/esda-ros-firmware/src/build/esda_ros_interface': CMAKE_PREFIX_PATH=${CMAKE_PREFIX_PATH}:/home/samue/install/launch_testing_examples:/home/samue/install/examples_rclpy_pointcloud_publisher:/home/samue/install/examples_rclpy_minimal_subscriber:/home/samue/install/examples_rclpy_minimal_service:/home/samue/install/examples_rclpy_minimal_publisher:/home/samue/install/examples_rclpy_minimal_client:/home/samue/install/examples_rclpy_minimal_action_server:/home/samue/install/examples_rclpy_minimal_action_client:/home/samue/install/examples_rclpy_guard_conditions:/home/samue/install/examples_rclpy_executors:/opt/ros/humble WSLENV=ELECTRON_RUN_AS_NODE/w: /usr/bin/cmake --build /home/samue/GitHub/esda-ros-firmware/src/build/esda_ros_interface -- -j20 -l20
[0.065s] [  3%] Built target esda_ros_interface__cpp
[0.080s] [ 12%] Built target esda_ros_interface__rosidl_generator_c
[0.083s] [ 12%] Built target ament_cmake_python_copy_esda_ros_interface
[0.091s] [ 21%] Built target esda_ros_interface__rosidl_typesupport_cpp
[0.095s] [ 36%] Built target esda_ros_interface__rosidl_typesupport_introspection_cpp
[0.096s] [ 42%] Built target esda_ros_interface__rosidl_typesupport_introspection_c
[0.096s] [ 48%] Built target esda_ros_interface__rosidl_typesupport_c
[0.096s] [ 57%] Built target esda_ros_interface__rosidl_typesupport_fastrtps_cpp
[0.104s] [ 66%] Built target esda_ros_interface__rosidl_typesupport_fastrtps_c
[0.122s] [ 66%] Built target esda_ros_interface
[0.133s] [35m[1mConsolidate compiler generated dependencies of target esda_serial_to_pc[0m
[0.140s] [ 69%] Built target esda_ros_interface__py
[0.148s] [ 72%] [32mBuilding CXX object CMakeFiles/esda_serial_to_pc.dir/src/esda_serial_to_pc.cpp.o[0m
[0.158s] [ 78%] Built target esda_ros_interface__rosidl_generator_py
[0.176s] [ 84%] Built target esda_ros_interface__rosidl_typesupport_introspection_c__pyext
[0.177s] [ 96%] Built target esda_ros_interface__rosidl_typesupport_c__pyext
[0.178s] [ 96%] Built target esda_ros_interface__rosidl_typesupport_fastrtps_c__pyext
[0.317s] [01m[K/home/samue/GitHub/esda-ros-firmware/src/esda_ros_interface/src/esda_serial_to_pc.cpp:356:10:[m[K [01;31m[Kfatal error: [m[Krclcpp_components/register_node_macro.hpp: No such file or directory
[0.317s]   356 | #include [01;31m[K"rclcpp_components/register_node_macro.hpp"[m[K
[0.317s]       |          [01;31m[K^~~~~~~~~~~~~~~~~~~~~~~~~~~~~~~~~~~~~~~~~~~[m[K
[0.317s] compilation terminated.
[0.318s] gmake[2]: *** [CMakeFiles/esda_serial_to_pc.dir/build.make:76: CMakeFiles/esda_serial_to_pc.dir/src/esda_serial_to_pc.cpp.o] Error 1
[0.319s] gmake[1]: *** [CMakeFiles/Makefile2:594: CMakeFiles/esda_serial_to_pc.dir/all] Error 2
[0.319s] gmake[1]: *** Waiting for unfinished jobs....
[0.320s] running egg_info
[0.321s] writing esda_ros_interface.egg-info/PKG-INFO
[0.321s] writing dependency_links to esda_ros_interface.egg-info/dependency_links.txt
[0.321s] writing top-level names to esda_ros_interface.egg-info/top_level.txt
[0.323s] reading manifest file 'esda_ros_interface.egg-info/SOURCES.txt'
[0.324s] writing manifest file 'esda_ros_interface.egg-info/SOURCES.txt'
[0.348s] [ 96%] Built target ament_cmake_python_build_esda_ros_interface_egg
[0.349s] gmake: *** [Makefile:146: all] Error 2
[0.352s] Invoked command in '/home/samue/GitHub/esda-ros-firmware/src/build/esda_ros_interface' returned '2': CMAKE_PREFIX_PATH=${CMAKE_PREFIX_PATH}:/home/samue/install/launch_testing_examples:/home/samue/install/examples_rclpy_pointcloud_publisher:/home/samue/install/examples_rclpy_minimal_subscriber:/home/samue/install/examples_rclpy_minimal_service:/home/samue/install/examples_rclpy_minimal_publisher:/home/samue/install/examples_rclpy_minimal_client:/home/samue/install/examples_rclpy_minimal_action_server:/home/samue/install/examples_rclpy_minimal_action_client:/home/samue/install/examples_rclpy_guard_conditions:/home/samue/install/examples_rclpy_executors:/opt/ros/humble WSLENV=ELECTRON_RUN_AS_NODE/w: /usr/bin/cmake --build /home/samue/GitHub/esda-ros-firmware/src/build/esda_ros_interface -- -j20 -l20
