[0.460s] DEBUG:colcon:Command line arguments: ['/usr/bin/colcon', 'build', '--packages-up-to', 'esda_ros_interface']
[0.460s] DEBUG:colcon:Parsed command line arguments: Namespace(log_base=None, log_level=None, verb_name='build', build_base='build', install_base='install', merge_install=False, symlink_install=False, test_result_base=None, continue_on_error=False, executor='parallel', parallel_workers=20, event_handlers=None, ignore_user_meta=False, metas=['./colcon.meta'], base_paths=['.'], packages_ignore=None, packages_ignore_regex=None, paths=None, packages_up_to=['esda_ros_interface'], packages_up_to_regex=None, packages_above=None, packages_above_and_dependencies=None, packages_above_depth=None, packages_select_by_dep=None, packages_skip_by_dep=None, packages_skip_up_to=None, packages_select_build_failed=False, packages_skip_build_finished=False, packages_select_test_failures=False, packages_skip_test_passed=False, packages_select=None, packages_skip=None, packages_select_regex=None, packages_skip_regex=None, packages_start=None, packages_end=None, allow_overriding=[], cmake_args=None, cmake_target=None, cmake_target_skip_unavailable=False, cmake_clean_cache=False, cmake_clean_first=False, cmake_force_configure=False, ament_cmake_args=None, catkin_cmake_args=None, catkin_skip_building_tests=False, mixin_files=None, mixin=None, verb_parser=<colcon_mixin.mixin.mixin_argument.MixinArgumentDecorator object at 0x7ff50ba63910>, verb_extension=<colcon_core.verb.build.BuildVerb object at 0x7ff50ba633d0>, main=<bound method BuildVerb.main of <colcon_core.verb.build.BuildVerb object at 0x7ff50ba633d0>>, mixin_verb=('build',))
[1.135s] Level 1:colcon.colcon_core.package_discovery:discover_packages(colcon_meta) check parameters
[1.135s] Level 1:colcon.colcon_core.package_discovery:discover_packages(recursive) check parameters
[1.135s] Level 1:colcon.colcon_core.package_discovery:discover_packages(ignore) check parameters
[1.135s] Level 1:colcon.colcon_core.package_discovery:discover_packages(path) check parameters
[1.135s] Level 1:colcon.colcon_core.package_discovery:discover_packages(colcon_meta) discover
[1.135s] Level 1:colcon.colcon_core.package_discovery:discover_packages(recursive) discover
[1.135s] INFO:colcon.colcon_core.package_discovery:Crawling recursively for packages in '/home/samue/GitHub/esda-ros-firmware/src/esda_ros_interface'
[1.135s] Level 1:colcon.colcon_core.package_identification:_identify(.) by extensions ['ignore', 'ignore_ament_install']
[1.135s] Level 1:colcon.colcon_core.package_identification:_identify(.) by extension 'ignore'
[1.135s] Level 1:colcon.colcon_core.package_identification:_identify(.) by extension 'ignore_ament_install'
[1.135s] Level 1:colcon.colcon_core.package_identification:_identify(.) by extensions ['colcon_pkg']
[1.136s] Level 1:colcon.colcon_core.package_identification:_identify(.) by extension 'colcon_pkg'
[1.136s] Level 1:colcon.colcon_core.package_identification:_identify(.) by extensions ['colcon_meta']
[1.136s] Level 1:colcon.colcon_core.package_identification:_identify(.) by extension 'colcon_meta'
[1.136s] Level 1:colcon.colcon_core.package_identification:_identify(.) by extensions ['ros']
[1.136s] Level 1:colcon.colcon_core.package_identification:_identify(.) by extension 'ros'
[1.162s] DEBUG:colcon.colcon_core.package_identification:Package '.' with type 'ros.ament_cmake' and name 'esda_ros_interface'
[1.162s] Level 1:colcon.colcon_core.package_discovery:discover_packages(recursive) using defaults
[1.162s] Level 1:colcon.colcon_core.package_discovery:discover_packages(ignore) discover
[1.162s] Level 1:colcon.colcon_core.package_discovery:discover_packages(ignore) using defaults
[1.162s] Level 1:colcon.colcon_core.package_discovery:discover_packages(path) discover
[1.162s] Level 1:colcon.colcon_core.package_discovery:discover_packages(path) using defaults
[1.194s] Level 1:colcon.colcon_core.package_discovery:discover_packages(prefix_path) check parameters
[1.195s] Level 1:colcon.colcon_core.package_discovery:discover_packages(prefix_path) discover
[1.206s] DEBUG:colcon.colcon_installed_package_information.package_discovery:Found 1 installed packages in /home/samue/GitHub/esda-ros-firmware/src/install
[1.207s] DEBUG:colcon.colcon_installed_package_information.package_discovery:Found 22 installed packages in /home/samue/install
[1.208s] DEBUG:colcon.colcon_installed_package_information.package_discovery:Found 237 installed packages in /opt/ros/humble
[1.210s] Level 1:colcon.colcon_core.package_discovery:discover_packages(prefix_path) using defaults
[1.259s] Level 5:colcon.colcon_core.verb:set package 'esda_ros_interface' build argument 'cmake_args' from command line to 'None'
[1.259s] Level 5:colcon.colcon_core.verb:set package 'esda_ros_interface' build argument 'cmake_target' from command line to 'None'
[1.259s] Level 5:colcon.colcon_core.verb:set package 'esda_ros_interface' build argument 'cmake_target_skip_unavailable' from command line to 'False'
[1.259s] Level 5:colcon.colcon_core.verb:set package 'esda_ros_interface' build argument 'cmake_clean_cache' from command line to 'False'
[1.259s] Level 5:colcon.colcon_core.verb:set package 'esda_ros_interface' build argument 'cmake_clean_first' from command line to 'False'
[1.259s] Level 5:colcon.colcon_core.verb:set package 'esda_ros_interface' build argument 'cmake_force_configure' from command line to 'False'
[1.259s] Level 5:colcon.colcon_core.verb:set package 'esda_ros_interface' build argument 'ament_cmake_args' from command line to 'None'
[1.259s] Level 5:colcon.colcon_core.verb:set package 'esda_ros_interface' build argument 'catkin_cmake_args' from command line to 'None'
[1.259s] Level 5:colcon.colcon_core.verb:set package 'esda_ros_interface' build argument 'catkin_skip_building_tests' from command line to 'False'
[1.259s] DEBUG:colcon.colcon_core.verb:Building package 'esda_ros_interface' with the following arguments: {'ament_cmake_args': None, 'build_base': '/home/samue/GitHub/esda-ros-firmware/src/esda_ros_interface/build/esda_ros_interface', 'catkin_cmake_args': None, 'catkin_skip_building_tests': False, 'cmake_args': None, 'cmake_clean_cache': False, 'cmake_clean_first': False, 'cmake_force_configure': False, 'cmake_target': None, 'cmake_target_skip_unavailable': False, 'install_base': '/home/samue/GitHub/esda-ros-firmware/src/esda_ros_interface/install/esda_ros_interface', 'merge_install': False, 'path': '/home/samue/GitHub/esda-ros-firmware/src/esda_ros_interface', 'symlink_install': False, 'test_result_base': None}
[1.259s] INFO:colcon.colcon_core.executor:Executing jobs using 'parallel' executor
[1.261s] DEBUG:colcon.colcon_parallel_executor.executor.parallel:run_until_complete
[1.261s] INFO:colcon.colcon_ros.task.ament_cmake.build:Building ROS package in '/home/samue/GitHub/esda-ros-firmware/src/esda_ros_interface' with build type 'ament_cmake'
[1.261s] INFO:colcon.colcon_cmake.task.cmake.build:Building CMake package in '/home/samue/GitHub/esda-ros-firmware/src/esda_ros_interface'
[1.266s] INFO:colcon.colcon_core.plugin_system:Skipping extension 'colcon_core.shell.bat': Not used on non-Windows systems
[1.267s] INFO:colcon.colcon_core.shell:Skip shell extension 'powershell' for command environment: Not usable outside of PowerShell
[1.267s] DEBUG:colcon.colcon_core.shell:Skip shell extension 'dsv' for command environment
[1.280s] DEBUG:colcon.colcon_core.event_handler.log_command:Invoking command in '/home/samue/GitHub/esda-ros-firmware/src/esda_ros_interface/build/esda_ros_interface': CMAKE_PREFIX_PATH=${CMAKE_PREFIX_PATH}:/home/samue/install/launch_testing_examples:/home/samue/install/examples_rclpy_pointcloud_publisher:/home/samue/install/examples_rclpy_minimal_subscriber:/home/samue/install/examples_rclpy_minimal_service:/home/samue/install/examples_rclpy_minimal_publisher:/home/samue/install/examples_rclpy_minimal_client:/home/samue/install/examples_rclpy_minimal_action_server:/home/samue/install/examples_rclpy_minimal_action_client:/home/samue/install/examples_rclpy_guard_conditions:/home/samue/install/examples_rclpy_executors:/opt/ros/humble WSLENV=ELECTRON_RUN_AS_NODE/w: /usr/bin/cmake --build /home/samue/GitHub/esda-ros-firmware/src/esda_ros_interface/build/esda_ros_interface -- -j20 -l20
[24.645s] DEBUG:colcon.colcon_core.event_handler.log_command:Invoked command in '/home/samue/GitHub/esda-ros-firmware/src/esda_ros_interface/build/esda_ros_interface' returned '2': CMAKE_PREFIX_PATH=${CMAKE_PREFIX_PATH}:/home/samue/install/launch_testing_examples:/home/samue/install/examples_rclpy_pointcloud_publisher:/home/samue/install/examples_rclpy_minimal_subscriber:/home/samue/install/examples_rclpy_minimal_service:/home/samue/install/examples_rclpy_minimal_publisher:/home/samue/install/examples_rclpy_minimal_client:/home/samue/install/examples_rclpy_minimal_action_server:/home/samue/install/examples_rclpy_minimal_action_client:/home/samue/install/examples_rclpy_guard_conditions:/home/samue/install/examples_rclpy_executors:/opt/ros/humble WSLENV=ELECTRON_RUN_AS_NODE/w: /usr/bin/cmake --build /home/samue/GitHub/esda-ros-firmware/src/esda_ros_interface/build/esda_ros_interface -- -j20 -l20
[24.703s] Level 1:colcon.colcon_core.environment:create_environment_scripts_only(esda_ros_interface)
[24.711s] Level 1:colcon.colcon_core.environment:checking '/home/samue/GitHub/esda-ros-firmware/src/esda_ros_interface/install/esda_ros_interface' for CMake module files
[24.711s] Level 1:colcon.colcon_core.environment:checking '/home/samue/GitHub/esda-ros-firmware/src/esda_ros_interface/install/esda_ros_interface' for CMake config files
[24.712s] Level 1:colcon.colcon_core.shell:create_environment_hook('esda_ros_interface', 'cmake_prefix_path')
[24.712s] INFO:colcon.colcon_core.shell:Creating environment hook '/home/samue/GitHub/esda-ros-firmware/src/esda_ros_interface/install/esda_ros_interface/share/esda_ros_interface/hook/cmake_prefix_path.ps1'
[24.713s] INFO:colcon.colcon_core.shell:Creating environment descriptor '/home/samue/GitHub/esda-ros-firmware/src/esda_ros_interface/install/esda_ros_interface/share/esda_ros_interface/hook/cmake_prefix_path.dsv'
[24.713s] INFO:colcon.colcon_core.shell:Creating environment hook '/home/samue/GitHub/esda-ros-firmware/src/esda_ros_interface/install/esda_ros_interface/share/esda_ros_interface/hook/cmake_prefix_path.sh'
[24.715s] Level 1:colcon.colcon_core.environment:checking '/home/samue/GitHub/esda-ros-firmware/src/esda_ros_interface/install/esda_ros_interface/lib'
[24.715s] Level 1:colcon.colcon_core.shell:create_environment_hook('esda_ros_interface', 'ld_library_path_lib')
[24.715s] INFO:colcon.colcon_core.shell:Creating environment hook '/home/samue/GitHub/esda-ros-firmware/src/esda_ros_interface/install/esda_ros_interface/share/esda_ros_interface/hook/ld_library_path_lib.ps1'
[24.716s] INFO:colcon.colcon_core.shell:Creating environment descriptor '/home/samue/GitHub/esda-ros-firmware/src/esda_ros_interface/install/esda_ros_interface/share/esda_ros_interface/hook/ld_library_path_lib.dsv'
[24.716s] INFO:colcon.colcon_core.shell:Creating environment hook '/home/samue/GitHub/esda-ros-firmware/src/esda_ros_interface/install/esda_ros_interface/share/esda_ros_interface/hook/ld_library_path_lib.sh'
[24.716s] Level 1:colcon.colcon_core.environment:checking '/home/samue/GitHub/esda-ros-firmware/src/esda_ros_interface/install/esda_ros_interface/bin'
[24.716s] Level 1:colcon.colcon_core.environment:checking '/home/samue/GitHub/esda-ros-firmware/src/esda_ros_interface/install/esda_ros_interface/lib/pkgconfig/esda_ros_interface.pc'
[24.717s] Level 1:colcon.colcon_core.environment:checking '/home/samue/GitHub/esda-ros-firmware/src/esda_ros_interface/install/esda_ros_interface/lib/python3.10/site-packages'
[24.717s] Level 1:colcon.colcon_core.environment:checking '/home/samue/GitHub/esda-ros-firmware/src/esda_ros_interface/install/esda_ros_interface/bin'
[24.717s] INFO:colcon.colcon_core.shell:Creating package script '/home/samue/GitHub/esda-ros-firmware/src/esda_ros_interface/install/esda_ros_interface/share/esda_ros_interface/package.ps1'
[24.719s] INFO:colcon.colcon_core.shell:Creating package descriptor '/home/samue/GitHub/esda-ros-firmware/src/esda_ros_interface/install/esda_ros_interface/share/esda_ros_interface/package.dsv'
[24.720s] INFO:colcon.colcon_core.shell:Creating package script '/home/samue/GitHub/esda-ros-firmware/src/esda_ros_interface/install/esda_ros_interface/share/esda_ros_interface/package.sh'
[24.721s] INFO:colcon.colcon_core.shell:Creating package script '/home/samue/GitHub/esda-ros-firmware/src/esda_ros_interface/install/esda_ros_interface/share/esda_ros_interface/package.bash'
[24.722s] INFO:colcon.colcon_core.shell:Creating package script '/home/samue/GitHub/esda-ros-firmware/src/esda_ros_interface/install/esda_ros_interface/share/esda_ros_interface/package.zsh'
[24.723s] Level 1:colcon.colcon_core.environment:create_file_with_runtime_dependencies(/home/samue/GitHub/esda-ros-firmware/src/esda_ros_interface/install/esda_ros_interface/share/colcon-core/packages/esda_ros_interface)
[24.724s] DEBUG:colcon.colcon_parallel_executor.executor.parallel:closing loop
[24.725s] DEBUG:colcon.colcon_parallel_executor.executor.parallel:loop closed
[24.725s] DEBUG:colcon.colcon_parallel_executor.executor.parallel:run_until_complete finished with '2'
[24.725s] DEBUG:colcon.colcon_core.event_reactor:joining thread
[24.881s] INFO:colcon.colcon_core.plugin_system:Skipping extension 'colcon_notification.desktop_notification.notify_send': Could not find 'notify-send'
[24.882s] INFO:colcon.colcon_core.plugin_system:Skipping extension 'colcon_notification.desktop_notification.terminal_notifier': Not used on non-Darwin systems
[24.882s] INFO:colcon.colcon_core.plugin_system:Skipping extension 'colcon_notification.desktop_notification.win32': Not used on non-Windows systems
[24.882s] INFO:colcon.colcon_notification.desktop_notification:Sending desktop notification using 'notify2'
[24.887s] DEBUG:colcon.colcon_notification.desktop_notification.notify2:Failed to initialize notify2: org.freedesktop.DBus.Error.ServiceUnknown: The name org.freedesktop.Notifications was not provided by any .service files
[24.887s] DEBUG:colcon.colcon_core.event_reactor:joined thread
[24.888s] INFO:colcon.colcon_core.shell:Creating prefix script '/home/samue/GitHub/esda-ros-firmware/src/esda_ros_interface/install/local_setup.ps1'
[24.889s] INFO:colcon.colcon_core.shell:Creating prefix util module '/home/samue/GitHub/esda-ros-firmware/src/esda_ros_interface/install/_local_setup_util_ps1.py'
[24.893s] INFO:colcon.colcon_core.shell:Creating prefix chain script '/home/samue/GitHub/esda-ros-firmware/src/esda_ros_interface/install/setup.ps1'
[24.895s] INFO:colcon.colcon_core.shell:Creating prefix script '/home/samue/GitHub/esda-ros-firmware/src/esda_ros_interface/install/local_setup.sh'
[24.897s] INFO:colcon.colcon_core.shell:Creating prefix util module '/home/samue/GitHub/esda-ros-firmware/src/esda_ros_interface/install/_local_setup_util_sh.py'
[24.898s] INFO:colcon.colcon_core.shell:Creating prefix chain script '/home/samue/GitHub/esda-ros-firmware/src/esda_ros_interface/install/setup.sh'
[24.900s] INFO:colcon.colcon_core.shell:Creating prefix script '/home/samue/GitHub/esda-ros-firmware/src/esda_ros_interface/install/local_setup.bash'
[24.901s] INFO:colcon.colcon_core.shell:Creating prefix chain script '/home/samue/GitHub/esda-ros-firmware/src/esda_ros_interface/install/setup.bash'
[24.904s] INFO:colcon.colcon_core.shell:Creating prefix script '/home/samue/GitHub/esda-ros-firmware/src/esda_ros_interface/install/local_setup.zsh'
[24.905s] INFO:colcon.colcon_core.shell:Creating prefix chain script '/home/samue/GitHub/esda-ros-firmware/src/esda_ros_interface/install/setup.zsh'
