-- Found ament_cmake: 1.3.9 (/opt/ros/humble/share/ament_cmake/cmake)
-- Found rosidl_default_generators: 1.2.0 (/opt/ros/humble/share/rosidl_default_generators/cmake)
-- Using all available rosidl_typesupport_c: rosidl_typesupport_fastrtps_c;rosidl_typesupport_introspection_c
-- Found rosidl_adapter: 3.1.5 (/opt/ros/humble/share/rosidl_adapter/cmake)
-- Using all available rosidl_typesupport_cpp: rosidl_typesupport_fastrtps_cpp;rosidl_typesupport_introspection_cpp
-- Found rclcpp: 16.0.9 (/opt/ros/humble/share/rclcpp/cmake)
-- Found rmw_implementation_cmake: 6.1.2 (/opt/ros/humble/share/rmw_implementation_cmake/cmake)
-- Found rmw_fastrtps_cpp: 6.2.6 (/opt/ros/humble/share/rmw_fastrtps_cpp/cmake)
-- Using RMW implementation 'rmw_fastrtps_cpp' as default
-- Found rclcpp_components: 16.0.9 (/opt/ros/humble/share/rclcpp_components/cmake)
-- Found ament_cmake_ros: 0.10.0 (/opt/ros/humble/share/ament_cmake_ros/cmake)
-- Using all available rosidl_typesupport_c: rosidl_typesupport_fastrtps_c;rosidl_typesupport_introspection_c
-- Using all available rosidl_typesupport_cpp: rosidl_typesupport_fastrtps_cpp;rosidl_typesupport_introspection_cpp
-- Found python_cmake_module: 0.10.0 (/opt/ros/humble/share/python_cmake_module/cmake)
-- Using PYTHON_EXECUTABLE: /usr/bin/python3
-- Using PYTHON_INCLUDE_DIRS: /usr/include/python3.10
-- Using PYTHON_LIBRARIES: /usr/lib/x86_64-linux-gnu/libpython3.10.so
-- Configuring done
-- Generating done
-- Build files have been written to: /home/samue/GitHub/esda-ros-firmware/build/esda_ros_interface
[35m[1mConsolidate compiler generated dependencies of target esda_ros_interface__rosidl_generator_c[0m
[35m[1mConsolidate compiler generated dependencies of target esda_serial_to_pc_node[0m
[  2%] Built target esda_ros_interface__cpp
[ 11%] Built target esda_ros_interface__rosidl_generator_c
[ 17%] Built target esda_serial_to_pc_node
[35m[1mConsolidate compiler generated dependencies of target esda_ros_interface__rosidl_typesupport_cpp[0m
[35m[1mConsolidate compiler generated dependencies of target esda_ros_interface__rosidl_typesupport_introspection_cpp[0m
[35m[1mConsolidate compiler generated dependencies of target esda_ros_interface__rosidl_typesupport_fastrtps_cpp[0m
[ 17%] Built target ament_cmake_python_copy_esda_ros_interface
[35m[1mConsolidate compiler generated dependencies of target esda_ros_interface__rosidl_typesupport_fastrtps_c[0m
[35m[1mConsolidate compiler generated dependencies of target esda_ros_interface__rosidl_typesupport_c[0m
[ 25%] Built target esda_ros_interface__rosidl_typesupport_cpp
[ 34%] Built target esda_ros_interface__rosidl_typesupport_fastrtps_cpp
[35m[1mConsolidate compiler generated dependencies of target esda_ros_interface__rosidl_typesupport_introspection_c[0m
[ 42%] Built target esda_ros_interface__rosidl_typesupport_introspection_cpp
[ 51%] Built target esda_ros_interface__rosidl_typesupport_c
[ 60%] Built target esda_ros_interface__rosidl_typesupport_introspection_c
[ 68%] Built target esda_ros_interface__rosidl_typesupport_fastrtps_c
[ 68%] Built target esda_ros_interface
[ 71%] [32mBuilding CXX object CMakeFiles/esda_serial_to_pc.dir/src/esda_serial_to_pc.cpp.o[0m
[ 74%] Built target esda_ros_interface__py
[ 77%] [32mBuilding C object CMakeFiles/esda_ros_interface__rosidl_generator_py.dir/rosidl_generator_py/esda_ros_interface/msg/_esda_message_s.c.o[0m
running egg_info
writing esda_ros_interface.egg-info/PKG-INFO
writing dependency_links to esda_ros_interface.egg-info/dependency_links.txt
writing top-level names to esda_ros_interface.egg-info/top_level.txt
reading manifest file 'esda_ros_interface.egg-info/SOURCES.txt'
writing manifest file 'esda_ros_interface.egg-info/SOURCES.txt'
[ 77%] Built target ament_cmake_python_build_esda_ros_interface_egg
[ 80%] [32m[1mLinking C shared library rosidl_generator_py/esda_ros_interface/libesda_ros_interface__rosidl_generator_py.so[0m
[ 80%] Built target esda_ros_interface__rosidl_generator_py
