[0.034s] Invoking command in '/home/samue/GitHub/esda-ros-firmware/build/esda_ros_interface': CMAKE_PREFIX_PATH=${CMAKE_PREFIX_PATH}:/home/samue/install/launch_testing_examples:/home/samue/install/examples_rclpy_pointcloud_publisher:/home/samue/install/examples_rclpy_minimal_subscriber:/home/samue/install/examples_rclpy_minimal_service:/home/samue/install/examples_rclpy_minimal_publisher:/home/samue/install/examples_rclpy_minimal_client:/home/samue/install/examples_rclpy_minimal_action_server:/home/samue/install/examples_rclpy_minimal_action_client:/home/samue/install/examples_rclpy_guard_conditions:/home/samue/install/examples_rclpy_executors:/opt/ros/humble WSLENV=ELECTRON_RUN_AS_NODE/w: /usr/bin/cmake --build /home/samue/GitHub/esda-ros-firmware/build/esda_ros_interface -- -j20 -l20
[0.122s] -- Found ament_cmake: 1.3.9 (/opt/ros/humble/share/ament_cmake/cmake)
[0.383s] -- Found rosidl_default_generators: 1.2.0 (/opt/ros/humble/share/rosidl_default_generators/cmake)
[0.389s] -- Using all available rosidl_typesupport_c: rosidl_typesupport_fastrtps_c;rosidl_typesupport_introspection_c
[0.395s] -- Found rosidl_adapter: 3.1.5 (/opt/ros/humble/share/rosidl_adapter/cmake)
[0.911s] -- Using all available rosidl_typesupport_cpp: rosidl_typesupport_fastrtps_cpp;rosidl_typesupport_introspection_cpp
[0.960s] -- Found rclcpp: 16.0.9 (/opt/ros/humble/share/rclcpp/cmake)
[1.074s] -- Found rmw_implementation_cmake: 6.1.2 (/opt/ros/humble/share/rmw_implementation_cmake/cmake)
[1.081s] -- Found rmw_fastrtps_cpp: 6.2.6 (/opt/ros/humble/share/rmw_fastrtps_cpp/cmake)
[20.704s] -- Using RMW implementation 'rmw_fastrtps_cpp' as default
[20.941s] -- Found rclcpp_components: 16.0.9 (/opt/ros/humble/share/rclcpp_components/cmake)
[21.332s] -- Found ament_cmake_ros: 0.10.0 (/opt/ros/humble/share/ament_cmake_ros/cmake)
[21.542s] -- Using all available rosidl_typesupport_c: rosidl_typesupport_fastrtps_c;rosidl_typesupport_introspection_c
[21.792s] -- Using all available rosidl_typesupport_cpp: rosidl_typesupport_fastrtps_cpp;rosidl_typesupport_introspection_cpp
[21.820s] -- Found python_cmake_module: 0.10.0 (/opt/ros/humble/share/python_cmake_module/cmake)
[21.848s] -- Using PYTHON_EXECUTABLE: /usr/bin/python3
[21.848s] -- Using PYTHON_INCLUDE_DIRS: /usr/include/python3.10
[21.848s] -- Using PYTHON_LIBRARIES: /usr/lib/x86_64-linux-gnu/libpython3.10.so
[21.868s] [0mCMake Deprecation Warning at /opt/ros/humble/share/rosidl_cmake/cmake/rosidl_target_interfaces.cmake:32 (message):
[21.869s]   Use rosidl_get_typesupport_target() and target_link_libraries() instead of
[21.869s]   rosidl_target_interfaces()
[21.869s] Call Stack (most recent call first):
[21.869s]   CMakeLists.txt:41 (rosidl_target_interfaces)
[21.869s] 
[21.869s] [0m
[21.887s] -- Configuring done
[21.954s] -- Generating done
[21.958s] -- Build files have been written to: /home/samue/GitHub/esda-ros-firmware/build/esda_ros_interface
[21.984s] [35m[1mConsolidate compiler generated dependencies of target esda_ros_interface__rosidl_generator_c[0m
[21.986s] [35m[1mConsolidate compiler generated dependencies of target esda_serial_to_pc_node[0m
[21.993s] [  2%] Built target esda_ros_interface__cpp
[21.994s] [ 11%] Built target esda_ros_interface__rosidl_generator_c
[22.002s] [ 17%] Built target esda_serial_to_pc_node
[22.003s] [35m[1mConsolidate compiler generated dependencies of target esda_ros_interface__rosidl_typesupport_cpp[0m
[22.003s] [35m[1mConsolidate compiler generated dependencies of target esda_ros_interface__rosidl_typesupport_introspection_cpp[0m
[22.003s] [35m[1mConsolidate compiler generated dependencies of target esda_ros_interface__rosidl_typesupport_fastrtps_cpp[0m
[22.004s] [ 17%] Built target ament_cmake_python_copy_esda_ros_interface
[22.012s] [35m[1mConsolidate compiler generated dependencies of target esda_ros_interface__rosidl_typesupport_fastrtps_c[0m
[22.013s] [35m[1mConsolidate compiler generated dependencies of target esda_ros_interface__rosidl_typesupport_c[0m
[22.015s] [ 25%] Built target esda_ros_interface__rosidl_typesupport_cpp
[22.015s] [ 34%] Built target esda_ros_interface__rosidl_typesupport_fastrtps_cpp
[22.015s] [35m[1mConsolidate compiler generated dependencies of target esda_ros_interface__rosidl_typesupport_introspection_c[0m
[22.017s] [ 42%] Built target esda_ros_interface__rosidl_typesupport_introspection_cpp
[22.022s] [ 51%] Built target esda_ros_interface__rosidl_typesupport_c
[22.023s] [ 60%] Built target esda_ros_interface__rosidl_typesupport_introspection_c
[22.025s] [ 68%] Built target esda_ros_interface__rosidl_typesupport_fastrtps_c
[22.039s] [ 68%] Built target esda_ros_interface
[22.053s] [ 71%] [32mBuilding CXX object CMakeFiles/esda_serial_to_pc.dir/src/esda_serial_to_pc.cpp.o[0m
[22.055s] [ 74%] Built target esda_ros_interface__py
[22.070s] [ 77%] [32mBuilding C object CMakeFiles/esda_ros_interface__rosidl_generator_py.dir/rosidl_generator_py/esda_ros_interface/msg/_esda_message_s.c.o[0m
[22.191s] running egg_info
[22.191s] writing esda_ros_interface.egg-info/PKG-INFO
[22.191s] writing dependency_links to esda_ros_interface.egg-info/dependency_links.txt
[22.192s] writing top-level names to esda_ros_interface.egg-info/top_level.txt
[22.194s] reading manifest file 'esda_ros_interface.egg-info/SOURCES.txt'
[22.195s] writing manifest file 'esda_ros_interface.egg-info/SOURCES.txt'
[22.214s] [ 77%] Built target ament_cmake_python_build_esda_ros_interface_egg
[22.242s] [ 80%] [32m[1mLinking C shared library rosidl_generator_py/esda_ros_interface/libesda_ros_interface__rosidl_generator_py.so[0m
[22.361s] [01m[K/home/samue/GitHub/esda-ros-firmware/src/esda_ros_interface/src/esda_serial_to_pc.cpp:8:10:[m[K [01;31m[Kfatal error: [m[Kstd_msgs/msg/string.hpp: No such file or directory
[22.362s]     8 | #include [01;31m[K"std_msgs/msg/string.hpp"[m[K
[22.362s]       |          [01;31m[K^~~~~~~~~~~~~~~~~~~~~~~~~[m[K
[22.362s] compilation terminated.
[22.363s] gmake[2]: *** [CMakeFiles/esda_serial_to_pc.dir/build.make:76: CMakeFiles/esda_serial_to_pc.dir/src/esda_serial_to_pc.cpp.o] Error 1
[22.363s] gmake[1]: *** [CMakeFiles/Makefile2:596: CMakeFiles/esda_serial_to_pc.dir/all] Error 2
[22.363s] gmake[1]: *** Waiting for unfinished jobs....
[22.526s] [ 80%] Built target esda_ros_interface__rosidl_generator_py
[22.528s] gmake: *** [Makefile:146: all] Error 2
[22.533s] Invoked command in '/home/samue/GitHub/esda-ros-firmware/build/esda_ros_interface' returned '2': CMAKE_PREFIX_PATH=${CMAKE_PREFIX_PATH}:/home/samue/install/launch_testing_examples:/home/samue/install/examples_rclpy_pointcloud_publisher:/home/samue/install/examples_rclpy_minimal_subscriber:/home/samue/install/examples_rclpy_minimal_service:/home/samue/install/examples_rclpy_minimal_publisher:/home/samue/install/examples_rclpy_minimal_client:/home/samue/install/examples_rclpy_minimal_action_server:/home/samue/install/examples_rclpy_minimal_action_client:/home/samue/install/examples_rclpy_guard_conditions:/home/samue/install/examples_rclpy_executors:/opt/ros/humble WSLENV=ELECTRON_RUN_AS_NODE/w: /usr/bin/cmake --build /home/samue/GitHub/esda-ros-firmware/build/esda_ros_interface -- -j20 -l20
