[0.028s] Invoking command in '/home/samue/GitHub/esda-ros-firmware/src/build/esda_ros_interface': CMAKE_PREFIX_PATH=${CMAKE_PREFIX_PATH}:/home/samue/install/launch_testing_examples:/home/samue/install/examples_rclpy_pointcloud_publisher:/home/samue/install/examples_rclpy_minimal_subscriber:/home/samue/install/examples_rclpy_minimal_service:/home/samue/install/examples_rclpy_minimal_publisher:/home/samue/install/examples_rclpy_minimal_client:/home/samue/install/examples_rclpy_minimal_action_server:/home/samue/install/examples_rclpy_minimal_action_client:/home/samue/install/examples_rclpy_guard_conditions:/home/samue/install/examples_rclpy_executors:/opt/ros/humble WSLENV=ELECTRON_RUN_AS_NODE/w: /usr/bin/cmake --build /home/samue/GitHub/esda-ros-firmware/src/build/esda_ros_interface -- -j20 -l20
[0.146s] [  3%] Built target esda_ros_interface__cpp
[0.148s] [ 12%] Built target esda_ros_interface__rosidl_generator_c
[0.168s] [ 21%] Built target esda_ros_interface__rosidl_typesupport_fastrtps_cpp
[0.177s] [ 30%] Built target esda_ros_interface__rosidl_typesupport_cpp
[0.179s] [ 30%] Built target ament_cmake_python_copy_esda_ros_interface
[0.182s] [ 39%] Built target esda_ros_interface__rosidl_typesupport_introspection_cpp
[0.189s] [ 48%] Built target esda_ros_interface__rosidl_typesupport_introspection_c
[0.191s] [ 57%] Built target esda_ros_interface__rosidl_typesupport_c
[0.192s] [ 66%] Built target esda_ros_interface__rosidl_typesupport_fastrtps_c
[0.210s] [ 66%] Built target esda_ros_interface
[0.228s] [ 69%] Built target esda_ros_interface__py
[0.235s] [ 72%] [32mBuilding CXX object CMakeFiles/esda_serial_to_pc.dir/src/esda_serial_to_pc.cpp.o[0m
[0.249s] [ 78%] Built target esda_ros_interface__rosidl_generator_py
[0.270s] [ 84%] Built target esda_ros_interface__rosidl_typesupport_fastrtps_c__pyext
[0.272s] [ 90%] Built target esda_ros_interface__rosidl_typesupport_introspection_c__pyext
[0.273s] [ 96%] Built target esda_ros_interface__rosidl_typesupport_c__pyext
[0.433s] running egg_info
[0.434s] writing esda_ros_interface.egg-info/PKG-INFO
[0.434s] writing dependency_links to esda_ros_interface.egg-info/dependency_links.txt
[0.435s] writing top-level names to esda_ros_interface.egg-info/top_level.txt
[0.437s] reading manifest file 'esda_ros_interface.egg-info/SOURCES.txt'
[0.438s] writing manifest file 'esda_ros_interface.egg-info/SOURCES.txt'
[0.462s] [ 96%] Built target ament_cmake_python_build_esda_ros_interface_egg
[0.624s] [01m[K/home/samue/GitHub/esda-ros-firmware/src/esda_ros_interface/src/esda_serial_to_pc.cpp:8:10:[m[K [01;31m[Kfatal error: [m[Kserial/serial.h: No such file or directory
[0.624s]     8 | #include [01;31m[K<serial/serial.h>[m[K
[0.624s]       |          [01;31m[K^~~~~~~~~~~~~~~~~[m[K
[0.624s] compilation terminated.
[0.626s] gmake[2]: *** [CMakeFiles/esda_serial_to_pc.dir/build.make:76: CMakeFiles/esda_serial_to_pc.dir/src/esda_serial_to_pc.cpp.o] Error 1
[0.627s] gmake[1]: *** [CMakeFiles/Makefile2:594: CMakeFiles/esda_serial_to_pc.dir/all] Error 2
[0.627s] gmake: *** [Makefile:146: all] Error 2
[0.630s] Invoked command in '/home/samue/GitHub/esda-ros-firmware/src/build/esda_ros_interface' returned '2': CMAKE_PREFIX_PATH=${CMAKE_PREFIX_PATH}:/home/samue/install/launch_testing_examples:/home/samue/install/examples_rclpy_pointcloud_publisher:/home/samue/install/examples_rclpy_minimal_subscriber:/home/samue/install/examples_rclpy_minimal_service:/home/samue/install/examples_rclpy_minimal_publisher:/home/samue/install/examples_rclpy_minimal_client:/home/samue/install/examples_rclpy_minimal_action_server:/home/samue/install/examples_rclpy_minimal_action_client:/home/samue/install/examples_rclpy_guard_conditions:/home/samue/install/examples_rclpy_executors:/opt/ros/humble WSLENV=ELECTRON_RUN_AS_NODE/w: /usr/bin/cmake --build /home/samue/GitHub/esda-ros-firmware/src/build/esda_ros_interface -- -j20 -l20
