[0.016s] Invoking command in '/home/samue/GitHub/esda-ros-firmware/src/build/esda_ros_interface': CMAKE_PREFIX_PATH=/opt/ros/humble /usr/bin/cmake /home/samue/GitHub/esda-ros-firmware/src/esda_ros_interface -DCMAKE_INSTALL_PREFIX=/home/samue/GitHub/esda-ros-firmware/src/install/esda_ros_interface
[0.084s] -- Found ament_cmake: 1.3.9 (/opt/ros/humble/share/ament_cmake/cmake)
[0.322s] -- Found rosidl_default_generators: 1.2.0 (/opt/ros/humble/share/rosidl_default_generators/cmake)
[0.330s] -- Using all available rosidl_typesupport_c: rosidl_typesupport_fastrtps_c;rosidl_typesupport_introspection_c
[0.341s] -- Found rosidl_adapter: 3.1.5 (/opt/ros/humble/share/rosidl_adapter/cmake)
[1.365s] -- Using all available rosidl_typesupport_cpp: rosidl_typesupport_fastrtps_cpp;rosidl_typesupport_introspection_cpp
[1.413s] -- Found rclcpp: 16.0.9 (/opt/ros/humble/share/rclcpp/cmake)
[1.520s] -- Found rmw_implementation_cmake: 6.1.2 (/opt/ros/humble/share/rmw_implementation_cmake/cmake)
[1.525s] -- Found rmw_fastrtps_cpp: 6.2.6 (/opt/ros/humble/share/rmw_fastrtps_cpp/cmake)
[21.865s] -- Using RMW implementation 'rmw_fastrtps_cpp' as default
[22.321s] -- Found ament_cmake_ros: 0.10.0 (/opt/ros/humble/share/ament_cmake_ros/cmake)
[22.493s] -- Using all available rosidl_typesupport_c: rosidl_typesupport_fastrtps_c;rosidl_typesupport_introspection_c
[22.733s] -- Using all available rosidl_typesupport_cpp: rosidl_typesupport_fastrtps_cpp;rosidl_typesupport_introspection_cpp
[22.754s] -- Found python_cmake_module: 0.10.0 (/opt/ros/humble/share/python_cmake_module/cmake)
[22.779s] -- Using PYTHON_EXECUTABLE: /usr/bin/python3
[22.779s] -- Using PYTHON_INCLUDE_DIRS: /usr/include/python3.10
[22.779s] -- Using PYTHON_LIBRARIES: /usr/lib/x86_64-linux-gnu/libpython3.10.so
[22.789s] [0mCMake Deprecation Warning at /opt/ros/humble/share/rosidl_cmake/cmake/rosidl_target_interfaces.cmake:32 (message):
[22.789s]   Use rosidl_get_typesupport_target() and target_link_libraries() instead of
[22.789s]   rosidl_target_interfaces()
[22.789s] Call Stack (most recent call first):
[22.789s]   CMakeLists.txt:21 (rosidl_target_interfaces)
[22.789s] 
[22.789s] [0m
[22.789s] [31mCMake Error at /opt/ros/humble/share/rosidl_cmake/cmake/rosidl_target_interfaces.cmake:38 (message):
[22.789s]   rosidl_target_interfaces() the first argument 'esda_serial_to_pc' must be a
[22.789s]   valid target name
[22.789s] Call Stack (most recent call first):
[22.790s]   CMakeLists.txt:21 (rosidl_target_interfaces)
[22.790s] 
[22.790s] [0m
[22.790s] -- Configuring incomplete, errors occurred!
[22.790s] See also "/home/samue/GitHub/esda-ros-firmware/src/build/esda_ros_interface/CMakeFiles/CMakeOutput.log".
[22.809s] Invoked command in '/home/samue/GitHub/esda-ros-firmware/src/build/esda_ros_interface' returned '1': CMAKE_PREFIX_PATH=/opt/ros/humble /usr/bin/cmake /home/samue/GitHub/esda-ros-firmware/src/esda_ros_interface -DCMAKE_INSTALL_PREFIX=/home/samue/GitHub/esda-ros-firmware/src/install/esda_ros_interface
